mode: set
github.com/corentings/chess/v3/uci/adapter.go:28.68,30.16 2 0
github.com/corentings/chess/v3/uci/adapter.go:30.16,32.3 1 0
github.com/corentings/chess/v3/uci/adapter.go:33.2,38.36 6 0
github.com/corentings/chess/v3/uci/adapter.go:38.36,40.3 1 0
github.com/corentings/chess/v3/uci/adapter.go:41.2,47.8 2 0
github.com/corentings/chess/v3/uci/adapter.go:52.65,53.64 1 0
github.com/corentings/chess/v3/uci/adapter.go:53.64,55.3 1 0
github.com/corentings/chess/v3/uci/adapter.go:56.2,56.20 1 0
github.com/corentings/chess/v3/uci/adapter.go:56.20,58.3 1 0
github.com/corentings/chess/v3/uci/adapter.go:59.2,60.23 2 0
github.com/corentings/chess/v3/uci/adapter.go:60.23,63.23 3 0
github.com/corentings/chess/v3/uci/adapter.go:63.23,64.9 1 0
github.com/corentings/chess/v3/uci/adapter.go:67.2,67.40 1 0
github.com/corentings/chess/v3/uci/adapter.go:67.40,69.3 1 0
github.com/corentings/chess/v3/uci/adapter.go:70.2,70.19 1 0
github.com/corentings/chess/v3/uci/adapter.go:74.43,75.41 1 0
github.com/corentings/chess/v3/uci/adapter.go:75.41,77.3 1 0
github.com/corentings/chess/v3/uci/adapter.go:78.2,78.41 1 0
github.com/corentings/chess/v3/uci/adapter.go:78.41,80.3 1 0
github.com/corentings/chess/v3/uci/adapter.go:81.2,81.29 1 0
github.com/corentings/chess/v3/uci/adapter.go:85.39,87.2 1 0
github.com/corentings/chess/v3/uci/cmd.go:29.31,29.47 1 1
github.com/corentings/chess/v3/uci/cmd.go:31.40,31.66 1 1
github.com/corentings/chess/v3/uci/cmd.go:33.35,33.50 1 1
github.com/corentings/chess/v3/uci/cmd.go:35.55,38.29 3 1
github.com/corentings/chess/v3/uci/cmd.go:38.29,40.17 2 1
github.com/corentings/chess/v3/uci/cmd.go:40.17,42.12 2 1
github.com/corentings/chess/v3/uci/cmd.go:44.3,45.54 2 1
github.com/corentings/chess/v3/uci/cmd.go:45.54,47.4 1 1
github.com/corentings/chess/v3/uci/cmd.go:49.2,49.12 1 1
github.com/corentings/chess/v3/uci/cmd.go:56.35,56.55 1 1
github.com/corentings/chess/v3/uci/cmd.go:58.44,58.72 1 1
github.com/corentings/chess/v3/uci/cmd.go:60.39,60.54 1 1
github.com/corentings/chess/v3/uci/cmd.go:62.55,62.69 1 1
github.com/corentings/chess/v3/uci/cmd.go:68.38,68.61 1 1
github.com/corentings/chess/v3/uci/cmd.go:70.44,70.59 1 0
github.com/corentings/chess/v3/uci/cmd.go:72.42,72.57 1 1
github.com/corentings/chess/v3/uci/cmd.go:74.58,74.72 1 1
github.com/corentings/chess/v3/uci/cmd.go:80.37,80.59 1 1
github.com/corentings/chess/v3/uci/cmd.go:82.43,82.58 1 0
github.com/corentings/chess/v3/uci/cmd.go:84.41,84.57 1 1
github.com/corentings/chess/v3/uci/cmd.go:86.57,86.71 1 1
github.com/corentings/chess/v3/uci/cmd.go:92.32,92.49 1 1
github.com/corentings/chess/v3/uci/cmd.go:94.38,94.53 1 0
github.com/corentings/chess/v3/uci/cmd.go:96.36,96.52 1 1
github.com/corentings/chess/v3/uci/cmd.go:98.52,98.66 1 1
github.com/corentings/chess/v3/uci/cmd.go:103.32,103.49 1 1
github.com/corentings/chess/v3/uci/cmd.go:105.38,105.53 1 0
github.com/corentings/chess/v3/uci/cmd.go:107.36,107.51 1 1
github.com/corentings/chess/v3/uci/cmd.go:109.52,109.66 1 1
github.com/corentings/chess/v3/uci/cmd.go:115.32,115.49 1 1
github.com/corentings/chess/v3/uci/cmd.go:117.41,122.2 2 1
github.com/corentings/chess/v3/uci/cmd.go:124.36,124.51 1 1
github.com/corentings/chess/v3/uci/cmd.go:126.56,127.29 1 1
github.com/corentings/chess/v3/uci/cmd.go:127.29,129.85 2 1
github.com/corentings/chess/v3/uci/cmd.go:129.85,131.4 1 0
github.com/corentings/chess/v3/uci/cmd.go:132.3,132.50 1 1
github.com/corentings/chess/v3/uci/cmd.go:132.50,134.23 2 1
github.com/corentings/chess/v3/uci/cmd.go:134.23,137.19 3 1
github.com/corentings/chess/v3/uci/cmd.go:137.19,139.6 1 1
github.com/corentings/chess/v3/uci/cmd.go:140.5,140.10 1 1
github.com/corentings/chess/v3/uci/cmd.go:144.2,144.12 1 1
github.com/corentings/chess/v3/uci/cmd.go:153.41,155.2 1 1
github.com/corentings/chess/v3/uci/cmd.go:157.43,157.58 1 1
github.com/corentings/chess/v3/uci/cmd.go:159.41,159.57 1 1
github.com/corentings/chess/v3/uci/cmd.go:161.57,161.71 1 1
github.com/corentings/chess/v3/uci/cmd.go:170.40,171.25 1 1
github.com/corentings/chess/v3/uci/cmd.go:171.25,173.3 1 0
github.com/corentings/chess/v3/uci/cmd.go:174.2,174.25 1 1
github.com/corentings/chess/v3/uci/cmd.go:174.25,176.3 1 1
github.com/corentings/chess/v3/uci/cmd.go:177.2,178.30 2 0
github.com/corentings/chess/v3/uci/cmd.go:178.30,181.3 2 0
github.com/corentings/chess/v3/uci/cmd.go:182.2,182.91 1 0
github.com/corentings/chess/v3/uci/cmd.go:185.42,185.57 1 1
github.com/corentings/chess/v3/uci/cmd.go:187.40,187.55 1 1
github.com/corentings/chess/v3/uci/cmd.go:189.56,189.70 1 1
github.com/corentings/chess/v3/uci/cmd.go:208.34,210.16 2 1
github.com/corentings/chess/v3/uci/cmd.go:210.16,212.3 1 0
github.com/corentings/chess/v3/uci/cmd.go:213.2,213.23 1 1
github.com/corentings/chess/v3/uci/cmd.go:213.23,215.3 1 0
github.com/corentings/chess/v3/uci/cmd.go:216.2,216.23 1 1
github.com/corentings/chess/v3/uci/cmd.go:216.23,218.3 1 0
github.com/corentings/chess/v3/uci/cmd.go:219.2,219.28 1 1
github.com/corentings/chess/v3/uci/cmd.go:219.28,221.3 1 0
github.com/corentings/chess/v3/uci/cmd.go:222.2,222.28 1 1
github.com/corentings/chess/v3/uci/cmd.go:222.28,224.3 1 0
github.com/corentings/chess/v3/uci/cmd.go:225.2,225.23 1 1
github.com/corentings/chess/v3/uci/cmd.go:225.23,227.3 1 0
github.com/corentings/chess/v3/uci/cmd.go:228.2,228.19 1 1
github.com/corentings/chess/v3/uci/cmd.go:228.19,230.3 1 0
github.com/corentings/chess/v3/uci/cmd.go:231.2,231.19 1 1
github.com/corentings/chess/v3/uci/cmd.go:231.19,233.3 1 0
github.com/corentings/chess/v3/uci/cmd.go:234.2,234.18 1 1
github.com/corentings/chess/v3/uci/cmd.go:234.18,236.3 1 0
github.com/corentings/chess/v3/uci/cmd.go:237.2,237.22 1 1
github.com/corentings/chess/v3/uci/cmd.go:237.22,239.3 1 1
github.com/corentings/chess/v3/uci/cmd.go:240.2,240.18 1 1
github.com/corentings/chess/v3/uci/cmd.go:240.18,242.3 1 0
github.com/corentings/chess/v3/uci/cmd.go:243.2,243.30 1 1
github.com/corentings/chess/v3/uci/cmd.go:243.30,245.37 2 0
github.com/corentings/chess/v3/uci/cmd.go:245.37,248.4 2 0
github.com/corentings/chess/v3/uci/cmd.go:250.2,250.29 1 1
github.com/corentings/chess/v3/uci/cmd.go:253.39,255.2 1 1
github.com/corentings/chess/v3/uci/cmd.go:257.34,257.49 1 1
github.com/corentings/chess/v3/uci/cmd.go:259.54,263.29 3 1
github.com/corentings/chess/v3/uci/cmd.go:263.29,264.42 1 1
github.com/corentings/chess/v3/uci/cmd.go:264.42,266.23 2 1
github.com/corentings/chess/v3/uci/cmd.go:266.23,268.5 1 0
github.com/corentings/chess/v3/uci/cmd.go:269.4,270.25 2 1
github.com/corentings/chess/v3/uci/cmd.go:270.25,272.5 1 1
github.com/corentings/chess/v3/uci/cmd.go:273.4,274.18 2 1
github.com/corentings/chess/v3/uci/cmd.go:274.18,276.5 1 0
github.com/corentings/chess/v3/uci/cmd.go:277.4,278.30 2 1
github.com/corentings/chess/v3/uci/cmd.go:278.30,280.25 2 0
github.com/corentings/chess/v3/uci/cmd.go:280.25,282.6 1 0
github.com/corentings/chess/v3/uci/cmd.go:283.5,283.32 1 0
github.com/corentings/chess/v3/uci/cmd.go:285.4,285.12 1 1
github.com/corentings/chess/v3/uci/cmd.go:288.3,290.17 3 1
github.com/corentings/chess/v3/uci/cmd.go:290.17,291.12 1 0
github.com/corentings/chess/v3/uci/cmd.go:294.3,294.45 1 1
github.com/corentings/chess/v3/uci/cmd.go:294.45,296.4 1 1
github.com/corentings/chess/v3/uci/cmd.go:298.3,298.45 1 1
github.com/corentings/chess/v3/uci/cmd.go:298.45,300.37 2 1
github.com/corentings/chess/v3/uci/cmd.go:300.37,301.52 1 1
github.com/corentings/chess/v3/uci/cmd.go:301.52,303.6 1 1
github.com/corentings/chess/v3/uci/cmd.go:305.4,305.47 1 1
github.com/corentings/chess/v3/uci/cmd.go:308.2,310.12 3 1
github.com/corentings/chess/v3/uci/cmd.go:313.52,315.33 2 1
github.com/corentings/chess/v3/uci/cmd.go:315.33,317.3 1 1
github.com/corentings/chess/v3/uci/cmd.go:318.2,320.27 2 1
github.com/corentings/chess/v3/uci/cmd.go:320.27,322.3 1 0
github.com/corentings/chess/v3/uci/cmd.go:323.2,323.52 1 1
github.com/corentings/chess/v3/uci/cmd.go:326.40,328.2 1 1
github.com/corentings/chess/v3/uci/engine.go:26.23,28.2 1 0
github.com/corentings/chess/v3/uci/engine.go:32.49,33.25 1 0
github.com/corentings/chess/v3/uci/engine.go:33.25,35.3 1 0
github.com/corentings/chess/v3/uci/engine.go:41.65,43.16 2 0
github.com/corentings/chess/v3/uci/engine.go:43.16,45.3 1 0
github.com/corentings/chess/v3/uci/engine.go:46.2,46.46 1 0
github.com/corentings/chess/v3/uci/engine.go:52.71,60.27 2 1
github.com/corentings/chess/v3/uci/engine.go:60.27,62.3 1 0
github.com/corentings/chess/v3/uci/engine.go:63.2,63.10 1 1
github.com/corentings/chess/v3/uci/engine.go:68.41,73.25 4 1
github.com/corentings/chess/v3/uci/engine.go:73.25,75.3 1 1
github.com/corentings/chess/v3/uci/engine.go:76.2,76.11 1 1
github.com/corentings/chess/v3/uci/engine.go:81.46,86.30 4 1
github.com/corentings/chess/v3/uci/engine.go:86.30,88.3 1 1
github.com/corentings/chess/v3/uci/engine.go:89.2,89.11 1 1
github.com/corentings/chess/v3/uci/engine.go:93.48,97.2 3 1
github.com/corentings/chess/v3/uci/engine.go:101.29,105.2 3 1
github.com/corentings/chess/v3/uci/engine.go:110.41,111.27 1 1
github.com/corentings/chess/v3/uci/engine.go:111.27,112.26 1 1
github.com/corentings/chess/v3/uci/engine.go:112.26,113.48 1 1
github.com/corentings/chess/v3/uci/engine.go:113.48,115.5 1 0
github.com/corentings/chess/v3/uci/engine.go:116.9,117.54 1 1
github.com/corentings/chess/v3/uci/engine.go:117.54,119.5 1 0
github.com/corentings/chess/v3/uci/engine.go:122.2,122.12 1 1
github.com/corentings/chess/v3/uci/engine.go:126.32,129.20 3 1
github.com/corentings/chess/v3/uci/engine.go:129.20,131.3 1 0
github.com/corentings/chess/v3/uci/engine.go:132.2,132.17 1 1
github.com/corentings/chess/v3/uci/engine.go:135.54,139.2 3 1
github.com/corentings/chess/v3/uci/engine.go:141.48,142.13 1 1
github.com/corentings/chess/v3/uci/engine.go:142.13,144.3 1 0
github.com/corentings/chess/v3/uci/engine.go:145.2,146.16 2 1
github.com/corentings/chess/v3/uci/engine.go:146.16,148.3 1 0
github.com/corentings/chess/v3/uci/engine.go:149.2,149.13 1 1
github.com/corentings/chess/v3/uci/engine.go:149.13,150.30 1 0
github.com/corentings/chess/v3/uci/engine.go:150.30,152.4 1 0
github.com/corentings/chess/v3/uci/engine.go:154.2,154.41 1 1
github.com/corentings/chess/v3/uci/engine.go:154.41,156.3 1 1
github.com/corentings/chess/v3/uci/engine.go:157.2,157.29 1 1
github.com/corentings/chess/v3/uci/fake.go:13.59,16.9 3 1
github.com/corentings/chess/v3/uci/fake.go:16.9,18.3 1 1
github.com/corentings/chess/v3/uci/fake.go:19.2,19.20 1 1
github.com/corentings/chess/v3/uci/fake.go:19.20,21.3 1 1
github.com/corentings/chess/v3/uci/fake.go:22.2,23.33 2 1
github.com/corentings/chess/v3/uci/fake.go:23.33,25.23 2 1
github.com/corentings/chess/v3/uci/fake.go:25.23,26.9 1 1
github.com/corentings/chess/v3/uci/fake.go:29.2,29.19 1 1
github.com/corentings/chess/v3/uci/fake.go:33.37,35.2 1 1
github.com/corentings/chess/v3/uci/info.go:138.46,140.16 2 0
github.com/corentings/chess/v3/uci/info.go:140.16,142.3 1 0
github.com/corentings/chess/v3/uci/info.go:143.2,143.49 1 0
github.com/corentings/chess/v3/uci/info.go:150.47,152.16 2 0
github.com/corentings/chess/v3/uci/info.go:152.16,154.3 1 0
github.com/corentings/chess/v3/uci/info.go:155.2,155.50 1 0
github.com/corentings/chess/v3/uci/info.go:162.47,164.16 2 0
github.com/corentings/chess/v3/uci/info.go:164.16,166.3 1 0
github.com/corentings/chess/v3/uci/info.go:167.2,167.50 1 0
github.com/corentings/chess/v3/uci/info.go:176.52,178.21 2 1
github.com/corentings/chess/v3/uci/info.go:178.21,180.3 1 0
github.com/corentings/chess/v3/uci/info.go:181.2,181.24 1 1
github.com/corentings/chess/v3/uci/info.go:181.24,183.3 1 0
github.com/corentings/chess/v3/uci/info.go:184.2,185.34 2 1
github.com/corentings/chess/v3/uci/info.go:185.34,187.12 2 1
github.com/corentings/chess/v3/uci/info.go:188.16,189.12 1 1
github.com/corentings/chess/v3/uci/info.go:190.21,192.12 2 0
github.com/corentings/chess/v3/uci/info.go:193.21,195.12 2 0
github.com/corentings/chess/v3/uci/info.go:197.3,197.16 1 1
github.com/corentings/chess/v3/uci/info.go:197.16,199.12 2 1
github.com/corentings/chess/v3/uci/info.go:201.3,201.14 1 1
github.com/corentings/chess/v3/uci/info.go:202.16,204.18 2 1
github.com/corentings/chess/v3/uci/info.go:204.18,206.5 1 0
github.com/corentings/chess/v3/uci/info.go:207.4,207.18 1 1
github.com/corentings/chess/v3/uci/info.go:208.19,210.18 2 1
github.com/corentings/chess/v3/uci/info.go:210.18,212.5 1 0
github.com/corentings/chess/v3/uci/info.go:213.4,213.21 1 1
github.com/corentings/chess/v3/uci/info.go:214.18,216.18 2 1
github.com/corentings/chess/v3/uci/info.go:216.18,218.5 1 0
github.com/corentings/chess/v3/uci/info.go:219.4,219.20 1 1
github.com/corentings/chess/v3/uci/info.go:220.13,222.18 2 1
github.com/corentings/chess/v3/uci/info.go:222.18,224.5 1 0
github.com/corentings/chess/v3/uci/info.go:225.4,225.21 1 1
github.com/corentings/chess/v3/uci/info.go:226.14,229.18 3 1
github.com/corentings/chess/v3/uci/info.go:229.18,231.5 1 0
github.com/corentings/chess/v3/uci/info.go:232.4,233.18 2 1
github.com/corentings/chess/v3/uci/info.go:233.18,235.5 1 0
github.com/corentings/chess/v3/uci/info.go:236.4,237.18 2 1
github.com/corentings/chess/v3/uci/info.go:237.18,239.5 1 0
github.com/corentings/chess/v3/uci/info.go:240.4,240.10 1 1
github.com/corentings/chess/v3/uci/info.go:241.16,243.18 2 1
github.com/corentings/chess/v3/uci/info.go:243.18,245.5 1 0
github.com/corentings/chess/v3/uci/info.go:246.4,246.18 1 1
github.com/corentings/chess/v3/uci/info.go:247.15,249.18 2 0
github.com/corentings/chess/v3/uci/info.go:249.18,251.5 1 0
github.com/corentings/chess/v3/uci/info.go:252.4,252.23 1 0
github.com/corentings/chess/v3/uci/info.go:253.25,255.18 2 0
github.com/corentings/chess/v3/uci/info.go:255.18,257.5 1 0
github.com/corentings/chess/v3/uci/info.go:258.4,258.30 1 0
github.com/corentings/chess/v3/uci/info.go:259.19,261.18 2 0
github.com/corentings/chess/v3/uci/info.go:261.18,263.5 1 0
github.com/corentings/chess/v3/uci/info.go:264.4,264.24 1 0
github.com/corentings/chess/v3/uci/info.go:265.19,267.18 2 1
github.com/corentings/chess/v3/uci/info.go:267.18,269.5 1 0
github.com/corentings/chess/v3/uci/info.go:270.4,270.21 1 1
github.com/corentings/chess/v3/uci/info.go:271.17,273.18 2 1
github.com/corentings/chess/v3/uci/info.go:273.18,275.5 1 0
github.com/corentings/chess/v3/uci/info.go:276.4,276.19 1 1
github.com/corentings/chess/v3/uci/info.go:277.15,279.18 2 1
github.com/corentings/chess/v3/uci/info.go:279.18,281.5 1 0
github.com/corentings/chess/v3/uci/info.go:282.4,282.51 1 1
github.com/corentings/chess/v3/uci/info.go:283.14,285.18 2 1
github.com/corentings/chess/v3/uci/info.go:285.18,287.5 1 0
github.com/corentings/chess/v3/uci/info.go:288.4,288.16 1 1
github.com/corentings/chess/v3/uci/info.go:289.18,291.18 2 0
github.com/corentings/chess/v3/uci/info.go:291.18,293.5 1 0
github.com/corentings/chess/v3/uci/info.go:294.4,294.20 1 0
github.com/corentings/chess/v3/uci/info.go:295.13,297.18 2 1
github.com/corentings/chess/v3/uci/info.go:297.18,299.5 1 0
github.com/corentings/chess/v3/uci/info.go:300.4,300.32 1 1
github.com/corentings/chess/v3/uci/info.go:302.3,302.18 1 1
github.com/corentings/chess/v3/uci/info.go:302.18,304.4 1 1
github.com/corentings/chess/v3/uci/info.go:306.2,306.12 1 1
github.com/corentings/chess/v3/uci/option.go:120.51,123.21 3 1
github.com/corentings/chess/v3/uci/option.go:123.21,125.3 1 0
github.com/corentings/chess/v3/uci/option.go:126.2,126.26 1 1
github.com/corentings/chess/v3/uci/option.go:126.26,128.3 1 1
github.com/corentings/chess/v3/uci/option.go:129.2,130.34 2 1
github.com/corentings/chess/v3/uci/option.go:130.34,132.16 2 1
github.com/corentings/chess/v3/uci/option.go:132.16,134.12 2 1
github.com/corentings/chess/v3/uci/option.go:136.3,136.14 1 1
github.com/corentings/chess/v3/uci/option.go:137.15,138.14 1 1
github.com/corentings/chess/v3/uci/option.go:139.15,141.18 2 1
github.com/corentings/chess/v3/uci/option.go:141.18,143.5 1 0
github.com/corentings/chess/v3/uci/option.go:144.4,144.15 1 1
github.com/corentings/chess/v3/uci/option.go:145.18,146.17 1 1
github.com/corentings/chess/v3/uci/option.go:147.14,148.13 1 1
github.com/corentings/chess/v3/uci/option.go:149.14,150.13 1 1
github.com/corentings/chess/v3/uci/option.go:151.14,152.30 1 0
github.com/corentings/chess/v3/uci/option.go:154.3,154.11 1 1
github.com/corentings/chess/v3/uci/option.go:156.2,156.44 1 1
github.com/corentings/chess/v3/uci/option.go:156.44,158.3 1 0
github.com/corentings/chess/v3/uci/option.go:159.2,159.12 1 1
github.com/corentings/chess/v3/uci/option.go:194.57,195.100 1 1
github.com/corentings/chess/v3/uci/option.go:195.100,196.22 1 1
github.com/corentings/chess/v3/uci/option.go:196.22,198.4 1 1
github.com/corentings/chess/v3/uci/option.go:200.2,200.66 1 0
github.com/corentings/chess/v3/image/image.go:57.68,58.14 1 1
github.com/corentings/chess/v3/image/image.go:58.14,60.3 1 1
github.com/corentings/chess/v3/image/image.go:61.2,61.38 1 1
github.com/corentings/chess/v3/image/image.go:61.38,63.3 1 1
github.com/corentings/chess/v3/image/image.go:65.2,68.14 4 1
github.com/corentings/chess/v3/image/image.go:77.51,85.29 7 1
github.com/corentings/chess/v3/image/image.go:85.29,86.30 1 1
github.com/corentings/chess/v3/image/image.go:86.30,93.31 7 1
github.com/corentings/chess/v3/image/image.go:93.31,95.5 1 1
github.com/corentings/chess/v3/image/image.go:98.2,98.21 1 1
github.com/corentings/chess/v3/image/image.go:101.63,104.22 3 1
github.com/corentings/chess/v3/image/image.go:104.22,107.3 2 1
github.com/corentings/chess/v3/image/image.go:108.2,109.90 1 1
github.com/corentings/chess/v3/image/image.go:112.61,114.9 2 1
github.com/corentings/chess/v3/image/image.go:114.9,116.3 1 1
github.com/corentings/chess/v3/image/image.go:117.2,118.95 1 1
github.com/corentings/chess/v3/image/image.go:121.77,122.24 1 1
github.com/corentings/chess/v3/image/image.go:122.24,124.3 1 1
github.com/corentings/chess/v3/image/image.go:125.2,126.9 2 1
github.com/corentings/chess/v3/image/image.go:126.9,128.3 1 0
github.com/corentings/chess/v3/image/image.go:129.2,132.37 3 1
github.com/corentings/chess/v3/image/image.go:132.37,134.3 1 1
github.com/corentings/chess/v3/image/image.go:135.2,135.19 1 1
github.com/corentings/chess/v3/image/image.go:138.100,140.22 2 1
github.com/corentings/chess/v3/image/image.go:140.22,142.3 1 1
github.com/corentings/chess/v3/image/image.go:143.2,144.18 2 1
github.com/corentings/chess/v3/image/image.go:144.18,146.3 1 0
github.com/corentings/chess/v3/image/image.go:147.2,147.20 1 1
github.com/corentings/chess/v3/image/image.go:147.20,150.3 1 1
github.com/corentings/chess/v3/image/image.go:151.2,151.27 1 1
github.com/corentings/chess/v3/image/image.go:151.27,154.3 1 1
github.com/corentings/chess/v3/image/image.go:157.39,158.18 1 1
github.com/corentings/chess/v3/image/image.go:158.18,160.3 1 1
github.com/corentings/chess/v3/image/image.go:161.2,161.35 1 1
github.com/corentings/chess/v3/image/image.go:164.58,165.18 1 1
github.com/corentings/chess/v3/image/image.go:165.18,167.3 1 1
github.com/corentings/chess/v3/image/image.go:168.2,168.46 1 1
github.com/corentings/chess/v3/image/image.go:171.55,179.17 2 1
github.com/corentings/chess/v3/image/image.go:179.17,181.3 1 1
github.com/corentings/chess/v3/image/image.go:182.2,182.29 1 1
github.com/corentings/chess/v3/image/image.go:182.29,184.3 1 1
github.com/corentings/chess/v3/image/image.go:185.2,185.28 1 1
github.com/corentings/chess/v3/image/image.go:185.28,187.3 1 1
github.com/corentings/chess/v3/image/image.go:188.2,188.37 1 1
github.com/corentings/chess/v3/image/image.go:188.37,190.3 1 1
github.com/corentings/chess/v3/image/image.go:191.2,191.25 1 1
github.com/corentings/chess/v3/image/image.go:191.25,193.3 1 1
github.com/corentings/chess/v3/image/image.go:194.2,195.32 2 1
github.com/corentings/chess/v3/image/image.go:195.32,196.36 1 1
github.com/corentings/chess/v3/image/image.go:196.36,198.4 1 1
github.com/corentings/chess/v3/image/image.go:200.2,200.10 1 1
github.com/corentings/chess/v3/image/image.go:203.77,204.32 1 1
github.com/corentings/chess/v3/image/image.go:204.32,206.3 1 1
github.com/corentings/chess/v3/image/image.go:207.2,207.35 1 1
github.com/corentings/chess/v3/image/image.go:210.42,212.2 1 1
github.com/corentings/chess/v3/image/image.go:214.41,216.2 1 1
github.com/corentings/chess/v3/image/image.go:218.39,221.2 2 1
github.com/corentings/chess/v3/image/image.go:223.40,239.31 3 1
github.com/corentings/chess/v3/image/image.go:239.31,241.17 2 1
github.com/corentings/chess/v3/image/image.go:241.17,242.77 1 0
github.com/corentings/chess/v3/image/image.go:244.3,244.40 1 1
github.com/corentings/chess/v3/image/image.go:246.2,246.18 1 1
github.com/corentings/chess/v3/image/image.go:249.40,251.37 2 1
github.com/corentings/chess/v3/image/image.go:251.37,252.65 1 0
github.com/corentings/chess/v3/image/image.go:254.2,256.46 3 1
github.com/corentings/chess/v3/image/image.go:256.46,257.65 1 0
github.com/corentings/chess/v3/image/image.go:259.2,259.46 1 1
github.com/corentings/chess/v3/image/image.go:262.42,264.2 1 1
github.com/corentings/chess/v3/image/image.go:266.44,267.22 1 1
github.com/corentings/chess/v3/image/image.go:267.22,269.3 1 1
github.com/corentings/chess/v3/image/image.go:270.2,270.16 1 1
github.com/corentings/chess/v3/image/image.go:273.47,274.11 1 1
github.com/corentings/chess/v3/image/image.go:275.18,276.16 1 1
github.com/corentings/chess/v3/image/image.go:277.19,278.17 1 1
github.com/corentings/chess/v3/image/image.go:279.18,280.16 1 1
github.com/corentings/chess/v3/image/image.go:281.20,282.18 1 1
github.com/corentings/chess/v3/image/image.go:283.20,284.18 1 1
github.com/corentings/chess/v3/image/image.go:285.18,286.16 1 1
github.com/corentings/chess/v3/image/image.go:288.2,288.16 1 0
github.com/corentings/chess/v3/image/image.go:291.41,293.2 1 1
github.com/corentings/chess/v3/opening/eco.go:23.38,24.28 1 1
github.com/corentings/chess/v3/opening/eco.go:24.28,26.3 1 1
github.com/corentings/chess/v3/opening/eco.go:27.2,27.36 1 1
github.com/corentings/chess/v3/opening/eco.go:42.45,54.16 6 1
github.com/corentings/chess/v3/opening/eco.go:54.16,56.3 1 0
github.com/corentings/chess/v3/opening/eco.go:57.2,57.30 1 1
github.com/corentings/chess/v3/opening/eco.go:57.30,59.13 2 1
github.com/corentings/chess/v3/opening/eco.go:59.13,60.12 1 1
github.com/corentings/chess/v3/opening/eco.go:62.3,62.19 1 1
github.com/corentings/chess/v3/opening/eco.go:62.19,64.4 1 1
github.com/corentings/chess/v3/opening/eco.go:65.3,67.44 3 1
github.com/corentings/chess/v3/opening/eco.go:67.44,69.4 1 1
github.com/corentings/chess/v3/opening/eco.go:71.2,71.15 1 1
github.com/corentings/chess/v3/opening/eco.go:76.53,77.63 1 1
github.com/corentings/chess/v3/opening/eco.go:77.63,78.23 1 1
github.com/corentings/chess/v3/opening/eco.go:78.23,80.4 1 1
github.com/corentings/chess/v3/opening/eco.go:82.2,82.12 1 0
github.com/corentings/chess/v3/opening/eco.go:87.59,90.34 3 1
github.com/corentings/chess/v3/opening/eco.go:90.34,91.23 1 1
github.com/corentings/chess/v3/opening/eco.go:91.23,93.4 1 1
github.com/corentings/chess/v3/opening/eco.go:95.2,95.17 1 1
github.com/corentings/chess/v3/opening/eco.go:98.65,99.21 1 1
github.com/corentings/chess/v3/opening/eco.go:99.21,101.3 1 1
github.com/corentings/chess/v3/opening/eco.go:102.2,103.9 2 1
github.com/corentings/chess/v3/opening/eco.go:103.9,105.3 1 0
github.com/corentings/chess/v3/opening/eco.go:106.2,106.35 1 1
github.com/corentings/chess/v3/opening/eco.go:109.51,110.26 1 1
github.com/corentings/chess/v3/opening/eco.go:110.26,112.3 1 0
github.com/corentings/chess/v3/opening/eco.go:114.2,115.37 2 1
github.com/corentings/chess/v3/opening/eco.go:115.37,117.17 2 1
github.com/corentings/chess/v3/opening/eco.go:117.17,119.4 1 0
github.com/corentings/chess/v3/opening/eco.go:120.3,120.39 1 1
github.com/corentings/chess/v3/opening/eco.go:120.39,122.12 2 1
github.com/corentings/chess/v3/opening/eco.go:125.3,126.17 2 1
github.com/corentings/chess/v3/opening/eco.go:126.17,128.4 1 0
github.com/corentings/chess/v3/opening/eco.go:129.3,129.29 1 1
github.com/corentings/chess/v3/opening/eco.go:129.29,131.4 1 1
github.com/corentings/chess/v3/opening/eco.go:133.3,139.12 3 1
github.com/corentings/chess/v3/opening/eco.go:141.2,142.12 2 1
github.com/corentings/chess/v3/opening/eco.go:145.61,146.51 1 1
github.com/corentings/chess/v3/opening/eco.go:146.51,147.102 1 1
github.com/corentings/chess/v3/opening/eco.go:147.102,149.4 1 1
github.com/corentings/chess/v3/opening/eco.go:151.2,151.14 1 1
github.com/corentings/chess/v3/opening/eco.go:154.38,156.2 1 1
github.com/corentings/chess/v3/opening/eco.go:158.49,159.36 1 1
github.com/corentings/chess/v3/opening/eco.go:159.36,161.3 1 0
github.com/corentings/chess/v3/opening/eco.go:162.2,162.70 1 1
github.com/corentings/chess/v3/opening/eco.go:162.70,164.3 1 0
github.com/corentings/chess/v3/opening/eco.go:165.2,165.70 1 1
github.com/corentings/chess/v3/opening/eco.go:165.70,167.3 1 0
github.com/corentings/chess/v3/opening/eco.go:169.2,172.20 4 1
github.com/corentings/chess/v3/opening/eco.go:172.20,173.18 1 0
github.com/corentings/chess/v3/opening/eco.go:174.12,175.31 1 0
github.com/corentings/chess/v3/opening/eco.go:176.12,177.30 1 0
github.com/corentings/chess/v3/opening/eco.go:178.12,179.32 1 0
github.com/corentings/chess/v3/opening/eco.go:180.12,181.32 1 0
github.com/corentings/chess/v3/opening/eco.go:182.11,183.73 1 0
github.com/corentings/chess/v3/opening/eco.go:186.2,186.36 1 1
github.com/corentings/chess/v3/opening/eco.go:196.48,200.2 3 1
github.com/corentings/chess/v3/opening/eco.go:202.58,204.31 2 1
github.com/corentings/chess/v3/opening/eco.go:204.31,206.3 1 1
github.com/corentings/chess/v3/opening/eco.go:210.41,213.25 3 1
github.com/corentings/chess/v3/opening/eco.go:213.25,215.14 2 1
github.com/corentings/chess/v3/opening/eco.go:215.14,217.4 1 1
github.com/corentings/chess/v3/opening/eco.go:217.9,219.4 1 1
github.com/corentings/chess/v3/opening/eco.go:221.2,221.11 1 1
github.com/corentings/chess/v3/opening/opening.go:17.70,25.2 1 1
github.com/corentings/chess/v3/opening/opening.go:27.47,29.35 2 1
github.com/corentings/chess/v3/opening/opening.go:29.35,31.17 2 1
github.com/corentings/chess/v3/opening/opening.go:31.17,33.4 1 0
github.com/corentings/chess/v3/opening/opening.go:34.3,34.43 1 1
github.com/corentings/chess/v3/opening/opening.go:34.43,36.4 1 1
github.com/corentings/chess/v3/opening/opening.go:38.2,38.13 1 1
github.com/corentings/chess/v3/opening/opening.go:42.33,44.2 1 0
github.com/corentings/chess/v3/opening/opening.go:47.34,49.2 1 1
github.com/corentings/chess/v3/opening/opening.go:52.32,54.2 1 0
github.com/corentings/chess/v3/opening/opening.go:61.38,62.19 1 1
github.com/corentings/chess/v3/opening/opening.go:62.19,64.3 1 0
github.com/corentings/chess/v3/opening/opening.go:65.2,65.23 1 1
github.com/corentings/chess/v3/bitboard.go:62.46,64.38 2 1
github.com/corentings/chess/v3/bitboard.go:64.38,66.20 2 1
github.com/corentings/chess/v3/bitboard.go:66.20,68.4 1 1
github.com/corentings/chess/v3/bitboard.go:70.2,70.21 1 1
github.com/corentings/chess/v3/bitboard.go:78.45,80.38 2 1
github.com/corentings/chess/v3/bitboard.go:80.38,81.36 1 1
github.com/corentings/chess/v3/bitboard.go:81.36,83.4 1 1
github.com/corentings/chess/v3/bitboard.go:85.2,85.10 1 1
github.com/corentings/chess/v3/bitboard.go:89.35,92.2 2 0
github.com/corentings/chess/v3/bitboard.go:95.33,97.26 2 0
github.com/corentings/chess/v3/bitboard.go:97.26,99.36 2 0
github.com/corentings/chess/v3/bitboard.go:99.36,101.22 2 0
github.com/corentings/chess/v3/bitboard.go:101.22,103.5 1 0
github.com/corentings/chess/v3/bitboard.go:103.10,105.5 1 0
github.com/corentings/chess/v3/bitboard.go:106.4,106.12 1 0
github.com/corentings/chess/v3/bitboard.go:108.3,108.12 1 0
github.com/corentings/chess/v3/bitboard.go:110.2,110.10 1 0
github.com/corentings/chess/v3/bitboard.go:121.38,123.2 1 1
github.com/corentings/chess/v3/bitboard.go:134.44,136.2 1 1
github.com/corentings/chess/v3/board.go:72.44,73.16 1 1
github.com/corentings/chess/v3/board.go:73.16,75.3 1 1
github.com/corentings/chess/v3/board.go:76.2,76.22 1 1
github.com/corentings/chess/v3/board.go:89.51,91.38 2 1
github.com/corentings/chess/v3/board.go:91.38,93.3 1 1
github.com/corentings/chess/v3/board.go:94.2,94.31 1 1
github.com/corentings/chess/v3/board.go:94.31,96.39 2 1
github.com/corentings/chess/v3/board.go:96.39,98.55 2 1
github.com/corentings/chess/v3/board.go:98.55,101.5 2 1
github.com/corentings/chess/v3/board.go:103.3,103.59 1 1
github.com/corentings/chess/v3/board.go:103.59,105.4 1 0
github.com/corentings/chess/v3/board.go:107.2,108.15 2 1
github.com/corentings/chess/v3/board.go:113.46,115.38 2 1
github.com/corentings/chess/v3/board.go:115.38,117.19 2 1
github.com/corentings/chess/v3/board.go:117.19,119.4 1 1
github.com/corentings/chess/v3/board.go:121.2,121.10 1 1
github.com/corentings/chess/v3/board.go:125.42,127.16 2 1
github.com/corentings/chess/v3/board.go:127.16,129.3 1 0
github.com/corentings/chess/v3/board.go:130.2,130.28 1 1
github.com/corentings/chess/v3/board.go:146.56,148.38 2 1
github.com/corentings/chess/v3/board.go:148.38,150.13 2 1
github.com/corentings/chess/v3/board.go:151.15,154.30 3 1
github.com/corentings/chess/v3/board.go:155.18,158.30 3 1
github.com/corentings/chess/v3/board.go:160.3,160.30 1 1
github.com/corentings/chess/v3/board.go:162.2,162.20 1 1
github.com/corentings/chess/v3/board.go:166.45,168.38 2 1
github.com/corentings/chess/v3/board.go:168.38,173.3 4 1
github.com/corentings/chess/v3/board.go:174.2,174.20 1 1
github.com/corentings/chess/v3/board.go:192.31,194.2 1 0
github.com/corentings/chess/v3/board.go:199.64,200.26 1 0
github.com/corentings/chess/v3/board.go:200.26,202.3 1 0
github.com/corentings/chess/v3/board.go:204.2,204.33 1 0
github.com/corentings/chess/v3/board.go:208.52,210.26 2 0
github.com/corentings/chess/v3/board.go:210.26,212.36 2 0
github.com/corentings/chess/v3/board.go:212.36,214.20 2 0
github.com/corentings/chess/v3/board.go:214.20,216.5 1 0
github.com/corentings/chess/v3/board.go:216.10,217.17 1 0
github.com/corentings/chess/v3/board.go:217.17,219.6 1 0
github.com/corentings/chess/v3/board.go:219.11,221.6 1 0
github.com/corentings/chess/v3/board.go:223.4,223.12 1 0
github.com/corentings/chess/v3/board.go:225.3,225.12 1 0
github.com/corentings/chess/v3/board.go:227.2,227.10 1 0
github.com/corentings/chess/v3/board.go:231.52,233.26 2 0
github.com/corentings/chess/v3/board.go:233.26,235.47 2 0
github.com/corentings/chess/v3/board.go:235.47,237.20 2 0
github.com/corentings/chess/v3/board.go:237.20,239.5 1 0
github.com/corentings/chess/v3/board.go:239.10,240.17 1 0
github.com/corentings/chess/v3/board.go:240.17,242.6 1 0
github.com/corentings/chess/v3/board.go:242.11,244.6 1 0
github.com/corentings/chess/v3/board.go:246.4,246.12 1 0
github.com/corentings/chess/v3/board.go:248.3,248.12 1 0
github.com/corentings/chess/v3/board.go:250.2,250.10 1 0
github.com/corentings/chess/v3/board.go:255.33,266.37 5 1
github.com/corentings/chess/v3/board.go:266.37,268.23 1 1
github.com/corentings/chess/v3/board.go:268.23,270.4 1 1
github.com/corentings/chess/v3/board.go:273.3,273.29 1 1
github.com/corentings/chess/v3/board.go:273.29,277.20 3 1
github.com/corentings/chess/v3/board.go:277.20,279.13 2 1
github.com/corentings/chess/v3/board.go:283.4,283.22 1 1
github.com/corentings/chess/v3/board.go:283.22,286.5 2 1
github.com/corentings/chess/v3/board.go:289.4,289.37 1 1
github.com/corentings/chess/v3/board.go:293.3,293.21 1 1
github.com/corentings/chess/v3/board.go:293.21,296.4 2 1
github.com/corentings/chess/v3/board.go:300.2,300.20 1 1
github.com/corentings/chess/v3/board.go:305.40,307.2 1 1
github.com/corentings/chess/v3/board.go:311.47,313.2 1 1
github.com/corentings/chess/v3/board.go:317.50,319.16 2 1
github.com/corentings/chess/v3/board.go:319.16,321.3 1 0
github.com/corentings/chess/v3/board.go:322.2,323.12 2 1
github.com/corentings/chess/v3/board.go:330.49,338.2 4 1
github.com/corentings/chess/v3/board.go:344.52,347.31 2 1
github.com/corentings/chess/v3/board.go:347.31,349.3 1 0
github.com/corentings/chess/v3/board.go:350.2,364.12 15 1
github.com/corentings/chess/v3/board.go:368.32,374.30 4 1
github.com/corentings/chess/v3/board.go:374.30,377.56 2 1
github.com/corentings/chess/v3/board.go:377.56,378.77 1 0
github.com/corentings/chess/v3/board.go:381.3,381.24 1 1
github.com/corentings/chess/v3/board.go:381.24,383.64 2 1
github.com/corentings/chess/v3/board.go:383.64,384.78 1 0
github.com/corentings/chess/v3/board.go:389.2,389.45 1 1
github.com/corentings/chess/v3/board.go:389.45,393.69 3 1
github.com/corentings/chess/v3/board.go:393.69,394.77 1 0
github.com/corentings/chess/v3/board.go:397.3,398.65 2 1
github.com/corentings/chess/v3/board.go:398.65,399.77 1 0
github.com/corentings/chess/v3/board.go:401.3,402.29 2 1
github.com/corentings/chess/v3/board.go:403.8,406.3 2 1
github.com/corentings/chess/v3/board.go:408.2,408.25 1 1
github.com/corentings/chess/v3/board.go:408.25,409.26 1 1
github.com/corentings/chess/v3/board.go:409.26,412.4 2 1
github.com/corentings/chess/v3/board.go:412.9,415.4 2 1
github.com/corentings/chess/v3/board.go:418.2,418.9 1 1
github.com/corentings/chess/v3/board.go:419.55,422.28 3 1
github.com/corentings/chess/v3/board.go:423.56,426.28 3 1
github.com/corentings/chess/v3/board.go:427.55,430.28 3 1
github.com/corentings/chess/v3/board.go:431.56,434.28 3 1
github.com/corentings/chess/v3/board.go:437.2,437.24 1 1
github.com/corentings/chess/v3/board.go:440.43,447.9 7 1
github.com/corentings/chess/v3/board.go:448.16,452.39 3 1
github.com/corentings/chess/v3/board.go:452.39,454.35 2 1
github.com/corentings/chess/v3/board.go:454.35,456.5 1 1
github.com/corentings/chess/v3/board.go:456.10,456.42 1 1
github.com/corentings/chess/v3/board.go:456.42,458.5 1 1
github.com/corentings/chess/v3/board.go:460.29,461.23 1 1
github.com/corentings/chess/v3/board.go:462.29,463.23 1 1
github.com/corentings/chess/v3/board.go:467.31,489.2 3 1
github.com/corentings/chess/v3/board.go:493.34,494.38 1 1
github.com/corentings/chess/v3/board.go:494.38,496.3 1 1
github.com/corentings/chess/v3/board.go:497.2,497.30 1 1
github.com/corentings/chess/v3/board.go:497.30,499.39 2 1
github.com/corentings/chess/v3/board.go:499.39,500.31 1 1
github.com/corentings/chess/v3/board.go:500.31,502.5 1 1
github.com/corentings/chess/v3/board.go:507.44,509.2 1 1
github.com/corentings/chess/v3/board.go:511.46,514.55 1 1
github.com/corentings/chess/v3/board.go:514.55,516.3 1 1
github.com/corentings/chess/v3/board.go:518.2,518.46 1 1
github.com/corentings/chess/v3/board.go:518.46,520.3 1 0
github.com/corentings/chess/v3/board.go:521.2,523.29 3 1
github.com/corentings/chess/v3/board.go:523.29,525.3 1 1
github.com/corentings/chess/v3/board.go:527.2,527.46 1 1
github.com/corentings/chess/v3/board.go:527.46,529.3 1 1
github.com/corentings/chess/v3/board.go:531.2,531.46 1 1
github.com/corentings/chess/v3/board.go:531.46,533.3 1 1
github.com/corentings/chess/v3/board.go:535.2,535.46 1 1
github.com/corentings/chess/v3/board.go:535.46,537.3 1 1
github.com/corentings/chess/v3/board.go:539.2,539.24 1 1
github.com/corentings/chess/v3/board.go:539.24,542.31 3 1
github.com/corentings/chess/v3/board.go:542.31,543.26 1 1
github.com/corentings/chess/v3/board.go:543.26,544.23 1 1
github.com/corentings/chess/v3/board.go:545.16,546.18 1 1
github.com/corentings/chess/v3/board.go:547.16,548.18 1 1
github.com/corentings/chess/v3/board.go:552.3,552.41 1 1
github.com/corentings/chess/v3/board.go:552.41,554.4 1 1
github.com/corentings/chess/v3/board.go:556.2,556.13 1 1
github.com/corentings/chess/v3/board.go:559.46,560.11 1 1
github.com/corentings/chess/v3/board.go:561.17,562.23 1 1
github.com/corentings/chess/v3/board.go:563.18,564.24 1 1
github.com/corentings/chess/v3/board.go:565.17,566.23 1 1
github.com/corentings/chess/v3/board.go:567.19,568.25 1 1
github.com/corentings/chess/v3/board.go:569.19,570.25 1 1
github.com/corentings/chess/v3/board.go:571.17,572.23 1 1
github.com/corentings/chess/v3/board.go:573.17,574.23 1 1
github.com/corentings/chess/v3/board.go:575.18,576.24 1 1
github.com/corentings/chess/v3/board.go:577.17,578.23 1 1
github.com/corentings/chess/v3/board.go:579.19,580.25 1 1
github.com/corentings/chess/v3/board.go:581.19,582.25 1 1
github.com/corentings/chess/v3/board.go:583.17,584.23 1 1
github.com/corentings/chess/v3/board.go:586.2,586.20 1 0
github.com/corentings/chess/v3/board.go:589.59,590.11 1 1
github.com/corentings/chess/v3/board.go:591.17,592.21 1 1
github.com/corentings/chess/v3/board.go:593.18,594.22 1 1
github.com/corentings/chess/v3/board.go:595.17,596.21 1 1
github.com/corentings/chess/v3/board.go:597.19,598.23 1 1
github.com/corentings/chess/v3/board.go:599.19,600.23 1 1
github.com/corentings/chess/v3/board.go:601.17,602.21 1 1
github.com/corentings/chess/v3/board.go:603.17,604.21 1 1
github.com/corentings/chess/v3/board.go:605.18,606.22 1 1
github.com/corentings/chess/v3/board.go:607.17,608.21 1 1
github.com/corentings/chess/v3/board.go:609.19,610.23 1 1
github.com/corentings/chess/v3/board.go:611.19,612.23 1 1
github.com/corentings/chess/v3/board.go:613.17,614.21 1 1
github.com/corentings/chess/v3/board.go:615.10,616.43 1 0
github.com/corentings/chess/v3/board.go:618.2,618.12 1 1
github.com/corentings/chess/v3/engine.go:38.59,43.2 2 1
github.com/corentings/chess/v3/engine.go:47.49,49.2 1 1
github.com/corentings/chess/v3/engine.go:60.44,62.27 2 1
github.com/corentings/chess/v3/engine.go:62.27,64.3 1 0
github.com/corentings/chess/v3/engine.go:64.8,66.3 1 1
github.com/corentings/chess/v3/engine.go:67.2,67.30 1 1
github.com/corentings/chess/v3/engine.go:67.30,69.3 1 1
github.com/corentings/chess/v3/engine.go:69.8,69.36 1 1
github.com/corentings/chess/v3/engine.go:69.36,71.3 1 1
github.com/corentings/chess/v3/engine.go:72.2,72.17 1 1
github.com/corentings/chess/v3/engine.go:88.26,90.3 1 1
github.com/corentings/chess/v3/engine.go:99.71,108.25 6 1
github.com/corentings/chess/v3/engine.go:108.25,110.3 1 1
github.com/corentings/chess/v3/engine.go:112.2,112.30 1 1
github.com/corentings/chess/v3/engine.go:112.30,113.30 1 1
github.com/corentings/chess/v3/engine.go:113.30,114.12 1 1
github.com/corentings/chess/v3/engine.go:116.3,117.16 2 1
github.com/corentings/chess/v3/engine.go:117.16,118.12 1 1
github.com/corentings/chess/v3/engine.go:120.3,120.39 1 1
github.com/corentings/chess/v3/engine.go:120.39,121.41 1 1
github.com/corentings/chess/v3/engine.go:121.41,122.13 1 1
github.com/corentings/chess/v3/engine.go:124.4,125.17 2 1
github.com/corentings/chess/v3/engine.go:125.17,126.13 1 1
github.com/corentings/chess/v3/engine.go:128.4,128.40 1 1
github.com/corentings/chess/v3/engine.go:128.40,129.42 1 1
github.com/corentings/chess/v3/engine.go:129.42,130.14 1 1
github.com/corentings/chess/v3/engine.go:134.5,137.105 3 1
github.com/corentings/chess/v3/engine.go:137.105,138.41 1 1
github.com/corentings/chess/v3/engine.go:138.41,141.42 3 1
github.com/corentings/chess/v3/engine.go:141.42,145.17 3 1
github.com/corentings/chess/v3/engine.go:145.17,150.9 3 1
github.com/corentings/chess/v3/engine.go:153.11,156.41 3 1
github.com/corentings/chess/v3/engine.go:156.41,159.16 3 1
github.com/corentings/chess/v3/engine.go:159.16,163.8 3 1
github.com/corentings/chess/v3/engine.go:171.2,173.15 3 1
github.com/corentings/chess/v3/engine.go:184.46,187.32 3 1
github.com/corentings/chess/v3/engine.go:187.32,189.3 1 1
github.com/corentings/chess/v3/engine.go:189.8,189.60 1 1
github.com/corentings/chess/v3/engine.go:189.60,191.3 1 1
github.com/corentings/chess/v3/engine.go:193.2,193.70 1 1
github.com/corentings/chess/v3/engine.go:193.70,194.15 1 1
github.com/corentings/chess/v3/engine.go:195.15,196.27 1 1
github.com/corentings/chess/v3/engine.go:197.15,198.26 1 1
github.com/corentings/chess/v3/engine.go:202.2,209.48 5 1
github.com/corentings/chess/v3/engine.go:209.48,210.87 1 1
github.com/corentings/chess/v3/engine.go:210.87,212.4 1 1
github.com/corentings/chess/v3/engine.go:215.2,215.56 1 1
github.com/corentings/chess/v3/engine.go:215.56,216.87 1 1
github.com/corentings/chess/v3/engine.go:216.87,218.4 1 1
github.com/corentings/chess/v3/engine.go:220.2,220.13 1 1
github.com/corentings/chess/v3/engine.go:224.36,227.24 2 1
github.com/corentings/chess/v3/engine.go:227.24,229.3 1 0
github.com/corentings/chess/v3/engine.go:230.2,230.40 1 1
github.com/corentings/chess/v3/engine.go:237.71,242.23 3 1
github.com/corentings/chess/v3/engine.go:242.23,244.3 1 1
github.com/corentings/chess/v3/engine.go:245.2,245.81 1 1
github.com/corentings/chess/v3/engine.go:245.81,247.3 1 1
github.com/corentings/chess/v3/engine.go:250.2,252.13 3 1
github.com/corentings/chess/v3/engine.go:252.13,254.3 1 1
github.com/corentings/chess/v3/engine.go:256.2,258.13 3 1
github.com/corentings/chess/v3/engine.go:258.13,260.3 1 1
github.com/corentings/chess/v3/engine.go:262.2,264.13 3 1
github.com/corentings/chess/v3/engine.go:264.13,266.3 1 1
github.com/corentings/chess/v3/engine.go:268.2,270.13 3 1
github.com/corentings/chess/v3/engine.go:270.13,272.3 1 1
github.com/corentings/chess/v3/engine.go:274.2,274.23 1 1
github.com/corentings/chess/v3/engine.go:274.23,278.14 4 1
github.com/corentings/chess/v3/engine.go:278.14,280.4 1 1
github.com/corentings/chess/v3/engine.go:281.8,285.14 4 1
github.com/corentings/chess/v3/engine.go:285.14,287.4 1 1
github.com/corentings/chess/v3/engine.go:290.2,292.16 3 1
github.com/corentings/chess/v3/engine.go:304.60,306.25 2 1
github.com/corentings/chess/v3/engine.go:306.25,307.52 1 1
github.com/corentings/chess/v3/engine.go:307.52,309.4 1 1
github.com/corentings/chess/v3/engine.go:311.2,311.14 1 1
github.com/corentings/chess/v3/engine.go:325.74,326.12 1 1
github.com/corentings/chess/v3/engine.go:327.12,328.25 1 1
github.com/corentings/chess/v3/engine.go:329.13,330.80 1 1
github.com/corentings/chess/v3/engine.go:331.12,332.43 1 1
github.com/corentings/chess/v3/engine.go:333.14,334.44 1 1
github.com/corentings/chess/v3/engine.go:335.14,336.27 1 1
github.com/corentings/chess/v3/engine.go:337.12,338.28 1 1
github.com/corentings/chess/v3/engine.go:340.2,340.20 1 0
github.com/corentings/chess/v3/engine.go:350.40,361.16 5 1
github.com/corentings/chess/v3/engine.go:361.16,366.3 4 1
github.com/corentings/chess/v3/engine.go:369.2,372.16 1 1
github.com/corentings/chess/v3/engine.go:372.16,377.3 4 1
github.com/corentings/chess/v3/engine.go:380.2,383.16 1 1
github.com/corentings/chess/v3/engine.go:383.16,388.3 4 1
github.com/corentings/chess/v3/engine.go:391.2,394.16 1 1
github.com/corentings/chess/v3/engine.go:394.16,399.3 4 1
github.com/corentings/chess/v3/engine.go:401.2,401.22 1 1
github.com/corentings/chess/v3/engine.go:413.51,416.37 3 1
github.com/corentings/chess/v3/engine.go:416.37,418.3 1 1
github.com/corentings/chess/v3/engine.go:419.2,419.25 1 1
github.com/corentings/chess/v3/engine.go:419.25,425.3 5 1
github.com/corentings/chess/v3/engine.go:426.2,430.43 5 1
github.com/corentings/chess/v3/engine.go:435.55,440.2 4 1
github.com/corentings/chess/v3/engine.go:443.54,448.2 4 1
github.com/corentings/chess/v3/engine.go:453.58,456.2 2 1
github.com/corentings/chess/v3/engine.go:481.38,483.2 1 1
github.com/corentings/chess/v3/engine.go:513.13,515.38 2 1
github.com/corentings/chess/v3/engine.go:515.38,517.3 1 1
github.com/corentings/chess/v3/errors.go:14.35,16.2 1 1
github.com/corentings/chess/v3/errors.go:18.42,21.9 3 1
github.com/corentings/chess/v3/errors.go:21.9,23.3 1 0
github.com/corentings/chess/v3/errors.go:25.2,25.23 1 1
github.com/corentings/chess/v3/errors.go:32.47,32.96 1 0
github.com/corentings/chess/v3/errors.go:33.47,33.94 1 1
github.com/corentings/chess/v3/errors.go:34.47,34.102 1 0
github.com/corentings/chess/v3/errors.go:35.47,35.89 1 0
github.com/corentings/chess/v3/errors.go:36.47,36.90 1 1
github.com/corentings/chess/v3/errors.go:37.47,37.88 1 0
github.com/corentings/chess/v3/errors.go:53.38,56.2 1 1
github.com/corentings/chess/v3/fen.go:14.47,19.31 4 1
github.com/corentings/chess/v3/fen.go:19.31,21.3 1 0
github.com/corentings/chess/v3/fen.go:22.2,23.16 2 1
github.com/corentings/chess/v3/fen.go:23.16,25.3 1 1
github.com/corentings/chess/v3/fen.go:26.2,27.9 2 1
github.com/corentings/chess/v3/fen.go:27.9,29.3 1 1
github.com/corentings/chess/v3/fen.go:30.2,31.16 2 1
github.com/corentings/chess/v3/fen.go:31.16,33.3 1 1
github.com/corentings/chess/v3/fen.go:34.2,35.16 2 1
github.com/corentings/chess/v3/fen.go:35.16,37.3 1 1
github.com/corentings/chess/v3/fen.go:38.2,39.37 2 1
github.com/corentings/chess/v3/fen.go:39.37,41.3 1 1
github.com/corentings/chess/v3/fen.go:42.2,43.33 2 1
github.com/corentings/chess/v3/fen.go:43.33,45.3 1 1
github.com/corentings/chess/v3/fen.go:46.2,55.17 3 1
github.com/corentings/chess/v3/fen.go:69.27,71.4 1 1
github.com/corentings/chess/v3/fen.go:78.27,80.4 1 1
github.com/corentings/chess/v3/fen.go:85.47,86.19 1 1
github.com/corentings/chess/v3/fen.go:86.19,88.3 1 1
github.com/corentings/chess/v3/fen.go:92.48,108.15 7 1
github.com/corentings/chess/v3/fen.go:108.15,111.3 2 1
github.com/corentings/chess/v3/fen.go:114.2,116.31 3 1
github.com/corentings/chess/v3/fen.go:116.31,117.25 1 1
github.com/corentings/chess/v3/fen.go:117.25,118.31 1 1
github.com/corentings/chess/v3/fen.go:118.31,120.5 1 0
github.com/corentings/chess/v3/fen.go:121.4,123.17 3 1
github.com/corentings/chess/v3/fen.go:128.2,128.27 1 1
github.com/corentings/chess/v3/fen.go:128.27,129.30 1 1
github.com/corentings/chess/v3/fen.go:129.30,131.4 1 0
github.com/corentings/chess/v3/fen.go:132.3,133.14 2 1
github.com/corentings/chess/v3/fen.go:136.2,136.29 1 1
github.com/corentings/chess/v3/fen.go:136.29,138.3 1 0
github.com/corentings/chess/v3/fen.go:140.2,140.28 1 1
github.com/corentings/chess/v3/fen.go:140.28,147.61 3 1
github.com/corentings/chess/v3/fen.go:147.61,149.4 1 1
github.com/corentings/chess/v3/fen.go:152.3,152.36 1 1
github.com/corentings/chess/v3/fen.go:152.36,154.4 1 1
github.com/corentings/chess/v3/fen.go:159.2,160.16 2 1
github.com/corentings/chess/v3/fen.go:160.16,162.3 1 0
github.com/corentings/chess/v3/fen.go:163.2,163.19 1 1
github.com/corentings/chess/v3/fen.go:167.58,171.30 3 1
github.com/corentings/chess/v3/fen.go:171.30,175.27 2 1
github.com/corentings/chess/v3/fen.go:175.27,177.12 2 1
github.com/corentings/chess/v3/fen.go:181.3,182.23 2 1
github.com/corentings/chess/v3/fen.go:182.23,184.4 1 0
github.com/corentings/chess/v3/fen.go:186.3,187.10 2 1
github.com/corentings/chess/v3/fen.go:190.2,190.25 1 1
github.com/corentings/chess/v3/fen.go:190.25,192.3 1 1
github.com/corentings/chess/v3/fen.go:194.2,194.12 1 1
github.com/corentings/chess/v3/fen.go:197.63,199.54 1 1
github.com/corentings/chess/v3/fen.go:199.54,200.38 1 1
github.com/corentings/chess/v3/fen.go:200.38,202.4 1 1
github.com/corentings/chess/v3/fen.go:204.2,204.30 1 1
github.com/corentings/chess/v3/fen.go:204.30,206.12 2 1
github.com/corentings/chess/v3/fen.go:207.32,207.32 0 1
github.com/corentings/chess/v3/fen.go:208.11,209.76 1 1
github.com/corentings/chess/v3/fen.go:212.2,212.37 1 1
github.com/corentings/chess/v3/fen.go:215.54,216.22 1 1
github.com/corentings/chess/v3/fen.go:216.22,218.3 1 1
github.com/corentings/chess/v3/fen.go:219.2,220.67 2 1
github.com/corentings/chess/v3/fen.go:220.67,222.3 1 1
github.com/corentings/chess/v3/fen.go:223.2,223.16 1 1
github.com/corentings/chess/v3/game.go:47.34,49.2 1 1
github.com/corentings/chess/v3/game.go:104.44,107.24 2 1
github.com/corentings/chess/v3/game.go:107.24,109.3 1 1
github.com/corentings/chess/v3/game.go:111.2,112.16 2 1
github.com/corentings/chess/v3/game.go:112.16,114.3 1 0
github.com/corentings/chess/v3/game.go:116.2,117.16 2 1
github.com/corentings/chess/v3/game.go:117.16,119.3 1 0
github.com/corentings/chess/v3/game.go:121.2,123.16 3 1
github.com/corentings/chess/v3/game.go:123.16,125.3 1 1
github.com/corentings/chess/v3/game.go:128.2,128.23 1 1
github.com/corentings/chess/v3/game.go:128.23,130.3 1 1
github.com/corentings/chess/v3/game.go:138.43,140.16 2 1
github.com/corentings/chess/v3/game.go:140.16,142.3 1 0
github.com/corentings/chess/v3/game.go:143.2,143.16 1 1
github.com/corentings/chess/v3/game.go:143.16,145.3 1 0
github.com/corentings/chess/v3/game.go:146.2,146.23 1 1
github.com/corentings/chess/v3/game.go:146.23,151.3 4 1
github.com/corentings/chess/v3/game.go:164.44,178.28 4 1
github.com/corentings/chess/v3/game.go:178.28,179.15 1 1
github.com/corentings/chess/v3/game.go:179.15,181.4 1 1
github.com/corentings/chess/v3/game.go:183.2,183.13 1 1
github.com/corentings/chess/v3/game.go:192.61,195.2 2 1
github.com/corentings/chess/v3/game.go:199.37,203.52 2 1
github.com/corentings/chess/v3/game.go:203.52,205.3 1 0
github.com/corentings/chess/v3/game.go:208.2,208.35 1 1
github.com/corentings/chess/v3/game.go:208.35,211.3 2 1
github.com/corentings/chess/v3/game.go:214.2,214.40 1 1
github.com/corentings/chess/v3/game.go:217.38,218.24 1 1
github.com/corentings/chess/v3/game.go:218.24,220.3 1 1
github.com/corentings/chess/v3/game.go:221.2,221.67 1 1
github.com/corentings/chess/v3/game.go:227.30,228.57 1 1
github.com/corentings/chess/v3/game.go:228.57,232.3 3 1
github.com/corentings/chess/v3/game.go:233.2,233.14 1 1
github.com/corentings/chess/v3/game.go:239.33,241.61 1 1
github.com/corentings/chess/v3/game.go:241.61,245.3 3 1
github.com/corentings/chess/v3/game.go:246.2,246.14 1 1
github.com/corentings/chess/v3/game.go:250.33,252.2 1 1
github.com/corentings/chess/v3/game.go:255.31,257.2 1 1
github.com/corentings/chess/v3/game.go:260.36,262.2 1 1
github.com/corentings/chess/v3/game.go:266.37,268.2 1 1
github.com/corentings/chess/v3/game.go:271.31,274.29 3 1
github.com/corentings/chess/v3/game.go:274.29,276.3 1 1
github.com/corentings/chess/v3/game.go:277.2,277.14 1 1
github.com/corentings/chess/v3/game.go:281.40,282.23 1 1
github.com/corentings/chess/v3/game.go:282.23,284.3 1 0
github.com/corentings/chess/v3/game.go:286.2,290.21 3 1
github.com/corentings/chess/v3/game.go:290.21,292.33 2 1
github.com/corentings/chess/v3/game.go:292.33,293.9 1 1
github.com/corentings/chess/v3/game.go:296.3,296.32 1 1
github.com/corentings/chess/v3/game.go:299.2,299.18 1 1
github.com/corentings/chess/v3/game.go:314.45,315.56 1 1
github.com/corentings/chess/v3/game.go:315.56,317.3 1 1
github.com/corentings/chess/v3/game.go:319.2,322.50 3 1
github.com/corentings/chess/v3/game.go:322.50,324.18 2 1
github.com/corentings/chess/v3/game.go:324.18,325.9 1 0
github.com/corentings/chess/v3/game.go:327.3,328.28 2 1
github.com/corentings/chess/v3/game.go:328.28,330.4 1 1
github.com/corentings/chess/v3/game.go:332.3,338.17 2 1
github.com/corentings/chess/v3/game.go:341.2,341.16 1 1
github.com/corentings/chess/v3/game.go:345.40,347.2 1 1
github.com/corentings/chess/v3/game.go:350.55,351.44 1 1
github.com/corentings/chess/v3/game.go:351.44,353.3 1 1
github.com/corentings/chess/v3/game.go:355.2,355.26 1 1
github.com/corentings/chess/v3/game.go:359.38,360.23 1 1
github.com/corentings/chess/v3/game.go:360.23,362.3 1 1
github.com/corentings/chess/v3/game.go:363.2,363.47 1 1
github.com/corentings/chess/v3/game.go:367.37,369.2 1 1
github.com/corentings/chess/v3/game.go:374.44,375.26 1 1
github.com/corentings/chess/v3/game.go:375.26,377.3 1 0
github.com/corentings/chess/v3/game.go:379.2,379.31 1 1
github.com/corentings/chess/v3/game.go:383.34,385.2 1 1
github.com/corentings/chess/v3/game.go:388.32,390.2 1 1
github.com/corentings/chess/v3/game.go:402.63,403.35 1 1
github.com/corentings/chess/v3/game.go:403.35,405.3 1 1
github.com/corentings/chess/v3/game.go:406.2,408.12 3 1
github.com/corentings/chess/v3/game.go:411.58,412.36 1 1
github.com/corentings/chess/v3/game.go:412.36,414.3 1 1
github.com/corentings/chess/v3/game.go:415.2,415.22 1 1
github.com/corentings/chess/v3/game.go:416.17,417.33 1 0
github.com/corentings/chess/v3/game.go:418.26,419.22 1 1
github.com/corentings/chess/v3/game.go:420.41,421.15 1 1
github.com/corentings/chess/v3/game.go:423.12,424.22 1 0
github.com/corentings/chess/v3/game.go:426.81,427.15 1 0
github.com/corentings/chess/v3/game.go:430.2,430.14 1 1
github.com/corentings/chess/v3/game.go:438.31,441.2 2 1
github.com/corentings/chess/v3/game.go:444.29,446.2 1 0
github.com/corentings/chess/v3/game.go:450.32,452.2 1 1
github.com/corentings/chess/v3/game.go:456.44,458.2 1 1
github.com/corentings/chess/v3/game.go:462.46,464.2 1 0
github.com/corentings/chess/v3/game.go:468.49,472.16 3 0
github.com/corentings/chess/v3/game.go:472.16,474.3 1 0
github.com/corentings/chess/v3/game.go:475.2,477.12 2 0
github.com/corentings/chess/v3/game.go:484.42,488.28 3 1
github.com/corentings/chess/v3/game.go:488.28,490.3 1 1
github.com/corentings/chess/v3/game.go:491.2,491.16 1 1
github.com/corentings/chess/v3/game.go:492.27,493.68 1 1
github.com/corentings/chess/v3/game.go:493.68,495.4 1 1
github.com/corentings/chess/v3/game.go:496.21,497.58 1 1
github.com/corentings/chess/v3/game.go:497.58,499.4 1 1
github.com/corentings/chess/v3/game.go:500.17,500.17 0 0
github.com/corentings/chess/v3/game.go:501.10,502.50 1 0
github.com/corentings/chess/v3/game.go:504.2,506.12 3 1
github.com/corentings/chess/v3/game.go:512.42,513.22 1 1
github.com/corentings/chess/v3/game.go:513.22,515.3 1 1
github.com/corentings/chess/v3/game.go:516.2,516.28 1 1
github.com/corentings/chess/v3/game.go:516.28,518.3 1 1
github.com/corentings/chess/v3/game.go:519.2,519.20 1 1
github.com/corentings/chess/v3/game.go:519.20,521.3 1 1
github.com/corentings/chess/v3/game.go:521.8,523.3 1 1
github.com/corentings/chess/v3/game.go:524.2,525.12 2 1
github.com/corentings/chess/v3/game.go:529.41,534.68 4 1
github.com/corentings/chess/v3/game.go:534.68,536.3 1 1
github.com/corentings/chess/v3/game.go:537.2,537.58 1 1
github.com/corentings/chess/v3/game.go:537.58,539.3 1 1
github.com/corentings/chess/v3/game.go:540.2,540.14 1 1
github.com/corentings/chess/v3/game.go:545.45,546.23 1 1
github.com/corentings/chess/v3/game.go:546.23,548.3 1 1
github.com/corentings/chess/v3/game.go:549.2,549.44 1 1
github.com/corentings/chess/v3/game.go:549.44,552.3 2 1
github.com/corentings/chess/v3/game.go:553.2,554.14 2 1
github.com/corentings/chess/v3/game.go:559.44,561.2 1 1
github.com/corentings/chess/v3/game.go:565.45,566.44 1 1
github.com/corentings/chess/v3/game.go:566.44,569.3 2 1
github.com/corentings/chess/v3/game.go:571.2,571.14 1 1
github.com/corentings/chess/v3/game.go:575.41,577.16 2 1
github.com/corentings/chess/v3/game.go:578.17,580.19 2 1
github.com/corentings/chess/v3/game.go:581.17,584.28 3 1
github.com/corentings/chess/v3/game.go:584.28,586.4 1 1
github.com/corentings/chess/v3/game.go:588.2,588.28 1 1
github.com/corentings/chess/v3/game.go:588.28,590.3 1 1
github.com/corentings/chess/v3/game.go:593.2,593.66 1 1
github.com/corentings/chess/v3/game.go:593.66,596.3 2 1
github.com/corentings/chess/v3/game.go:599.2,599.93 1 1
github.com/corentings/chess/v3/game.go:599.93,602.3 2 1
github.com/corentings/chess/v3/game.go:605.2,605.79 1 1
github.com/corentings/chess/v3/game.go:605.79,608.3 2 1
github.com/corentings/chess/v3/game.go:612.33,614.34 2 1
github.com/corentings/chess/v3/game.go:614.34,616.3 1 1
github.com/corentings/chess/v3/game.go:617.2,625.72 9 1
github.com/corentings/chess/v3/game.go:629.30,636.26 4 1
github.com/corentings/chess/v3/game.go:636.26,638.3 1 0
github.com/corentings/chess/v3/game.go:638.8,640.29 2 1
github.com/corentings/chess/v3/game.go:640.29,642.4 1 0
github.com/corentings/chess/v3/game.go:644.2,646.12 2 1
github.com/corentings/chess/v3/game.go:649.66,650.54 1 1
github.com/corentings/chess/v3/game.go:650.54,652.3 1 0
github.com/corentings/chess/v3/game.go:653.2,653.24 1 1
github.com/corentings/chess/v3/game.go:653.24,655.3 1 1
github.com/corentings/chess/v3/game.go:656.2,656.42 1 1
github.com/corentings/chess/v3/game.go:656.42,657.31 1 1
github.com/corentings/chess/v3/game.go:657.31,659.4 1 0
github.com/corentings/chess/v3/game.go:660.3,660.78 1 1
github.com/corentings/chess/v3/game.go:660.78,662.4 1 1
github.com/corentings/chess/v3/game.go:664.2,664.12 1 0
github.com/corentings/chess/v3/game.go:669.40,673.21 3 1
github.com/corentings/chess/v3/game.go:673.21,674.30 1 1
github.com/corentings/chess/v3/game.go:674.30,676.4 1 1
github.com/corentings/chess/v3/game.go:677.3,677.33 1 1
github.com/corentings/chess/v3/game.go:677.33,678.9 1 1
github.com/corentings/chess/v3/game.go:680.3,680.32 1 1
github.com/corentings/chess/v3/game.go:683.2,683.18 1 1
github.com/corentings/chess/v3/game.go:686.39,688.36 2 1
github.com/corentings/chess/v3/game.go:688.36,689.17 1 1
github.com/corentings/chess/v3/game.go:689.17,690.12 1 0
github.com/corentings/chess/v3/game.go:692.3,692.30 1 1
github.com/corentings/chess/v3/game.go:692.30,694.4 1 1
github.com/corentings/chess/v3/game.go:696.2,696.14 1 1
github.com/corentings/chess/v3/game.go:714.79,716.2 1 1
github.com/corentings/chess/v3/game.go:731.100,733.16 2 1
github.com/corentings/chess/v3/game.go:733.16,735.3 1 1
github.com/corentings/chess/v3/game.go:737.2,737.30 1 1
github.com/corentings/chess/v3/game.go:752.106,754.16 2 1
github.com/corentings/chess/v3/game.go:754.16,756.3 1 1
github.com/corentings/chess/v3/game.go:758.2,758.36 1 1
github.com/corentings/chess/v3/game.go:774.64,775.20 1 1
github.com/corentings/chess/v3/game.go:775.20,777.3 1 1
github.com/corentings/chess/v3/game.go:780.2,780.45 1 1
github.com/corentings/chess/v3/game.go:780.45,782.3 1 1
github.com/corentings/chess/v3/game.go:784.2,784.39 1 1
github.com/corentings/chess/v3/game.go:801.70,802.20 1 1
github.com/corentings/chess/v3/game.go:802.20,804.3 1 1
github.com/corentings/chess/v3/game.go:806.2,806.39 1 1
github.com/corentings/chess/v3/game.go:811.73,812.28 1 1
github.com/corentings/chess/v3/game.go:812.28,814.3 1 1
github.com/corentings/chess/v3/game.go:816.2,824.12 6 1
github.com/corentings/chess/v3/game.go:829.46,830.18 1 1
github.com/corentings/chess/v3/game.go:830.18,832.3 1 0
github.com/corentings/chess/v3/game.go:835.2,836.39 2 1
github.com/corentings/chess/v3/game.go:836.39,837.90 1 1
github.com/corentings/chess/v3/game.go:837.90,839.4 1 1
github.com/corentings/chess/v3/game.go:842.2,842.83 1 1
github.com/corentings/chess/v3/game.go:845.54,846.26 1 1
github.com/corentings/chess/v3/game.go:846.26,848.3 1 0
github.com/corentings/chess/v3/game.go:849.2,849.47 1 1
github.com/corentings/chess/v3/game.go:849.47,850.93 1 1
github.com/corentings/chess/v3/game.go:850.93,852.4 1 1
github.com/corentings/chess/v3/game.go:854.2,854.12 1 1
github.com/corentings/chess/v3/game.go:857.98,858.25 1 1
github.com/corentings/chess/v3/game.go:858.25,859.65 1 1
github.com/corentings/chess/v3/game.go:859.65,861.4 1 0
github.com/corentings/chess/v3/game.go:862.3,862.22 1 1
github.com/corentings/chess/v3/game.go:864.2,864.42 1 1
github.com/corentings/chess/v3/game.go:867.51,869.33 2 0
github.com/corentings/chess/v3/game.go:869.33,870.20 1 0
github.com/corentings/chess/v3/game.go:870.20,873.9 3 0
github.com/corentings/chess/v3/game.go:878.68,880.19 2 1
github.com/corentings/chess/v3/game.go:880.19,882.3 1 1
github.com/corentings/chess/v3/game.go:882.8,884.3 1 1
github.com/corentings/chess/v3/game.go:885.2,885.13 1 1
github.com/corentings/chess/v3/game.go:888.47,889.54 1 1
github.com/corentings/chess/v3/game.go:889.54,892.3 2 1
github.com/corentings/chess/v3/game.go:898.32,901.40 2 1
github.com/corentings/chess/v3/game.go:901.40,903.3 1 1
github.com/corentings/chess/v3/game.go:906.2,907.29 2 1
github.com/corentings/chess/v3/game.go:907.29,910.3 2 1
github.com/corentings/chess/v3/game.go:912.2,912.14 1 1
github.com/corentings/chess/v3/game.go:918.49,919.17 1 1
github.com/corentings/chess/v3/game.go:919.17,921.3 1 0
github.com/corentings/chess/v3/game.go:923.2,923.29 1 1
github.com/corentings/chess/v3/game.go:923.29,925.3 1 1
github.com/corentings/chess/v3/game.go:927.2,928.34 2 1
github.com/corentings/chess/v3/game.go:928.34,930.32 2 1
github.com/corentings/chess/v3/game.go:930.32,933.4 2 1
github.com/corentings/chess/v3/game.go:935.2,935.14 1 1
github.com/corentings/chess/v3/game.go:938.61,942.25 3 1
github.com/corentings/chess/v3/game.go:942.25,954.3 4 1
github.com/corentings/chess/v3/game.go:956.2,964.13 7 1
github.com/corentings/chess/v3/game.go:967.43,969.17 2 1
github.com/corentings/chess/v3/game.go:969.17,974.3 4 0
github.com/corentings/chess/v3/game.go:976.2,976.23 1 1
github.com/corentings/chess/v3/game.go:977.17,979.27 2 1
github.com/corentings/chess/v3/game.go:979.27,981.4 1 0
github.com/corentings/chess/v3/game.go:981.9,983.4 1 1
github.com/corentings/chess/v3/game.go:984.17,986.19 2 0
github.com/corentings/chess/v3/game.go:987.10,990.63 3 1
github.com/corentings/chess/v3/game.go:990.63,993.4 2 0
github.com/corentings/chess/v3/game.go:996.2,996.19 1 1
github.com/corentings/chess/v3/game.go:999.32,1000.19 1 1
github.com/corentings/chess/v3/game.go:1001.17,1002.31 1 1
github.com/corentings/chess/v3/game.go:1003.16,1004.31 1 1
github.com/corentings/chess/v3/game.go:1005.16,1006.31 1 0
github.com/corentings/chess/v3/game.go:1007.12,1008.35 1 0
github.com/corentings/chess/v3/game.go:1015.34,1018.2 2 1
github.com/corentings/chess/v3/game.go:1023.49,1024.23 1 1
github.com/corentings/chess/v3/game.go:1024.23,1026.3 1 1
github.com/corentings/chess/v3/game.go:1032.50,1033.23 1 1
github.com/corentings/chess/v3/game.go:1033.23,1035.3 1 1
github.com/corentings/chess/v3/game.go:1041.51,1042.23 1 1
github.com/corentings/chess/v3/game.go:1042.23,1044.3 1 1
github.com/corentings/chess/v3/hashes.go:9.63,11.40 2 1
github.com/corentings/chess/v3/hashes.go:11.40,13.17 2 1
github.com/corentings/chess/v3/hashes.go:13.17,14.70 1 0
github.com/corentings/chess/v3/hashes.go:16.3,16.24 1 1
github.com/corentings/chess/v3/hashes.go:18.2,18.15 1 1
github.com/corentings/chess/v3/hashes.go:22.63,24.40 2 1
github.com/corentings/chess/v3/hashes.go:24.40,26.17 2 1
github.com/corentings/chess/v3/hashes.go:26.17,27.70 1 0
github.com/corentings/chess/v3/hashes.go:29.3,29.16 1 1
github.com/corentings/chess/v3/hashes.go:31.2,31.15 1 1
github.com/corentings/chess/v3/hashes.go:35.45,36.52 1 1
github.com/corentings/chess/v3/hashes.go:36.52,38.3 1 0
github.com/corentings/chess/v3/hashes.go:39.2,39.38 1 1
github.com/corentings/chess/v3/hashes.go:43.35,45.2 1 0
github.com/corentings/chess/v3/lexer.go:66.36,101.35 2 1
github.com/corentings/chess/v3/lexer.go:101.35,103.3 1 1
github.com/corentings/chess/v3/lexer.go:105.2,105.17 1 1
github.com/corentings/chess/v3/lexer.go:134.36,138.2 3 1
github.com/corentings/chess/v3/lexer.go:140.33,141.36 1 1
github.com/corentings/chess/v3/lexer.go:141.36,143.3 1 0
github.com/corentings/chess/v3/lexer.go:144.2,144.32 1 1
github.com/corentings/chess/v3/lexer.go:147.34,148.66 1 1
github.com/corentings/chess/v3/lexer.go:148.66,150.3 1 1
github.com/corentings/chess/v3/lexer.go:153.36,155.20 2 1
github.com/corentings/chess/v3/lexer.go:155.20,157.3 1 1
github.com/corentings/chess/v3/lexer.go:158.2,158.69 1 1
github.com/corentings/chess/v3/lexer.go:161.41,164.27 2 1
github.com/corentings/chess/v3/lexer.go:164.27,166.3 1 1
github.com/corentings/chess/v3/lexer.go:167.2,168.70 2 1
github.com/corentings/chess/v3/lexer.go:171.42,175.15 2 1
github.com/corentings/chess/v3/lexer.go:175.15,177.3 1 1
github.com/corentings/chess/v3/lexer.go:179.2,180.17 2 1
github.com/corentings/chess/v3/lexer.go:180.17,184.32 3 1
github.com/corentings/chess/v3/lexer.go:184.32,186.4 1 1
github.com/corentings/chess/v3/lexer.go:187.3,187.16 1 1
github.com/corentings/chess/v3/lexer.go:187.16,189.4 1 1
github.com/corentings/chess/v3/lexer.go:190.3,192.49 3 1
github.com/corentings/chess/v3/lexer.go:197.2,197.61 1 1
github.com/corentings/chess/v3/lexer.go:197.61,199.3 1 1
github.com/corentings/chess/v3/lexer.go:201.2,201.32 1 1
github.com/corentings/chess/v3/lexer.go:201.32,203.3 1 0
github.com/corentings/chess/v3/lexer.go:205.2,206.90 2 1
github.com/corentings/chess/v3/lexer.go:209.33,213.32 1 1
github.com/corentings/chess/v3/lexer.go:213.32,218.33 3 1
github.com/corentings/chess/v3/lexer.go:218.33,221.4 2 1
github.com/corentings/chess/v3/lexer.go:223.3,223.40 1 1
github.com/corentings/chess/v3/lexer.go:225.2,229.20 3 1
github.com/corentings/chess/v3/lexer.go:229.20,231.3 1 1
github.com/corentings/chess/v3/lexer.go:234.2,237.3 1 1
github.com/corentings/chess/v3/lexer.go:240.36,242.39 2 1
github.com/corentings/chess/v3/lexer.go:242.39,244.3 1 1
github.com/corentings/chess/v3/lexer.go:245.2,246.22 2 1
github.com/corentings/chess/v3/lexer.go:246.22,248.3 1 1
github.com/corentings/chess/v3/lexer.go:249.2,249.47 1 1
github.com/corentings/chess/v3/lexer.go:252.34,254.19 2 1
github.com/corentings/chess/v3/lexer.go:254.19,257.3 2 0
github.com/corentings/chess/v3/lexer.go:258.2,259.39 2 1
github.com/corentings/chess/v3/lexer.go:262.37,266.31 2 1
github.com/corentings/chess/v3/lexer.go:266.31,267.41 1 1
github.com/corentings/chess/v3/lexer.go:267.41,268.30 1 1
github.com/corentings/chess/v3/lexer.go:268.30,271.5 1 1
github.com/corentings/chess/v3/lexer.go:273.4,277.17 4 1
github.com/corentings/chess/v3/lexer.go:277.17,282.5 1 0
github.com/corentings/chess/v3/lexer.go:283.4,283.49 1 1
github.com/corentings/chess/v3/lexer.go:285.3,285.15 1 1
github.com/corentings/chess/v3/lexer.go:289.2,289.15 1 1
github.com/corentings/chess/v3/lexer.go:289.15,295.3 2 0
github.com/corentings/chess/v3/lexer.go:298.2,298.28 1 1
github.com/corentings/chess/v3/lexer.go:298.28,300.3 1 1
github.com/corentings/chess/v3/lexer.go:302.2,302.44 1 0
github.com/corentings/chess/v3/lexer.go:306.39,309.20 2 1
github.com/corentings/chess/v3/lexer.go:309.20,312.3 2 0
github.com/corentings/chess/v3/lexer.go:313.2,316.41 2 1
github.com/corentings/chess/v3/lexer.go:319.34,326.15 4 1
github.com/corentings/chess/v3/lexer.go:326.15,328.3 1 0
github.com/corentings/chess/v3/lexer.go:331.2,331.18 1 1
github.com/corentings/chess/v3/lexer.go:331.18,336.18 3 1
github.com/corentings/chess/v3/lexer.go:336.18,338.4 1 1
github.com/corentings/chess/v3/lexer.go:341.2,341.36 1 1
github.com/corentings/chess/v3/lexer.go:341.36,345.16 2 1
github.com/corentings/chess/v3/lexer.go:345.16,346.9 1 1
github.com/corentings/chess/v3/lexer.go:351.2,356.63 2 1
github.com/corentings/chess/v3/lexer.go:356.63,362.3 4 1
github.com/corentings/chess/v3/lexer.go:366.2,369.73 1 1
github.com/corentings/chess/v3/lexer.go:369.73,371.3 1 1
github.com/corentings/chess/v3/lexer.go:374.2,374.36 1 1
github.com/corentings/chess/v3/lexer.go:374.36,379.3 3 1
github.com/corentings/chess/v3/lexer.go:382.2,382.109 1 1
github.com/corentings/chess/v3/lexer.go:382.109,385.3 2 1
github.com/corentings/chess/v3/lexer.go:387.2,387.65 1 1
github.com/corentings/chess/v3/lexer.go:390.44,392.20 2 1
github.com/corentings/chess/v3/lexer.go:392.20,395.3 2 0
github.com/corentings/chess/v3/lexer.go:396.2,397.50 2 1
github.com/corentings/chess/v3/lexer.go:400.28,401.36 1 1
github.com/corentings/chess/v3/lexer.go:401.36,403.3 1 1
github.com/corentings/chess/v3/lexer.go:403.8,405.3 1 1
github.com/corentings/chess/v3/lexer.go:406.2,407.18 2 1
github.com/corentings/chess/v3/lexer.go:410.38,413.31 3 1
github.com/corentings/chess/v3/lexer.go:413.31,414.19 1 1
github.com/corentings/chess/v3/lexer.go:414.19,416.35 2 1
github.com/corentings/chess/v3/lexer.go:416.35,420.13 4 1
github.com/corentings/chess/v3/lexer.go:423.3,424.15 2 1
github.com/corentings/chess/v3/lexer.go:426.2,427.53 2 1
github.com/corentings/chess/v3/lexer.go:430.36,432.38 2 1
github.com/corentings/chess/v3/lexer.go:432.38,434.3 1 1
github.com/corentings/chess/v3/lexer.go:435.2,435.65 1 1
github.com/corentings/chess/v3/lexer.go:438.46,442.17 2 1
github.com/corentings/chess/v3/lexer.go:442.17,444.3 1 0
github.com/corentings/chess/v3/lexer.go:447.2,447.34 1 1
github.com/corentings/chess/v3/lexer.go:447.34,449.3 1 0
github.com/corentings/chess/v3/lexer.go:452.2,452.25 1 1
github.com/corentings/chess/v3/lexer.go:452.25,454.3 1 0
github.com/corentings/chess/v3/lexer.go:455.2,458.17 3 1
github.com/corentings/chess/v3/lexer.go:458.17,464.3 4 0
github.com/corentings/chess/v3/lexer.go:465.2,468.40 2 1
github.com/corentings/chess/v3/lexer.go:468.40,472.3 3 1
github.com/corentings/chess/v3/lexer.go:474.2,474.56 1 1
github.com/corentings/chess/v3/lexer.go:496.35,499.17 2 1
github.com/corentings/chess/v3/lexer.go:499.17,500.15 1 1
github.com/corentings/chess/v3/lexer.go:501.12,504.46 3 1
github.com/corentings/chess/v3/lexer.go:505.12,507.31 2 1
github.com/corentings/chess/v3/lexer.go:508.11,510.24 1 1
github.com/corentings/chess/v3/lexer.go:510.24,512.5 1 1
github.com/corentings/chess/v3/lexer.go:513.4,513.30 1 1
github.com/corentings/chess/v3/lexer.go:517.2,517.17 1 1
github.com/corentings/chess/v3/lexer.go:517.17,518.18 1 1
github.com/corentings/chess/v3/lexer.go:518.18,522.4 3 1
github.com/corentings/chess/v3/lexer.go:523.3,523.25 1 1
github.com/corentings/chess/v3/lexer.go:526.2,526.31 1 1
github.com/corentings/chess/v3/lexer.go:526.31,528.3 1 1
github.com/corentings/chess/v3/lexer.go:530.2,530.14 1 1
github.com/corentings/chess/v3/lexer.go:531.11,533.49 2 1
github.com/corentings/chess/v3/lexer.go:535.11,537.47 2 1
github.com/corentings/chess/v3/lexer.go:538.11,541.43 3 1
github.com/corentings/chess/v3/lexer.go:542.11,545.41 3 1
github.com/corentings/chess/v3/lexer.go:546.11,547.26 1 1
github.com/corentings/chess/v3/lexer.go:548.11,551.47 3 1
github.com/corentings/chess/v3/lexer.go:552.11,554.45 2 0
github.com/corentings/chess/v3/lexer.go:555.11,556.97 1 1
github.com/corentings/chess/v3/lexer.go:556.97,561.4 4 1
github.com/corentings/chess/v3/lexer.go:562.3,563.38 2 1
github.com/corentings/chess/v3/lexer.go:564.11,566.42 2 1
github.com/corentings/chess/v3/lexer.go:567.11,568.14 1 1
github.com/corentings/chess/v3/lexer.go:569.11,570.24 1 1
github.com/corentings/chess/v3/lexer.go:571.21,572.21 1 1
github.com/corentings/chess/v3/lexer.go:573.11,575.56 1 1
github.com/corentings/chess/v3/lexer.go:575.56,577.4 1 1
github.com/corentings/chess/v3/lexer.go:579.3,579.27 1 0
github.com/corentings/chess/v3/lexer.go:580.11,582.44 2 1
github.com/corentings/chess/v3/lexer.go:583.11,585.40 2 1
github.com/corentings/chess/v3/lexer.go:586.11,588.44 2 1
github.com/corentings/chess/v3/lexer.go:589.56,590.14 1 1
github.com/corentings/chess/v3/lexer.go:590.14,592.4 1 0
github.com/corentings/chess/v3/lexer.go:595.3,595.69 1 1
github.com/corentings/chess/v3/lexer.go:595.69,598.4 1 1
github.com/corentings/chess/v3/lexer.go:601.3,602.34 2 1
github.com/corentings/chess/v3/lexer.go:602.34,604.4 1 1
github.com/corentings/chess/v3/lexer.go:605.3,605.15 1 1
github.com/corentings/chess/v3/lexer.go:606.12,607.71 1 1
github.com/corentings/chess/v3/lexer.go:608.12,612.25 4 1
github.com/corentings/chess/v3/lexer.go:613.11,618.25 4 1
github.com/corentings/chess/v3/lexer.go:620.9,621.37 1 1
github.com/corentings/chess/v3/lexer.go:622.10,623.21 1 1
github.com/corentings/chess/v3/lexer.go:623.21,624.35 1 1
github.com/corentings/chess/v3/lexer.go:624.35,626.55 1 1
github.com/corentings/chess/v3/lexer.go:626.55,628.6 1 1
github.com/corentings/chess/v3/lexer.go:629.5,629.29 1 1
github.com/corentings/chess/v3/lexer.go:631.4,631.23 1 1
github.com/corentings/chess/v3/lexer.go:635.2,637.12 3 1
github.com/corentings/chess/v3/move.go:57.31,59.2 1 1
github.com/corentings/chess/v3/move.go:62.27,64.2 1 1
github.com/corentings/chess/v3/move.go:67.27,69.2 1 1
github.com/corentings/chess/v3/move.go:72.33,74.2 1 1
github.com/corentings/chess/v3/move.go:77.40,79.2 1 1
github.com/corentings/chess/v3/move.go:82.41,85.2 2 1
github.com/corentings/chess/v3/move.go:99.32,100.14 1 1
github.com/corentings/chess/v3/move.go:100.14,102.3 1 0
github.com/corentings/chess/v3/move.go:103.2,103.15 1 1
github.com/corentings/chess/v3/move.go:106.58,107.14 1 1
github.com/corentings/chess/v3/move.go:107.14,109.3 1 0
github.com/corentings/chess/v3/move.go:110.2,110.49 1 1
github.com/corentings/chess/v3/move.go:110.49,112.46 2 1
github.com/corentings/chess/v3/move.go:112.46,114.54 2 1
github.com/corentings/chess/v3/move.go:114.54,116.5 1 1
github.com/corentings/chess/v3/move.go:119.2,119.18 1 1
github.com/corentings/chess/v3/move.go:122.50,123.14 1 1
github.com/corentings/chess/v3/move.go:123.14,125.3 1 0
github.com/corentings/chess/v3/move.go:126.2,126.70 1 1
github.com/corentings/chess/v3/move.go:126.70,127.84 1 1
github.com/corentings/chess/v3/move.go:127.84,129.54 2 1
github.com/corentings/chess/v3/move.go:129.54,132.5 2 1
github.com/corentings/chess/v3/move.go:135.2,135.31 1 1
github.com/corentings/chess/v3/move.go:135.31,137.3 1 1
github.com/corentings/chess/v3/move.go:138.2,143.4 2 1
github.com/corentings/chess/v3/move.go:146.47,147.14 1 1
github.com/corentings/chess/v3/move.go:147.14,149.3 1 0
github.com/corentings/chess/v3/move.go:150.2,150.19 1 1
github.com/corentings/chess/v3/move.go:150.19,153.3 2 1
github.com/corentings/chess/v3/move.go:154.2,154.94 1 1
github.com/corentings/chess/v3/move.go:157.47,158.31 1 1
github.com/corentings/chess/v3/move.go:158.31,160.3 1 0
github.com/corentings/chess/v3/move.go:161.2,161.31 1 1
github.com/corentings/chess/v3/move.go:161.31,164.3 2 1
github.com/corentings/chess/v3/move.go:165.2,166.66 2 1
github.com/corentings/chess/v3/move.go:166.66,168.31 2 1
github.com/corentings/chess/v3/move.go:168.31,171.4 2 1
github.com/corentings/chess/v3/move.go:173.2,173.124 1 1
github.com/corentings/chess/v3/move.go:176.38,177.14 1 1
github.com/corentings/chess/v3/move.go:177.14,179.3 1 0
github.com/corentings/chess/v3/move.go:180.2,180.44 1 1
github.com/corentings/chess/v3/move.go:184.51,185.14 1 1
github.com/corentings/chess/v3/move.go:185.14,187.3 1 0
github.com/corentings/chess/v3/move.go:188.2,188.43 1 1
github.com/corentings/chess/v3/move.go:191.33,192.14 1 1
github.com/corentings/chess/v3/move.go:192.14,194.3 1 0
github.com/corentings/chess/v3/move.go:195.2,195.14 1 1
github.com/corentings/chess/v3/move.go:198.39,199.14 1 1
github.com/corentings/chess/v3/move.go:199.14,201.3 1 1
github.com/corentings/chess/v3/move.go:204.39,205.14 1 1
github.com/corentings/chess/v3/move.go:205.14,207.3 1 0
github.com/corentings/chess/v3/move.go:208.2,208.17 1 1
github.com/corentings/chess/v3/move.go:211.41,212.14 1 1
github.com/corentings/chess/v3/move.go:212.14,214.3 1 0
github.com/corentings/chess/v3/move.go:215.2,215.19 1 1
github.com/corentings/chess/v3/move.go:218.43,219.14 1 1
github.com/corentings/chess/v3/move.go:219.14,221.3 1 0
github.com/corentings/chess/v3/move.go:222.2,222.19 1 1
github.com/corentings/chess/v3/move.go:225.33,226.14 1 1
github.com/corentings/chess/v3/move.go:226.14,228.3 1 0
github.com/corentings/chess/v3/move.go:229.2,230.14 2 1
github.com/corentings/chess/v3/move.go:230.14,232.3 1 1
github.com/corentings/chess/v3/move.go:233.2,233.12 1 1
github.com/corentings/chess/v3/move.go:237.41,239.2 1 1
github.com/corentings/chess/v3/move.go:242.30,243.35 1 1
github.com/corentings/chess/v3/move.go:243.35,245.3 1 1
github.com/corentings/chess/v3/move.go:246.2,247.30 2 1
github.com/corentings/chess/v3/move.go:247.30,249.3 1 1
github.com/corentings/chess/v3/move.go:250.2,250.23 1 1
github.com/corentings/chess/v3/move.go:253.56,254.39 1 1
github.com/corentings/chess/v3/move.go:254.39,256.3 1 1
github.com/corentings/chess/v3/move.go:257.2,257.50 1 1
github.com/corentings/chess/v3/move.go:260.42,262.2 1 1
github.com/corentings/chess/v3/move.go:264.38,265.14 1 1
github.com/corentings/chess/v3/move.go:265.14,267.3 1 0
github.com/corentings/chess/v3/move.go:268.2,275.35 2 1
github.com/corentings/chess/v3/move.go:275.35,279.3 3 1
github.com/corentings/chess/v3/move.go:280.2,280.12 1 1
github.com/corentings/chess/v3/move.go:283.55,285.31 2 1
github.com/corentings/chess/v3/move.go:285.31,287.36 2 1
github.com/corentings/chess/v3/move.go:287.36,288.32 1 1
github.com/corentings/chess/v3/move.go:288.32,290.5 1 1
github.com/corentings/chess/v3/move.go:292.3,292.26 1 1
github.com/corentings/chess/v3/move.go:292.26,294.4 1 1
github.com/corentings/chess/v3/move.go:296.2,296.36 1 1
github.com/corentings/chess/v3/move.go:299.59,301.28 2 1
github.com/corentings/chess/v3/move.go:301.28,303.3 1 1
github.com/corentings/chess/v3/move.go:304.2,304.15 1 1
github.com/corentings/chess/v3/notation.go:38.27,40.4 1 1
github.com/corentings/chess/v3/notation.go:46.27,49.4 2 1
github.com/corentings/chess/v3/notation.go:106.36,108.2 1 0
github.com/corentings/chess/v3/notation.go:111.55,123.30 8 1
github.com/corentings/chess/v3/notation.go:123.30,125.3 1 1
github.com/corentings/chess/v3/notation.go:127.2,127.20 1 1
github.com/corentings/chess/v3/notation.go:131.66,135.20 3 1
github.com/corentings/chess/v3/notation.go:135.20,137.3 1 1
github.com/corentings/chess/v3/notation.go:138.2,138.34 1 1
github.com/corentings/chess/v3/notation.go:138.34,139.39 1 1
github.com/corentings/chess/v3/notation.go:139.39,142.4 1 1
github.com/corentings/chess/v3/notation.go:143.3,143.39 1 1
github.com/corentings/chess/v3/notation.go:143.39,146.4 1 1
github.com/corentings/chess/v3/notation.go:150.2,153.46 3 1
github.com/corentings/chess/v3/notation.go:153.46,155.3 1 0
github.com/corentings/chess/v3/notation.go:157.2,160.19 2 1
github.com/corentings/chess/v3/notation.go:160.19,165.27 3 1
github.com/corentings/chess/v3/notation.go:165.27,167.4 1 1
github.com/corentings/chess/v3/notation.go:168.3,168.18 1 1
github.com/corentings/chess/v3/notation.go:171.2,171.16 1 1
github.com/corentings/chess/v3/notation.go:171.16,173.3 1 1
github.com/corentings/chess/v3/notation.go:175.2,177.15 2 1
github.com/corentings/chess/v3/notation.go:187.42,189.2 1 0
github.com/corentings/chess/v3/notation.go:192.63,195.30 2 1
github.com/corentings/chess/v3/notation.go:195.30,197.3 1 1
github.com/corentings/chess/v3/notation.go:198.2,198.31 1 1
github.com/corentings/chess/v3/notation.go:198.31,200.3 1 1
github.com/corentings/chess/v3/notation.go:203.2,208.53 5 1
github.com/corentings/chess/v3/notation.go:208.53,210.3 1 1
github.com/corentings/chess/v3/notation.go:212.2,212.42 1 1
github.com/corentings/chess/v3/notation.go:212.42,214.3 1 1
github.com/corentings/chess/v3/notation.go:216.2,216.46 1 1
github.com/corentings/chess/v3/notation.go:216.46,217.40 1 1
github.com/corentings/chess/v3/notation.go:217.40,219.4 1 1
github.com/corentings/chess/v3/notation.go:220.3,220.29 1 1
github.com/corentings/chess/v3/notation.go:223.2,225.28 2 1
github.com/corentings/chess/v3/notation.go:225.28,228.3 2 1
github.com/corentings/chess/v3/notation.go:230.2,231.20 2 1
github.com/corentings/chess/v3/notation.go:235.63,237.26 2 1
github.com/corentings/chess/v3/notation.go:237.26,239.3 1 1
github.com/corentings/chess/v3/notation.go:242.2,251.8 1 1
github.com/corentings/chess/v3/notation.go:255.41,271.2 12 1
github.com/corentings/chess/v3/notation.go:274.53,284.20 6 1
github.com/corentings/chess/v3/notation.go:284.20,316.3 26 1
github.com/corentings/chess/v3/notation.go:316.8,317.23 1 1
github.com/corentings/chess/v3/notation.go:317.23,326.4 7 1
github.com/corentings/chess/v3/notation.go:327.3,327.49 1 1
github.com/corentings/chess/v3/notation.go:327.49,335.4 6 1
github.com/corentings/chess/v3/notation.go:338.2,338.17 1 1
github.com/corentings/chess/v3/notation.go:342.72,345.16 2 1
github.com/corentings/chess/v3/notation.go:345.16,347.3 1 1
github.com/corentings/chess/v3/notation.go:350.2,353.43 2 1
github.com/corentings/chess/v3/notation.go:353.43,359.36 3 1
github.com/corentings/chess/v3/notation.go:359.36,360.12 1 0
github.com/corentings/chess/v3/notation.go:364.3,364.44 1 1
github.com/corentings/chess/v3/notation.go:364.44,366.4 1 1
github.com/corentings/chess/v3/notation.go:369.3,369.52 1 1
github.com/corentings/chess/v3/notation.go:369.52,370.36 1 1
github.com/corentings/chess/v3/notation.go:370.36,372.5 1 1
github.com/corentings/chess/v3/notation.go:376.2,376.61 1 1
github.com/corentings/chess/v3/notation.go:387.46,389.2 1 0
github.com/corentings/chess/v3/notation.go:392.67,394.30 2 1
github.com/corentings/chess/v3/notation.go:394.30,396.3 1 1
github.com/corentings/chess/v3/notation.go:396.8,396.38 1 1
github.com/corentings/chess/v3/notation.go:396.38,398.3 1 0
github.com/corentings/chess/v3/notation.go:399.2,403.46 5 1
github.com/corentings/chess/v3/notation.go:403.46,405.38 2 1
github.com/corentings/chess/v3/notation.go:405.38,407.4 1 0
github.com/corentings/chess/v3/notation.go:409.2,410.72 2 1
github.com/corentings/chess/v3/notation.go:414.76,416.2 1 1
[...]
github.com/corentings/chess/v3/position.go:507.2,507.33 1 1
github.com/corentings/chess/v3/position.go:507.33,509.3 1 1
github.com/corentings/chess/v3/position.go:510.2,510.32 1 1
github.com/corentings/chess/v3/position.go:510.32,512.3 1 1
github.com/corentings/chess/v3/position.go:513.2,513.33 1 1
github.com/corentings/chess/v3/position.go:513.33,515.3 1 1
github.com/corentings/chess/v3/position.go:516.2,516.28 1 1
github.com/corentings/chess/v3/position.go:516.28,518.3 1 1
github.com/corentings/chess/v3/position.go:519.2,519.21 1 1
github.com/corentings/chess/v3/position.go:519.21,521.3 1 1
github.com/corentings/chess/v3/position.go:522.2,522.29 1 1
github.com/corentings/chess/v3/position.go:522.29,524.3 1 1
github.com/corentings/chess/v3/position.go:525.2,527.12 3 1
github.com/corentings/chess/v3/position.go:530.39,541.2 1 1
github.com/corentings/chess/v3/position.go:545.48,547.18 2 1
github.com/corentings/chess/v3/position.go:548.12,549.18 1 1
github.com/corentings/chess/v3/position.go:550.14,551.18 1 1
github.com/corentings/chess/v3/position.go:552.14,553.18 1 1
github.com/corentings/chess/v3/position.go:554.12,555.18 1 1
github.com/corentings/chess/v3/position.go:556.13,557.18 1 1
github.com/corentings/chess/v3/position.go:558.12,559.19 1 1
github.com/corentings/chess/v3/position.go:560.10,561.12 1 1
github.com/corentings/chess/v3/position.go:563.2,564.24 2 1
github.com/corentings/chess/v3/position.go:564.24,566.3 1 1
github.com/corentings/chess/v3/position.go:567.2,567.47 1 1
github.com/corentings/chess/v3/position.go:571.43,574.29 2 1
github.com/corentings/chess/v3/position.go:574.29,576.19 2 1
github.com/corentings/chess/v3/position.go:576.19,578.16 2 1
github.com/corentings/chess/v3/position.go:578.16,580.5 1 1
github.com/corentings/chess/v3/position.go:584.2,585.31 2 1
github.com/corentings/chess/v3/position.go:585.31,587.3 1 1
github.com/corentings/chess/v3/position.go:588.2,588.31 1 1
github.com/corentings/chess/v3/position.go:588.31,590.3 1 1
github.com/corentings/chess/v3/position.go:591.2,591.31 1 1
github.com/corentings/chess/v3/position.go:591.31,593.3 1 1
github.com/corentings/chess/v3/position.go:594.2,594.31 1 1
github.com/corentings/chess/v3/position.go:594.31,596.3 1 1
github.com/corentings/chess/v3/position.go:598.2,598.81 1 1
github.com/corentings/chess/v3/position.go:598.81,600.3 1 1
github.com/corentings/chess/v3/position.go:602.2,602.23 1 1
github.com/corentings/chess/v3/position.go:602.23,604.3 1 1
github.com/corentings/chess/v3/position.go:605.2,605.13 1 1
github.com/corentings/chess/v3/position.go:608.62,611.48 3 1
github.com/corentings/chess/v3/position.go:611.48,613.3 1 1
github.com/corentings/chess/v3/position.go:614.2,614.48 1 1
github.com/corentings/chess/v3/position.go:614.48,616.3 1 1
github.com/corentings/chess/v3/position.go:617.2,617.48 1 1
github.com/corentings/chess/v3/position.go:617.48,619.3 1 1
github.com/corentings/chess/v3/position.go:620.2,620.48 1 1
github.com/corentings/chess/v3/position.go:620.48,622.3 1 1
github.com/corentings/chess/v3/position.go:623.2,623.14 1 1
github.com/corentings/chess/v3/position.go:623.14,625.3 1 1
github.com/corentings/chess/v3/position.go:626.2,626.25 1 1
github.com/corentings/chess/v3/position.go:629.59,632.22 3 1
github.com/corentings/chess/v3/position.go:632.22,634.3 1 1
github.com/corentings/chess/v3/position.go:635.2,637.36 1 1
github.com/corentings/chess/v3/position.go:637.36,639.3 1 1
github.com/corentings/chess/v3/position.go:639.8,641.36 1 1
github.com/corentings/chess/v3/position.go:641.36,643.3 1 1
github.com/corentings/chess/v3/position.go:644.2,644.17 1 1
github.com/corentings/chess/v3/position.go:650.56,651.27 1 1
github.com/corentings/chess/v3/position.go:651.27,653.3 1 1
github.com/corentings/chess/v3/position.go:654.2,657.66 1 1
github.com/corentings/chess/v3/position.go:663.62,664.26 1 1
github.com/corentings/chess/v3/position.go:664.26,666.3 1 1
github.com/corentings/chess/v3/position.go:667.2,672.21 5 1
github.com/corentings/chess/v3/position.go:672.21,675.3 2 1
github.com/corentings/chess/v3/position.go:675.8,678.3 2 1
github.com/corentings/chess/v3/position.go:680.2,680.20 1 1
github.com/corentings/chess/v3/position.go:680.20,682.39 2 1
github.com/corentings/chess/v3/position.go:682.39,684.4 1 1
github.com/corentings/chess/v3/position.go:686.2,686.20 1 1
github.com/corentings/chess/v3/position.go:686.20,688.39 2 1
github.com/corentings/chess/v3/position.go:688.39,690.4 1 1
github.com/corentings/chess/v3/position.go:692.2,692.11 1 1
github.com/corentings/chess/v3/position.go:699.55,700.63 1 1
github.com/corentings/chess/v3/position.go:700.63,702.3 1 1
github.com/corentings/chess/v3/position.go:703.2,703.17 1 1
github.com/corentings/chess/v3/scanner.go:48.55,49.17 1 1
github.com/corentings/chess/v3/scanner.go:49.17,51.3 1 0
github.com/corentings/chess/v3/scanner.go:53.2,56.6 3 1
github.com/corentings/chess/v3/scanner.go:56.6,58.24 2 1
github.com/corentings/chess/v3/scanner.go:58.24,59.9 1 1
github.com/corentings/chess/v3/scanner.go:61.3,61.33 1 1
github.com/corentings/chess/v3/scanner.go:64.2,64.20 1 1
github.com/corentings/chess/v3/scanner.go:83.43,84.26 1 1
github.com/corentings/chess/v3/scanner.go:84.26,86.3 1 1
github.com/corentings/chess/v3/scanner.go:100.62,109.27 4 1
github.com/corentings/chess/v3/scanner.go:109.27,111.3 1 1
github.com/corentings/chess/v3/scanner.go:113.2,113.12 1 1
github.com/corentings/chess/v3/scanner.go:126.52,128.23 1 1
github.com/corentings/chess/v3/scanner.go:128.23,132.3 3 1
github.com/corentings/chess/v3/scanner.go:135.2,135.22 1 1
github.com/corentings/chess/v3/scanner.go:135.22,137.3 1 1
github.com/corentings/chess/v3/scanner.go:140.2,140.40 1 1
github.com/corentings/chess/v3/scanner.go:140.40,142.3 1 0
github.com/corentings/chess/v3/scanner.go:143.2,143.20 1 1
github.com/corentings/chess/v3/scanner.go:155.34,157.53 1 1
github.com/corentings/chess/v3/scanner.go:157.53,159.3 1 1
github.com/corentings/chess/v3/scanner.go:162.2,162.22 1 1
github.com/corentings/chess/v3/scanner.go:162.22,166.3 2 1
github.com/corentings/chess/v3/scanner.go:169.2,170.14 2 1
github.com/corentings/chess/v3/scanner.go:183.46,184.32 1 1
github.com/corentings/chess/v3/scanner.go:184.32,188.3 3 1
github.com/corentings/chess/v3/scanner.go:190.2,191.16 2 1
github.com/corentings/chess/v3/scanner.go:191.16,193.3 1 0
github.com/corentings/chess/v3/scanner.go:194.2,195.16 2 1
github.com/corentings/chess/v3/scanner.go:195.16,197.3 1 0
github.com/corentings/chess/v3/scanner.go:198.2,200.16 3 1
github.com/corentings/chess/v3/scanner.go:200.16,202.3 1 0
github.com/corentings/chess/v3/scanner.go:203.2,203.30 1 1
github.com/corentings/chess/v3/scanner.go:203.30,205.3 1 1
github.com/corentings/chess/v3/scanner.go:207.2,209.28 3 1
github.com/corentings/chess/v3/scanner.go:213.66,216.24 2 1
github.com/corentings/chess/v3/scanner.go:216.24,218.3 1 1
github.com/corentings/chess/v3/scanner.go:221.2,222.17 2 1
github.com/corentings/chess/v3/scanner.go:222.17,224.3 1 1
github.com/corentings/chess/v3/scanner.go:227.2,227.47 1 1
github.com/corentings/chess/v3/scanner.go:231.45,233.35 2 1
github.com/corentings/chess/v3/scanner.go:233.35,234.33 1 1
github.com/corentings/chess/v3/scanner.go:234.33,235.9 1 1
github.com/corentings/chess/v3/scanner.go:238.2,238.14 1 1
github.com/corentings/chess/v3/scanner.go:242.62,243.11 1 1
github.com/corentings/chess/v3/scanner.go:243.11,245.3 1 1
github.com/corentings/chess/v3/scanner.go:246.2,246.20 1 0
github.com/corentings/chess/v3/scanner.go:250.60,252.45 1 1
github.com/corentings/chess/v3/scanner.go:252.45,254.16 2 1
github.com/corentings/chess/v3/scanner.go:254.16,256.4 1 1
github.com/corentings/chess/v3/scanner.go:257.3,257.15 1 0
github.com/corentings/chess/v3/scanner.go:259.2,259.14 1 1
github.com/corentings/chess/v3/scanner.go:263.67,265.45 1 1
github.com/corentings/chess/v3/scanner.go:265.45,268.44 2 1
github.com/corentings/chess/v3/scanner.go:268.44,269.13 1 1
github.com/corentings/chess/v3/scanner.go:269.13,271.5 1 1
github.com/corentings/chess/v3/scanner.go:272.4,272.13 1 1
github.com/corentings/chess/v3/scanner.go:274.3,274.15 1 0
github.com/corentings/chess/v3/scanner.go:277.2,277.14 1 1
github.com/corentings/chess/v3/scanner.go:281.82,287.36 4 1
github.com/corentings/chess/v3/scanner.go:287.36,293.66 3 1
github.com/corentings/chess/v3/scanner.go:293.66,295.22 2 1
github.com/corentings/chess/v3/scanner.go:295.22,298.5 1 1
github.com/corentings/chess/v3/scanner.go:302.3,302.48 1 1
github.com/corentings/chess/v3/scanner.go:302.48,304.4 1 1
github.com/corentings/chess/v3/scanner.go:308.2,308.45 1 1
github.com/corentings/chess/v3/scanner.go:308.45,310.3 1 1
github.com/corentings/chess/v3/scanner.go:312.2,312.26 1 1
github.com/corentings/chess/v3/scanner.go:312.26,314.3 1 1
github.com/corentings/chess/v3/scanner.go:317.2,317.54 1 1
github.com/corentings/chess/v3/scanner.go:321.72,322.29 1 1
github.com/corentings/chess/v3/scanner.go:322.29,324.3 1 1
github.com/corentings/chess/v3/scanner.go:324.8,324.36 1 1
github.com/corentings/chess/v3/scanner.go:324.36,326.3 1 1
github.com/corentings/chess/v3/scanner.go:327.2,327.19 1 1
github.com/corentings/chess/v3/scanner.go:331.55,332.15 1 1
github.com/corentings/chess/v3/scanner.go:332.15,334.3 1 1
github.com/corentings/chess/v3/scanner.go:334.8,334.35 1 1
github.com/corentings/chess/v3/scanner.go:334.35,336.3 1 1
github.com/corentings/chess/v3/scanner.go:337.2,337.18 1 1
github.com/corentings/chess/v3/scanner.go:341.41,343.20 2 1
github.com/corentings/chess/v3/scanner.go:343.20,345.3 1 1
github.com/corentings/chess/v3/scanner.go:346.2,346.11 1 1
github.com/corentings/chess/v3/scanner.go:350.53,354.30 3 1
github.com/corentings/chess/v3/scanner.go:354.30,355.10 1 1
github.com/corentings/chess/v3/scanner.go:356.49,357.18 1 1
github.com/corentings/chess/v3/scanner.go:358.49,359.18 1 1
github.com/corentings/chess/v3/scanner.go:360.88,361.18 1 1
github.com/corentings/chess/v3/scanner.go:362.23,363.18 1 1
github.com/corentings/chess/v3/scanner.go:364.11,365.9 1 1
github.com/corentings/chess/v3/scanner.go:368.2,368.18 1 1
github.com/corentings/chess/v3/square.go:12.30,14.2 1 1
github.com/corentings/chess/v3/square.go:17.30,19.2 1 1
github.com/corentings/chess/v3/square.go:21.34,23.2 1 1
github.com/corentings/chess/v3/square.go:25.33,27.2 1 1
github.com/corentings/chess/v3/square.go:30.39,32.2 1 1
github.com/corentings/chess/v3/square.go:34.32,35.32 1 1
github.com/corentings/chess/v3/square.go:35.32,37.3 1 1
github.com/corentings/chess/v3/square.go:38.2,38.14 1 1
github.com/corentings/chess/v3/square.go:128.31,130.2 1 1
github.com/corentings/chess/v3/square.go:132.27,134.2 1 1
github.com/corentings/chess/v3/square.go:150.31,152.2 1 1
github.com/corentings/chess/v3/square.go:154.27,156.2 1 1
github.com/corentings/chess/v3/square.go:160.40,161.11 1 1
github.com/corentings/chess/v3/square.go:162.12,163.12 1 0
github.com/corentings/chess/v3/square.go:164.12,165.12 1 0
github.com/corentings/chess/v3/square.go:166.12,167.12 1 0
github.com/corentings/chess/v3/square.go:168.12,169.12 1 0
github.com/corentings/chess/v3/square.go:170.12,171.12 1 0
github.com/corentings/chess/v3/square.go:172.12,173.12 1 1
github.com/corentings/chess/v3/square.go:174.12,175.12 1 0
github.com/corentings/chess/v3/square.go:176.12,177.12 1 0
github.com/corentings/chess/v3/square.go:178.12,179.12 1 0
github.com/corentings/chess/v3/square.go:180.12,181.12 1 0
github.com/corentings/chess/v3/square.go:182.12,183.12 1 1
github.com/corentings/chess/v3/square.go:184.12,185.12 1 0
github.com/corentings/chess/v3/square.go:186.12,187.12 1 0
github.com/corentings/chess/v3/square.go:188.12,189.12 1 1
github.com/corentings/chess/v3/square.go:190.12,191.12 1 0
github.com/corentings/chess/v3/square.go:192.12,193.12 1 0
github.com/corentings/chess/v3/square.go:194.12,195.12 1 0
github.com/corentings/chess/v3/square.go:196.12,197.12 1 0
github.com/corentings/chess/v3/square.go:198.12,199.12 1 0
github.com/corentings/chess/v3/square.go:200.12,201.12 1 0
github.com/corentings/chess/v3/square.go:202.12,203.12 1 0
github.com/corentings/chess/v3/square.go:204.12,205.12 1 1
github.com/corentings/chess/v3/square.go:206.12,207.12 1 0
github.com/corentings/chess/v3/square.go:208.12,209.12 1 0
github.com/corentings/chess/v3/square.go:210.12,211.12 1 0
github.com/corentings/chess/v3/square.go:212.12,213.12 1 0
github.com/corentings/chess/v3/square.go:214.12,215.12 1 0
github.com/corentings/chess/v3/square.go:216.12,217.12 1 0
github.com/corentings/chess/v3/square.go:218.12,219.12 1 0
github.com/corentings/chess/v3/square.go:220.12,221.12 1 1
github.com/corentings/chess/v3/square.go:222.12,223.12 1 0
github.com/corentings/chess/v3/square.go:224.12,225.12 1 0
github.com/corentings/chess/v3/square.go:226.12,227.12 1 0
github.com/corentings/chess/v3/square.go:228.12,229.12 1 0
github.com/corentings/chess/v3/square.go:230.12,231.12 1 1
github.com/corentings/chess/v3/square.go:232.12,233.12 1 0
github.com/corentings/chess/v3/square.go:234.12,235.12 1 0
github.com/corentings/chess/v3/square.go:236.12,237.12 1 1
github.com/corentings/chess/v3/square.go:238.12,239.12 1 0
github.com/corentings/chess/v3/square.go:240.12,241.12 1 0
github.com/corentings/chess/v3/square.go:242.12,243.12 1 0
github.com/corentings/chess/v3/square.go:244.12,245.12 1 0
github.com/corentings/chess/v3/square.go:246.12,247.12 1 1
github.com/corentings/chess/v3/square.go:248.12,249.12 1 0
github.com/corentings/chess/v3/square.go:250.12,251.12 1 0
github.com/corentings/chess/v3/square.go:252.12,253.12 1 1
github.com/corentings/chess/v3/square.go:254.12,255.12 1 0
github.com/corentings/chess/v3/square.go:256.12,257.12 1 0
github.com/corentings/chess/v3/square.go:258.12,259.12 1 0
github.com/corentings/chess/v3/square.go:260.12,261.12 1 0
github.com/corentings/chess/v3/square.go:262.12,263.12 1 0
github.com/corentings/chess/v3/square.go:264.12,265.12 1 0
github.com/corentings/chess/v3/square.go:266.12,267.12 1 0
github.com/corentings/chess/v3/square.go:268.12,269.12 1 1
github.com/corentings/chess/v3/square.go:270.12,271.12 1 0
github.com/corentings/chess/v3/square.go:272.12,273.12 1 0
github.com/corentings/chess/v3/square.go:274.12,275.12 1 0
github.com/corentings/chess/v3/square.go:276.12,277.12 1 0
github.com/corentings/chess/v3/square.go:278.12,279.12 1 0
github.com/corentings/chess/v3/square.go:280.12,281.12 1 0
github.com/corentings/chess/v3/square.go:282.12,283.12 1 0
github.com/corentings/chess/v3/square.go:284.12,285.12 1 0
github.com/corentings/chess/v3/square.go:286.12,287.12 1 0
github.com/corentings/chess/v3/square.go:288.12,289.12 1 0
github.com/corentings/chess/v3/square.go:290.10,291.18 1 1
github.com/corentings/chess/v3/stringer.go:11.33,12.39 1 1
github.com/corentings/chess/v3/stringer.go:12.39,14.3 1 0
github.com/corentings/chess/v3/stringer.go:15.2,15.58 1 1
github.com/corentings/chess/v3/utils.go:3.29,5.2 1 1
github.com/corentings/chess/v3/utils.go:7.28,9.2 1 1
github.com/corentings/chess/v3/utils.go:11.33,13.2 1 1
github.com/corentings/chess/v3/utils.go:15.30,17.2 1 1
github.com/corentings/chess/v3/utils.go:20.27,22.2 1 1
github.com/corentings/chess/v3/utils.go:24.35,26.2 1 1
github.com/corentings/chess/v3/utils.go:29.27,31.2 1 1
github.com/corentings/chess/v3/utils.go:33.27,35.2 1 1
github.com/corentings/chess/v3/zobrist.go:26.38,33.2 1 0
github.com/corentings/chess/v3/zobrist.go:36.40,43.2 1 1
github.com/corentings/chess/v3/zobrist.go:46.36,48.19 1 1
github.com/corentings/chess/v3/zobrist.go:48.19,50.3 1 0
github.com/corentings/chess/v3/zobrist.go:53.2,55.16 3 1
github.com/corentings/chess/v3/zobrist.go:55.16,57.3 1 0
github.com/corentings/chess/v3/zobrist.go:59.2,59.15 1 1
github.com/corentings/chess/v3/zobrist.go:63.37,65.2 1 1
github.com/corentings/chess/v3/zobrist.go:67.27,69.21 2 1
github.com/corentings/chess/v3/zobrist.go:69.21,71.3 1 0
github.com/corentings/chess/v3/zobrist.go:72.2,72.30 1 1
github.com/corentings/chess/v3/zobrist.go:72.30,74.3 1 1
github.com/corentings/chess/v3/zobrist.go:78.53,84.2 2 1
github.com/corentings/chess/v3/zobrist.go:87.51,88.14 1 1
github.com/corentings/chess/v3/zobrist.go:88.14,90.3 1 1
github.com/corentings/chess/v3/zobrist.go:92.2,92.17 1 1
github.com/corentings/chess/v3/zobrist.go:92.17,95.3 2 1
github.com/corentings/chess/v3/zobrist.go:97.2,100.50 3 1
github.com/corentings/chess/v3/zobrist.go:100.50,103.3 2 0
github.com/corentings/chess/v3/zobrist.go:105.2,106.25 2 1
github.com/corentings/chess/v3/zobrist.go:110.63,111.20 1 1
github.com/corentings/chess/v3/zobrist.go:111.20,113.3 1 1
github.com/corentings/chess/v3/zobrist.go:114.2,114.12 1 1
github.com/corentings/chess/v3/zobrist.go:118.64,119.14 1 1
github.com/corentings/chess/v3/zobrist.go:119.14,121.3 1 1
github.com/corentings/chess/v3/zobrist.go:123.2,123.30 1 1
github.com/corentings/chess/v3/zobrist.go:123.30,125.3 1 1
github.com/corentings/chess/v3/zobrist.go:126.2,126.30 1 1
github.com/corentings/chess/v3/zobrist.go:126.30,128.3 1 1
github.com/corentings/chess/v3/zobrist.go:129.2,129.30 1 1
github.com/corentings/chess/v3/zobrist.go:129.30,131.3 1 1
github.com/corentings/chess/v3/zobrist.go:132.2,132.30 1 1
github.com/corentings/chess/v3/zobrist.go:132.30,134.3 1 1
github.com/corentings/chess/v3/zobrist.go:136.2,136.12 1 1
github.com/corentings/chess/v3/zobrist.go:140.62,142.21 2 1
github.com/corentings/chess/v3/zobrist.go:142.21,145.3 2 1
github.com/corentings/chess/v3/zobrist.go:147.2,147.25 1 1
github.com/corentings/chess/v3/zobrist.go:147.25,150.38 3 1
github.com/corentings/chess/v3/zobrist.go:150.38,152.17 2 1
github.com/corentings/chess/v3/zobrist.go:153.13,155.97 2 1
github.com/corentings/chess/v3/zobrist.go:155.97,157.6 1 0
github.com/corentings/chess/v3/zobrist.go:158.5,158.97 1 1
github.com/corentings/chess/v3/zobrist.go:158.97,160.6 1 0
github.com/corentings/chess/v3/zobrist.go:161.5,161.11 1 1
github.com/corentings/chess/v3/zobrist.go:162.13,164.97 2 1
github.com/corentings/chess/v3/zobrist.go:164.97,166.6 1 0
github.com/corentings/chess/v3/zobrist.go:167.5,167.97 1 1
github.com/corentings/chess/v3/zobrist.go:167.97,169.6 1 0
github.com/corentings/chess/v3/zobrist.go:170.5,170.11 1 1
github.com/corentings/chess/v3/zobrist.go:171.13,173.11 2 1
github.com/corentings/chess/v3/zobrist.go:174.13,176.11 2 1
github.com/corentings/chess/v3/zobrist.go:177.13,179.11 2 1
github.com/corentings/chess/v3/zobrist.go:180.13,182.11 2 1
github.com/corentings/chess/v3/zobrist.go:183.13,185.11 2 1
github.com/corentings/chess/v3/zobrist.go:186.13,188.11 2 1
github.com/corentings/chess/v3/zobrist.go:189.13,191.11 2 1
github.com/corentings/chess/v3/zobrist.go:192.13,194.11 2 1
github.com/corentings/chess/v3/zobrist.go:195.13,197.11 2 1
github.com/corentings/chess/v3/zobrist.go:198.13,200.11 2 1
github.com/corentings/chess/v3/zobrist.go:201.48,202.29 1 1
github.com/corentings/chess/v3/zobrist.go:203.12,205.15 2 0
github.com/corentings/chess/v3/zobrist.go:208.3,208.16 1 1
github.com/corentings/chess/v3/zobrist.go:208.16,210.4 1 1
github.com/corentings/chess/v3/zobrist.go:212.2,212.12 1 1
github.com/corentings/chess/v3/zobrist.go:216.67,224.20 6 1
github.com/corentings/chess/v3/zobrist.go:224.20,226.3 1 1
github.com/corentings/chess/v3/zobrist.go:228.2,231.61 2 1
github.com/corentings/chess/v3/zobrist.go:231.61,233.3 1 0
github.com/corentings/chess/v3/zobrist.go:235.2,235.23 1 1
github.com/corentings/chess/v3/zobrist.go:235.23,237.3 1 0
github.com/corentings/chess/v3/zobrist.go:239.2,245.19 5 1
github.com/corentings/chess/v3/zobrist.go:245.19,247.3 1 0
github.com/corentings/chess/v3/zobrist.go:249.2,252.17 3 1
github.com/corentings/chess/v3/zobrist.go:252.17,254.3 1 1
github.com/corentings/chess/v3/zobrist.go:256.2,256.35 1 1
github.com/corentings/chess/v3/zobrist.go:259.46,261.21 1 1
github.com/corentings/chess/v3/zobrist.go:261.21,263.3 1 1
github.com/corentings/chess/v3/zobrist.go:266.2,267.16 2 1
github.com/corentings/chess/v3/zobrist.go:267.16,269.3 1 0
github.com/corentings/chess/v3/zobrist.go:271.2,271.15 1 1
