mode: set
github.com/corentings/chess/v2/uci/adapter.go:22.68,24.16 2 0
github.com/corentings/chess/v2/uci/adapter.go:24.16,26.3 1 0
github.com/corentings/chess/v2/uci/adapter.go:27.2,32.36 6 0
github.com/corentings/chess/v2/uci/adapter.go:32.36,34.3 1 0
github.com/corentings/chess/v2/uci/adapter.go:35.2,41.8 2 0
github.com/corentings/chess/v2/uci/adapter.go:44.65,45.64 1 0
github.com/corentings/chess/v2/uci/adapter.go:45.64,47.3 1 0
github.com/corentings/chess/v2/uci/adapter.go:48.2,48.20 1 0
github.com/corentings/chess/v2/uci/adapter.go:48.20,50.3 1 0
github.com/corentings/chess/v2/uci/adapter.go:51.2,52.23 2 0
github.com/corentings/chess/v2/uci/adapter.go:52.23,55.23 3 0
github.com/corentings/chess/v2/uci/adapter.go:55.23,56.9 1 0
github.com/corentings/chess/v2/uci/adapter.go:59.2,59.40 1 0
github.com/corentings/chess/v2/uci/adapter.go:59.40,61.3 1 0
github.com/corentings/chess/v2/uci/adapter.go:62.2,62.19 1 0
github.com/corentings/chess/v2/uci/adapter.go:65.43,66.41 1 0
github.com/corentings/chess/v2/uci/adapter.go:66.41,68.3 1 0
github.com/corentings/chess/v2/uci/adapter.go:69.2,69.41 1 0
github.com/corentings/chess/v2/uci/adapter.go:69.41,71.3 1 0
github.com/corentings/chess/v2/uci/adapter.go:72.2,72.29 1 0
github.com/corentings/chess/v2/uci/adapter.go:75.39,77.2 1 0
github.com/corentings/chess/v2/uci/cmd.go:23.31,23.47 1 1
github.com/corentings/chess/v2/uci/cmd.go:25.40,25.66 1 1
github.com/corentings/chess/v2/uci/cmd.go:27.35,27.50 1 1
github.com/corentings/chess/v2/uci/cmd.go:29.55,32.29 3 1
github.com/corentings/chess/v2/uci/cmd.go:32.29,34.17 2 1
github.com/corentings/chess/v2/uci/cmd.go:34.17,36.12 2 1
github.com/corentings/chess/v2/uci/cmd.go:38.3,39.54 2 1
github.com/corentings/chess/v2/uci/cmd.go:39.54,41.4 1 1
github.com/corentings/chess/v2/uci/cmd.go:43.2,43.12 1 1
github.com/corentings/chess/v2/uci/cmd.go:48.35,48.55 1 1
github.com/corentings/chess/v2/uci/cmd.go:50.44,50.72 1 1
github.com/corentings/chess/v2/uci/cmd.go:52.39,52.54 1 1
github.com/corentings/chess/v2/uci/cmd.go:54.55,54.69 1 1
github.com/corentings/chess/v2/uci/cmd.go:58.38,58.61 1 1
github.com/corentings/chess/v2/uci/cmd.go:60.44,60.59 1 0
github.com/corentings/chess/v2/uci/cmd.go:62.42,62.57 1 1
github.com/corentings/chess/v2/uci/cmd.go:64.58,64.72 1 1
github.com/corentings/chess/v2/uci/cmd.go:68.37,68.59 1 1
github.com/corentings/chess/v2/uci/cmd.go:70.43,70.58 1 0
github.com/corentings/chess/v2/uci/cmd.go:72.41,72.57 1 1
github.com/corentings/chess/v2/uci/cmd.go:74.57,74.71 1 1
github.com/corentings/chess/v2/uci/cmd.go:78.32,78.49 1 1
github.com/corentings/chess/v2/uci/cmd.go:80.38,80.53 1 0
github.com/corentings/chess/v2/uci/cmd.go:82.36,82.52 1 1
github.com/corentings/chess/v2/uci/cmd.go:84.52,84.66 1 1
github.com/corentings/chess/v2/uci/cmd.go:88.32,88.49 1 1
github.com/corentings/chess/v2/uci/cmd.go:90.38,90.53 1 0
github.com/corentings/chess/v2/uci/cmd.go:92.36,92.51 1 1
github.com/corentings/chess/v2/uci/cmd.go:94.52,94.66 1 1
github.com/corentings/chess/v2/uci/cmd.go:98.32,98.49 1 1
github.com/corentings/chess/v2/uci/cmd.go:100.41,105.2 2 1
github.com/corentings/chess/v2/uci/cmd.go:107.36,107.51 1 1
github.com/corentings/chess/v2/uci/cmd.go:109.56,110.29 1 1
github.com/corentings/chess/v2/uci/cmd.go:110.29,112.85 2 1
github.com/corentings/chess/v2/uci/cmd.go:112.85,114.4 1 0
github.com/corentings/chess/v2/uci/cmd.go:115.3,115.50 1 1
github.com/corentings/chess/v2/uci/cmd.go:115.50,117.23 2 1
github.com/corentings/chess/v2/uci/cmd.go:117.23,120.19 3 1
github.com/corentings/chess/v2/uci/cmd.go:120.19,122.6 1 1
github.com/corentings/chess/v2/uci/cmd.go:123.5,123.10 1 1
github.com/corentings/chess/v2/uci/cmd.go:127.2,127.12 1 1
github.com/corentings/chess/v2/uci/cmd.go:135.41,137.2 1 0
github.com/corentings/chess/v2/uci/cmd.go:139.43,139.58 1 0
github.com/corentings/chess/v2/uci/cmd.go:141.41,141.56 1 0
github.com/corentings/chess/v2/uci/cmd.go:143.57,143.71 1 0
github.com/corentings/chess/v2/uci/cmd.go:150.40,151.25 1 1
github.com/corentings/chess/v2/uci/cmd.go:151.25,153.3 1 0
github.com/corentings/chess/v2/uci/cmd.go:154.2,154.25 1 1
github.com/corentings/chess/v2/uci/cmd.go:154.25,156.3 1 1
github.com/corentings/chess/v2/uci/cmd.go:157.2,158.30 2 0
github.com/corentings/chess/v2/uci/cmd.go:158.30,161.3 2 0
github.com/corentings/chess/v2/uci/cmd.go:162.2,162.91 1 0
github.com/corentings/chess/v2/uci/cmd.go:165.42,165.57 1 0
github.com/corentings/chess/v2/uci/cmd.go:167.40,167.55 1 1
github.com/corentings/chess/v2/uci/cmd.go:169.56,169.70 1 1
github.com/corentings/chess/v2/uci/cmd.go:186.34,188.16 2 1
github.com/corentings/chess/v2/uci/cmd.go:188.16,190.3 1 0
github.com/corentings/chess/v2/uci/cmd.go:191.2,191.23 1 1
github.com/corentings/chess/v2/uci/cmd.go:191.23,193.3 1 0
github.com/corentings/chess/v2/uci/cmd.go:194.2,194.23 1 1
github.com/corentings/chess/v2/uci/cmd.go:194.23,196.3 1 0
github.com/corentings/chess/v2/uci/cmd.go:197.2,197.28 1 1
github.com/corentings/chess/v2/uci/cmd.go:197.28,199.3 1 0
github.com/corentings/chess/v2/uci/cmd.go:200.2,200.28 1 1
github.com/corentings/chess/v2/uci/cmd.go:200.28,202.3 1 0
github.com/corentings/chess/v2/uci/cmd.go:203.2,203.23 1 1
github.com/corentings/chess/v2/uci/cmd.go:203.23,205.3 1 0
github.com/corentings/chess/v2/uci/cmd.go:206.2,206.19 1 1
github.com/corentings/chess/v2/uci/cmd.go:206.19,208.3 1 0
github.com/corentings/chess/v2/uci/cmd.go:209.2,209.19 1 1
github.com/corentings/chess/v2/uci/cmd.go:209.19,211.3 1 0
github.com/corentings/chess/v2/uci/cmd.go:212.2,212.18 1 1
github.com/corentings/chess/v2/uci/cmd.go:212.18,214.3 1 0
github.com/corentings/chess/v2/uci/cmd.go:215.2,215.22 1 1
github.com/corentings/chess/v2/uci/cmd.go:215.22,217.3 1 1
github.com/corentings/chess/v2/uci/cmd.go:218.2,218.18 1 1
github.com/corentings/chess/v2/uci/cmd.go:218.18,220.3 1 0
github.com/corentings/chess/v2/uci/cmd.go:221.2,221.30 1 1
github.com/corentings/chess/v2/uci/cmd.go:221.30,223.37 2 0
github.com/corentings/chess/v2/uci/cmd.go:223.37,226.4 2 0
github.com/corentings/chess/v2/uci/cmd.go:228.2,228.29 1 1
github.com/corentings/chess/v2/uci/cmd.go:231.39,233.2 1 1
github.com/corentings/chess/v2/uci/cmd.go:235.34,235.49 1 1
github.com/corentings/chess/v2/uci/cmd.go:237.54,241.29 3 1
github.com/corentings/chess/v2/uci/cmd.go:241.29,242.42 1 1
github.com/corentings/chess/v2/uci/cmd.go:242.42,244.23 2 1
github.com/corentings/chess/v2/uci/cmd.go:244.23,246.5 1 0
github.com/corentings/chess/v2/uci/cmd.go:247.4,248.25 2 1
github.com/corentings/chess/v2/uci/cmd.go:248.25,250.5 1 1
github.com/corentings/chess/v2/uci/cmd.go:251.4,252.18 2 1
github.com/corentings/chess/v2/uci/cmd.go:252.18,254.5 1 0
github.com/corentings/chess/v2/uci/cmd.go:255.4,256.30 2 1
github.com/corentings/chess/v2/uci/cmd.go:256.30,258.25 2 0
github.com/corentings/chess/v2/uci/cmd.go:258.25,260.6 1 0
github.com/corentings/chess/v2/uci/cmd.go:261.5,261.32 1 0
github.com/corentings/chess/v2/uci/cmd.go:263.4,263.12 1 1
github.com/corentings/chess/v2/uci/cmd.go:266.3,268.17 3 1
github.com/corentings/chess/v2/uci/cmd.go:268.17,269.12 1 0
github.com/corentings/chess/v2/uci/cmd.go:272.3,272.45 1 1
github.com/corentings/chess/v2/uci/cmd.go:272.45,274.4 1 1
github.com/corentings/chess/v2/uci/cmd.go:276.3,276.45 1 1
github.com/corentings/chess/v2/uci/cmd.go:276.45,278.37 2 1
github.com/corentings/chess/v2/uci/cmd.go:278.37,279.52 1 1
github.com/corentings/chess/v2/uci/cmd.go:279.52,281.6 1 1
github.com/corentings/chess/v2/uci/cmd.go:283.4,283.47 1 1
github.com/corentings/chess/v2/uci/cmd.go:286.2,288.12 3 1
github.com/corentings/chess/v2/uci/cmd.go:291.52,293.33 2 1
github.com/corentings/chess/v2/uci/cmd.go:293.33,295.3 1 1
github.com/corentings/chess/v2/uci/cmd.go:296.2,298.27 2 1
github.com/corentings/chess/v2/uci/cmd.go:298.27,300.3 1 0
github.com/corentings/chess/v2/uci/cmd.go:301.2,301.52 1 1
github.com/corentings/chess/v2/uci/cmd.go:304.40,306.2 1 1
github.com/corentings/chess/v2/uci/engine.go:21.23,23.2 1 0
github.com/corentings/chess/v2/uci/engine.go:25.49,26.25 1 0
github.com/corentings/chess/v2/uci/engine.go:26.25,28.3 1 0
github.com/corentings/chess/v2/uci/engine.go:31.65,33.16 2 0
github.com/corentings/chess/v2/uci/engine.go:33.16,35.3 1 0
github.com/corentings/chess/v2/uci/engine.go:36.2,36.46 1 0
github.com/corentings/chess/v2/uci/engine.go:39.71,47.27 2 1
github.com/corentings/chess/v2/uci/engine.go:47.27,49.3 1 0
github.com/corentings/chess/v2/uci/engine.go:50.2,50.10 1 1
github.com/corentings/chess/v2/uci/engine.go:53.41,58.25 4 1
github.com/corentings/chess/v2/uci/engine.go:58.25,60.3 1 1
github.com/corentings/chess/v2/uci/engine.go:61.2,61.11 1 1
github.com/corentings/chess/v2/uci/engine.go:64.46,69.30 4 1
github.com/corentings/chess/v2/uci/engine.go:69.30,71.3 1 1
github.com/corentings/chess/v2/uci/engine.go:72.2,72.11 1 1
github.com/corentings/chess/v2/uci/engine.go:75.48,79.2 3 1
github.com/corentings/chess/v2/uci/engine.go:81.29,85.2 3 1
github.com/corentings/chess/v2/uci/engine.go:87.41,88.27 1 1
github.com/corentings/chess/v2/uci/engine.go:88.27,89.26 1 1
github.com/corentings/chess/v2/uci/engine.go:89.26,90.48 1 1
github.com/corentings/chess/v2/uci/engine.go:90.48,92.5 1 0
github.com/corentings/chess/v2/uci/engine.go:93.9,94.54 1 1
github.com/corentings/chess/v2/uci/engine.go:94.54,96.5 1 0
github.com/corentings/chess/v2/uci/engine.go:99.2,99.12 1 1
github.com/corentings/chess/v2/uci/engine.go:102.32,105.20 3 1
github.com/corentings/chess/v2/uci/engine.go:105.20,107.3 1 0
github.com/corentings/chess/v2/uci/engine.go:108.2,108.17 1 1
github.com/corentings/chess/v2/uci/engine.go:111.54,115.2 3 1
github.com/corentings/chess/v2/uci/engine.go:117.48,118.13 1 1
github.com/corentings/chess/v2/uci/engine.go:118.13,120.3 1 0
github.com/corentings/chess/v2/uci/engine.go:121.2,122.16 2 1
github.com/corentings/chess/v2/uci/engine.go:122.16,124.3 1 0
github.com/corentings/chess/v2/uci/engine.go:125.2,125.13 1 1
github.com/corentings/chess/v2/uci/engine.go:125.13,126.30 1 0
github.com/corentings/chess/v2/uci/engine.go:126.30,128.4 1 0
github.com/corentings/chess/v2/uci/engine.go:130.2,130.42 1 1
github.com/corentings/chess/v2/uci/engine.go:130.42,132.3 1 0
github.com/corentings/chess/v2/uci/engine.go:133.2,133.41 1 1
github.com/corentings/chess/v2/uci/engine.go:133.41,135.3 1 1
github.com/corentings/chess/v2/uci/engine.go:136.2,136.29 1 1
github.com/corentings/chess/v2/uci/fake.go:9.59,12.9 3 1
github.com/corentings/chess/v2/uci/fake.go:12.9,14.3 1 1
github.com/corentings/chess/v2/uci/fake.go:15.2,15.20 1 1
github.com/corentings/chess/v2/uci/fake.go:15.20,17.3 1 0
github.com/corentings/chess/v2/uci/fake.go:18.2,19.33 2 1
github.com/corentings/chess/v2/uci/fake.go:19.33,21.23 2 1
github.com/corentings/chess/v2/uci/fake.go:21.23,22.9 1 1
github.com/corentings/chess/v2/uci/fake.go:25.2,25.19 1 1
github.com/corentings/chess/v2/uci/fake.go:28.37,30.2 1 1
github.com/corentings/chess/v2/uci/info.go:138.46,140.16 2 0
github.com/corentings/chess/v2/uci/info.go:140.16,142.3 1 0
github.com/corentings/chess/v2/uci/info.go:143.2,143.49 1 0
github.com/corentings/chess/v2/uci/info.go:150.47,152.16 2 0
github.com/corentings/chess/v2/uci/info.go:152.16,154.3 1 0
github.com/corentings/chess/v2/uci/info.go:155.2,155.50 1 0
github.com/corentings/chess/v2/uci/info.go:162.47,164.16 2 0
github.com/corentings/chess/v2/uci/info.go:164.16,166.3 1 0
github.com/corentings/chess/v2/uci/info.go:167.2,167.50 1 0
github.com/corentings/chess/v2/uci/info.go:176.52,178.21 2 1
github.com/corentings/chess/v2/uci/info.go:178.21,180.3 1 0
github.com/corentings/chess/v2/uci/info.go:181.2,181.24 1 1
github.com/corentings/chess/v2/uci/info.go:181.24,183.3 1 0
github.com/corentings/chess/v2/uci/info.go:184.2,185.34 2 1
github.com/corentings/chess/v2/uci/info.go:185.34,187.12 2 1
github.com/corentings/chess/v2/uci/info.go:188.16,189.12 1 1
github.com/corentings/chess/v2/uci/info.go:190.21,192.12 2 0
github.com/corentings/chess/v2/uci/info.go:193.21,195.12 2 0
github.com/corentings/chess/v2/uci/info.go:197.3,197.16 1 1
github.com/corentings/chess/v2/uci/info.go:197.16,199.12 2 1
github.com/corentings/chess/v2/uci/info.go:201.3,201.14 1 1
github.com/corentings/chess/v2/uci/info.go:202.16,204.18 2 1
github.com/corentings/chess/v2/uci/info.go:204.18,206.5 1 0
github.com/corentings/chess/v2/uci/info.go:207.4,207.18 1 1
github.com/corentings/chess/v2/uci/info.go:208.19,210.18 2 0
github.com/corentings/chess/v2/uci/info.go:210.18,212.5 1 0
github.com/corentings/chess/v2/uci/info.go:213.4,213.21 1 0
github.com/corentings/chess/v2/uci/info.go:214.18,216.18 2 1
github.com/corentings/chess/v2/uci/info.go:216.18,218.5 1 0
github.com/corentings/chess/v2/uci/info.go:219.4,219.20 1 1
github.com/corentings/chess/v2/uci/info.go:220.13,222.18 2 1
github.com/corentings/chess/v2/uci/info.go:222.18,224.5 1 0
github.com/corentings/chess/v2/uci/info.go:225.4,225.21 1 1
github.com/corentings/chess/v2/uci/info.go:226.14,229.18 3 0
github.com/corentings/chess/v2/uci/info.go:229.18,231.5 1 0
github.com/corentings/chess/v2/uci/info.go:232.4,233.18 2 0
github.com/corentings/chess/v2/uci/info.go:233.18,235.5 1 0
github.com/corentings/chess/v2/uci/info.go:236.4,237.18 2 0
github.com/corentings/chess/v2/uci/info.go:237.18,239.5 1 0
github.com/corentings/chess/v2/uci/info.go:240.4,240.10 1 0
github.com/corentings/chess/v2/uci/info.go:241.16,243.18 2 1
github.com/corentings/chess/v2/uci/info.go:243.18,245.5 1 0
github.com/corentings/chess/v2/uci/info.go:246.4,246.18 1 1
github.com/corentings/chess/v2/uci/info.go:247.15,249.18 2 0
github.com/corentings/chess/v2/uci/info.go:249.18,251.5 1 0
github.com/corentings/chess/v2/uci/info.go:252.4,252.23 1 0
github.com/corentings/chess/v2/uci/info.go:253.25,255.18 2 0
github.com/corentings/chess/v2/uci/info.go:255.18,257.5 1 0
github.com/corentings/chess/v2/uci/info.go:258.4,258.30 1 0
github.com/corentings/chess/v2/uci/info.go:259.19,261.18 2 0
github.com/corentings/chess/v2/uci/info.go:261.18,263.5 1 0
github.com/corentings/chess/v2/uci/info.go:264.4,264.24 1 0
github.com/corentings/chess/v2/uci/info.go:265.19,267.18 2 0
github.com/corentings/chess/v2/uci/info.go:267.18,269.5 1 0
github.com/corentings/chess/v2/uci/info.go:270.4,270.21 1 0
github.com/corentings/chess/v2/uci/info.go:271.17,273.18 2 1
github.com/corentings/chess/v2/uci/info.go:273.18,275.5 1 0
github.com/corentings/chess/v2/uci/info.go:276.4,276.19 1 1
github.com/corentings/chess/v2/uci/info.go:277.15,279.18 2 1
github.com/corentings/chess/v2/uci/info.go:279.18,281.5 1 0
github.com/corentings/chess/v2/uci/info.go:282.4,282.51 1 1
github.com/corentings/chess/v2/uci/info.go:283.14,285.18 2 1
github.com/corentings/chess/v2/uci/info.go:285.18,287.5 1 0
github.com/corentings/chess/v2/uci/info.go:288.4,288.16 1 1
github.com/corentings/chess/v2/uci/info.go:289.18,291.18 2 0
github.com/corentings/chess/v2/uci/info.go:291.18,293.5 1 0
github.com/corentings/chess/v2/uci/info.go:294.4,294.20 1 0
github.com/corentings/chess/v2/uci/info.go:295.13,297.18 2 1
github.com/corentings/chess/v2/uci/info.go:297.18,299.5 1 0
github.com/corentings/chess/v2/uci/info.go:300.4,300.32 1 1
github.com/corentings/chess/v2/uci/info.go:302.3,302.18 1 1
github.com/corentings/chess/v2/uci/info.go:302.18,304.4 1 1
github.com/corentings/chess/v2/uci/info.go:306.2,306.12 1 1
github.com/corentings/chess/v2/uci/option.go:120.51,123.21 3 1
github.com/corentings/chess/v2/uci/option.go:123.21,125.3 1 0
github.com/corentings/chess/v2/uci/option.go:126.2,126.26 1 1
github.com/corentings/chess/v2/uci/option.go:126.26,128.3 1 1
github.com/corentings/chess/v2/uci/option.go:129.2,130.34 2 1
github.com/corentings/chess/v2/uci/option.go:130.34,132.16 2 1
github.com/corentings/chess/v2/uci/option.go:132.16,134.12 2 1
github.com/corentings/chess/v2/uci/option.go:136.3,136.14 1 1
github.com/corentings/chess/v2/uci/option.go:137.15,138.14 1 1
github.com/corentings/chess/v2/uci/option.go:139.15,141.18 2 1
github.com/corentings/chess/v2/uci/option.go:141.18,143.5 1 0
github.com/corentings/chess/v2/uci/option.go:144.4,144.15 1 1
github.com/corentings/chess/v2/uci/option.go:145.18,146.17 1 1
github.com/corentings/chess/v2/uci/option.go:147.14,148.13 1 1
github.com/corentings/chess/v2/uci/option.go:149.14,150.13 1 1
github.com/corentings/chess/v2/uci/option.go:151.14,152.30 1 0
github.com/corentings/chess/v2/uci/option.go:154.3,154.11 1 1
github.com/corentings/chess/v2/uci/option.go:156.2,156.44 1 1
github.com/corentings/chess/v2/uci/option.go:156.44,158.3 1 0
github.com/corentings/chess/v2/uci/option.go:159.2,159.12 1 1
github.com/corentings/chess/v2/uci/option.go:194.57,195.100 1 1
github.com/corentings/chess/v2/uci/option.go:195.100,196.22 1 1
github.com/corentings/chess/v2/uci/option.go:196.22,198.4 1 1
github.com/corentings/chess/v2/uci/option.go:200.2,200.66 1 0
github.com/corentings/chess/v2/image/image.go:18.69,21.2 2 1
github.com/corentings/chess/v2/image/image.go:26.59,27.26 1 0
github.com/corentings/chess/v2/image/image.go:27.26,30.3 2 0
github.com/corentings/chess/v2/image/image.go:37.69,38.26 1 1
github.com/corentings/chess/v2/image/image.go:38.26,39.26 1 1
github.com/corentings/chess/v2/image/image.go:39.26,41.4 1 1
github.com/corentings/chess/v2/image/image.go:48.48,49.26 1 1
github.com/corentings/chess/v2/image/image.go:49.26,51.3 1 1
github.com/corentings/chess/v2/image/image.go:66.65,74.29 2 1
github.com/corentings/chess/v2/image/image.go:74.29,76.3 1 1
github.com/corentings/chess/v2/image/image.go:77.2,77.10 1 1
github.com/corentings/chess/v2/image/image.go:97.51,106.34 8 1
github.com/corentings/chess/v2/image/image.go:106.34,109.3 2 1
github.com/corentings/chess/v2/image/image.go:110.2,110.29 1 1
github.com/corentings/chess/v2/image/image.go:110.29,111.30 1 1
github.com/corentings/chess/v2/image/image.go:111.30,118.10 7 1
github.com/corentings/chess/v2/image/image.go:118.10,120.5 1 1
github.com/corentings/chess/v2/image/image.go:122.4,123.26 2 1
github.com/corentings/chess/v2/image/image.go:123.26,125.65 2 1
github.com/corentings/chess/v2/image/image.go:125.65,127.6 1 0
github.com/corentings/chess/v2/image/image.go:130.4,131.14 2 1
github.com/corentings/chess/v2/image/image.go:131.14,134.5 2 1
github.com/corentings/chess/v2/image/image.go:136.4,136.21 1 1
github.com/corentings/chess/v2/image/image.go:136.21,139.5 2 1
github.com/corentings/chess/v2/image/image.go:142.2,143.12 2 1
github.com/corentings/chess/v2/image/image.go:146.63,148.18 2 1
github.com/corentings/chess/v2/image/image.go:148.18,150.3 1 1
github.com/corentings/chess/v2/image/image.go:151.2,151.16 1 1
github.com/corentings/chess/v2/image/image.go:154.61,156.18 2 1
github.com/corentings/chess/v2/image/image.go:156.18,158.3 1 1
github.com/corentings/chess/v2/image/image.go:159.2,159.15 1 1
github.com/corentings/chess/v2/image/image.go:162.39,165.2 2 1
github.com/corentings/chess/v2/image/image.go:167.47,173.2 5 1
github.com/corentings/chess/v2/opening/eco.go:24.28,26.123 2 1
github.com/corentings/chess/v2/opening/eco.go:26.123,27.13 1 0
github.com/corentings/chess/v2/opening/eco.go:29.2,40.16 6 1
github.com/corentings/chess/v2/opening/eco.go:40.16,42.3 1 0
github.com/corentings/chess/v2/opening/eco.go:43.2,43.30 1 1
github.com/corentings/chess/v2/opening/eco.go:43.30,44.13 1 1
github.com/corentings/chess/v2/opening/eco.go:44.13,45.12 1 1
github.com/corentings/chess/v2/opening/eco.go:47.3,48.18 2 1
github.com/corentings/chess/v2/opening/eco.go:50.2,50.10 1 1
github.com/corentings/chess/v2/opening/eco.go:54.54,55.63 1 1
github.com/corentings/chess/v2/opening/eco.go:55.63,56.23 1 1
github.com/corentings/chess/v2/opening/eco.go:56.23,58.4 1 1
github.com/corentings/chess/v2/opening/eco.go:60.2,60.12 1 0
github.com/corentings/chess/v2/opening/eco.go:64.60,67.34 3 1
github.com/corentings/chess/v2/opening/eco.go:67.34,68.23 1 1
github.com/corentings/chess/v2/opening/eco.go:68.23,70.4 1 1
github.com/corentings/chess/v2/opening/eco.go:72.2,72.17 1 1
github.com/corentings/chess/v2/opening/eco.go:75.66,76.21 1 1
github.com/corentings/chess/v2/opening/eco.go:76.21,78.3 1 1
github.com/corentings/chess/v2/opening/eco.go:79.2,80.9 2 1
github.com/corentings/chess/v2/opening/eco.go:80.9,82.3 1 0
github.com/corentings/chess/v2/opening/eco.go:83.2,83.35 1 1
github.com/corentings/chess/v2/opening/eco.go:86.44,89.41 3 1
github.com/corentings/chess/v2/opening/eco.go:89.41,92.17 3 1
github.com/corentings/chess/v2/opening/eco.go:92.17,94.4 1 0
github.com/corentings/chess/v2/opening/eco.go:95.3,96.43 2 1
github.com/corentings/chess/v2/opening/eco.go:98.2,100.12 3 1
github.com/corentings/chess/v2/opening/eco.go:103.92,108.32 5 1
github.com/corentings/chess/v2/opening/eco.go:108.32,109.20 1 1
github.com/corentings/chess/v2/opening/eco.go:109.20,111.9 2 1
github.com/corentings/chess/v2/opening/eco.go:114.2,114.18 1 1
github.com/corentings/chess/v2/opening/eco.go:114.18,122.3 2 1
github.com/corentings/chess/v2/opening/eco.go:123.2,123.23 1 1
github.com/corentings/chess/v2/opening/eco.go:123.23,126.3 2 1
github.com/corentings/chess/v2/opening/eco.go:127.2,127.41 1 1
github.com/corentings/chess/v2/opening/eco.go:138.52,140.34 2 1
github.com/corentings/chess/v2/opening/eco.go:140.34,142.3 1 1
github.com/corentings/chess/v2/opening/eco.go:145.48,147.12 2 1
github.com/corentings/chess/v2/opening/eco.go:147.12,150.3 2 1
github.com/corentings/chess/v2/opening/eco.go:151.2,152.20 2 1
github.com/corentings/chess/v2/opening/eco.go:152.20,154.3 1 1
github.com/corentings/chess/v2/opening/eco.go:155.2,155.14 1 1
github.com/corentings/chess/v2/opening/eco.go:158.34,162.2 3 1
github.com/corentings/chess/v2/opening/eco.go:165.41,168.25 3 1
github.com/corentings/chess/v2/opening/eco.go:168.25,170.14 2 1
github.com/corentings/chess/v2/opening/eco.go:170.14,172.4 1 1
github.com/corentings/chess/v2/opening/eco.go:172.9,174.4 1 0
github.com/corentings/chess/v2/opening/eco.go:176.2,176.11 1 1
github.com/corentings/chess/v2/opening/opening.go:19.33,21.2 1 0
github.com/corentings/chess/v2/opening/opening.go:24.34,26.2 1 1
github.com/corentings/chess/v2/opening/opening.go:29.32,31.2 1 0
github.com/corentings/chess/v2/opening/opening.go:34.38,35.19 1 0
github.com/corentings/chess/v2/opening/opening.go:35.19,38.3 2 0
github.com/corentings/chess/v2/opening/opening.go:39.2,39.15 1 0
github.com/corentings/chess/v2/image/internal/bindata.go:32.60,34.16 2 0
github.com/corentings/chess/v2/image/internal/bindata.go:34.16,36.3 1 0
github.com/corentings/chess/v2/image/internal/bindata.go:38.2,42.16 4 0
github.com/corentings/chess/v2/image/internal/bindata.go:42.16,44.3 1 0
github.com/corentings/chess/v2/image/internal/bindata.go:45.2,45.18 1 0
github.com/corentings/chess/v2/image/internal/bindata.go:45.18,47.3 1 0
github.com/corentings/chess/v2/image/internal/bindata.go:49.2,49.25 1 0
github.com/corentings/chess/v2/image/internal/bindata.go:64.41,66.2 1 0
github.com/corentings/chess/v2/image/internal/bindata.go:68.40,70.2 1 0
github.com/corentings/chess/v2/image/internal/bindata.go:72.46,74.2 1 0
github.com/corentings/chess/v2/image/internal/bindata.go:76.47,78.2 1 0
github.com/corentings/chess/v2/image/internal/bindata.go:80.40,82.2 1 0
github.com/corentings/chess/v2/image/internal/bindata.go:84.45,86.2 1 0
github.com/corentings/chess/v2/image/internal/bindata.go:90.44,95.2 1 0
github.com/corentings/chess/v2/image/internal/bindata.go:97.39,99.16 2 0
github.com/corentings/chess/v2/image/internal/bindata.go:99.16,101.3 1 0
github.com/corentings/chess/v2/image/internal/bindata.go:103.2,105.15 3 0
github.com/corentings/chess/v2/image/internal/bindata.go:110.41,115.2 1 0
github.com/corentings/chess/v2/image/internal/bindata.go:117.36,119.16 2 0
github.com/corentings/chess/v2/image/internal/bindata.go:119.16,121.3 1 0
github.com/corentings/chess/v2/image/internal/bindata.go:123.2,125.15 3 0
github.com/corentings/chess/v2/image/internal/bindata.go:130.41,135.2 1 0
github.com/corentings/chess/v2/image/internal/bindata.go:137.36,139.16 2 0
github.com/corentings/chess/v2/image/internal/bindata.go:139.16,141.3 1 0
github.com/corentings/chess/v2/image/internal/bindata.go:143.2,145.15 3 0
github.com/corentings/chess/v2/image/internal/bindata.go:150.41,155.2 1 0
github.com/corentings/chess/v2/image/internal/bindata.go:157.36,159.16 2 0
github.com/corentings/chess/v2/image/internal/bindata.go:159.16,161.3 1 0
github.com/corentings/chess/v2/image/internal/bindata.go:163.2,165.15 3 0
github.com/corentings/chess/v2/image/internal/bindata.go:170.41,175.2 1 0
github.com/corentings/chess/v2/image/internal/bindata.go:177.36,179.16 2 0
github.com/corentings/chess/v2/image/internal/bindata.go:179.16,181.3 1 0
github.com/corentings/chess/v2/image/internal/bindata.go:183.2,185.15 3 0
github.com/corentings/chess/v2/image/internal/bindata.go:190.41,195.2 1 0
github.com/corentings/chess/v2/image/internal/bindata.go:197.36,199.16 2 0
github.com/corentings/chess/v2/image/internal/bindata.go:199.16,201.3 1 0
github.com/corentings/chess/v2/image/internal/bindata.go:203.2,205.15 3 0
github.com/corentings/chess/v2/image/internal/bindata.go:210.41,215.2 1 0
github.com/corentings/chess/v2/image/internal/bindata.go:217.36,219.16 2 0
github.com/corentings/chess/v2/image/internal/bindata.go:219.16,221.3 1 0
github.com/corentings/chess/v2/image/internal/bindata.go:223.2,225.15 3 0
github.com/corentings/chess/v2/image/internal/bindata.go:230.41,235.2 1 0
github.com/corentings/chess/v2/image/internal/bindata.go:237.36,239.16 2 0
github.com/corentings/chess/v2/image/internal/bindata.go:239.16,241.3 1 0
github.com/corentings/chess/v2/image/internal/bindata.go:243.2,245.15 3 0
github.com/corentings/chess/v2/image/internal/bindata.go:250.41,255.2 1 0
github.com/corentings/chess/v2/image/internal/bindata.go:257.36,259.16 2 0
github.com/corentings/chess/v2/image/internal/bindata.go:259.16,261.3 1 0
github.com/corentings/chess/v2/image/internal/bindata.go:263.2,265.15 3 0
github.com/corentings/chess/v2/image/internal/bindata.go:270.41,275.2 1 0
github.com/corentings/chess/v2/image/internal/bindata.go:277.36,279.16 2 0
github.com/corentings/chess/v2/image/internal/bindata.go:279.16,281.3 1 0
github.com/corentings/chess/v2/image/internal/bindata.go:283.2,285.15 3 0
github.com/corentings/chess/v2/image/internal/bindata.go:290.41,295.2 1 0
github.com/corentings/chess/v2/image/internal/bindata.go:297.36,299.16 2 0
github.com/corentings/chess/v2/image/internal/bindata.go:299.16,301.3 1 0
github.com/corentings/chess/v2/image/internal/bindata.go:303.2,305.15 3 0
github.com/corentings/chess/v2/image/internal/bindata.go:310.41,315.2 1 0
github.com/corentings/chess/v2/image/internal/bindata.go:317.36,319.16 2 0
github.com/corentings/chess/v2/image/internal/bindata.go:319.16,321.3 1 0
github.com/corentings/chess/v2/image/internal/bindata.go:323.2,325.15 3 0
github.com/corentings/chess/v2/image/internal/bindata.go:330.41,335.2 1 0
github.com/corentings/chess/v2/image/internal/bindata.go:337.36,339.16 2 0
github.com/corentings/chess/v2/image/internal/bindata.go:339.16,341.3 1 0
github.com/corentings/chess/v2/image/internal/bindata.go:343.2,345.15 3 0
github.com/corentings/chess/v2/image/internal/bindata.go:351.41,353.43 2 0
github.com/corentings/chess/v2/image/internal/bindata.go:353.43,355.17 2 0
github.com/corentings/chess/v2/image/internal/bindata.go:355.17,357.4 1 0
github.com/corentings/chess/v2/image/internal/bindata.go:358.3,358.22 1 0
github.com/corentings/chess/v2/image/internal/bindata.go:360.2,360.52 1 0
github.com/corentings/chess/v2/image/internal/bindata.go:365.36,367.16 2 0
github.com/corentings/chess/v2/image/internal/bindata.go:367.16,368.54 1 0
github.com/corentings/chess/v2/image/internal/bindata.go:371.2,371.10 1 0
github.com/corentings/chess/v2/image/internal/bindata.go:377.50,379.43 2 0
github.com/corentings/chess/v2/image/internal/bindata.go:379.43,381.17 2 0
github.com/corentings/chess/v2/image/internal/bindata.go:381.17,383.4 1 0
github.com/corentings/chess/v2/image/internal/bindata.go:384.3,384.21 1 0
github.com/corentings/chess/v2/image/internal/bindata.go:386.2,386.56 1 0
github.com/corentings/chess/v2/image/internal/bindata.go:390.28,392.29 2 0
github.com/corentings/chess/v2/image/internal/bindata.go:392.29,394.3 1 0
github.com/corentings/chess/v2/image/internal/bindata.go:395.2,395.14 1 0
github.com/corentings/chess/v2/image/internal/bindata.go:430.46,432.20 2 0
github.com/corentings/chess/v2/image/internal/bindata.go:432.20,435.30 3 0
github.com/corentings/chess/v2/image/internal/bindata.go:435.30,437.19 2 0
github.com/corentings/chess/v2/image/internal/bindata.go:437.19,439.5 1 0
github.com/corentings/chess/v2/image/internal/bindata.go:442.2,442.22 1 0
github.com/corentings/chess/v2/image/internal/bindata.go:442.22,444.3 1 0
github.com/corentings/chess/v2/image/internal/bindata.go:445.2,446.39 2 0
github.com/corentings/chess/v2/image/internal/bindata.go:446.39,448.3 1 0
github.com/corentings/chess/v2/image/internal/bindata.go:449.2,449.16 1 0
github.com/corentings/chess/v2/image/internal/bindata.go:476.43,478.16 2 0
github.com/corentings/chess/v2/image/internal/bindata.go:478.16,480.3 1 0
github.com/corentings/chess/v2/image/internal/bindata.go:481.2,482.16 2 0
github.com/corentings/chess/v2/image/internal/bindata.go:482.16,484.3 1 0
github.com/corentings/chess/v2/image/internal/bindata.go:485.2,486.16 2 0
github.com/corentings/chess/v2/image/internal/bindata.go:486.16,488.3 1 0
github.com/corentings/chess/v2/image/internal/bindata.go:489.2,490.16 2 0
github.com/corentings/chess/v2/image/internal/bindata.go:490.16,492.3 1 0
github.com/corentings/chess/v2/image/internal/bindata.go:493.2,494.16 2 0
github.com/corentings/chess/v2/image/internal/bindata.go:494.16,496.3 1 0
github.com/corentings/chess/v2/image/internal/bindata.go:497.2,497.12 1 0
github.com/corentings/chess/v2/image/internal/bindata.go:501.44,504.16 2 0
github.com/corentings/chess/v2/image/internal/bindata.go:504.16,506.3 1 0
github.com/corentings/chess/v2/image/internal/bindata.go:508.2,508.33 1 0
github.com/corentings/chess/v2/image/internal/bindata.go:508.33,510.17 2 0
github.com/corentings/chess/v2/image/internal/bindata.go:510.17,512.4 1 0
github.com/corentings/chess/v2/image/internal/bindata.go:514.2,514.12 1 0
github.com/corentings/chess/v2/image/internal/bindata.go:517.41,520.2 2 0
github.com/corentings/chess/v2/bitboard.go:62.46,64.38 2 1
github.com/corentings/chess/v2/bitboard.go:64.38,66.20 2 1
github.com/corentings/chess/v2/bitboard.go:66.20,68.4 1 1
github.com/corentings/chess/v2/bitboard.go:70.2,70.21 1 1
github.com/corentings/chess/v2/bitboard.go:78.45,80.38 2 1
github.com/corentings/chess/v2/bitboard.go:80.38,81.36 1 1
github.com/corentings/chess/v2/bitboard.go:81.36,83.4 1 1
github.com/corentings/chess/v2/bitboard.go:85.2,85.10 1 1
github.com/corentings/chess/v2/bitboard.go:89.35,92.2 2 0
github.com/corentings/chess/v2/bitboard.go:95.33,97.26 2 0
github.com/corentings/chess/v2/bitboard.go:97.26,99.36 2 0
github.com/corentings/chess/v2/bitboard.go:99.36,101.22 2 0
github.com/corentings/chess/v2/bitboard.go:101.22,103.5 1 0
github.com/corentings/chess/v2/bitboard.go:103.10,105.5 1 0
github.com/corentings/chess/v2/bitboard.go:106.4,106.12 1 0
github.com/corentings/chess/v2/bitboard.go:108.3,108.12 1 0
github.com/corentings/chess/v2/bitboard.go:110.2,110.10 1 0
github.com/corentings/chess/v2/bitboard.go:121.38,123.2 1 1
github.com/corentings/chess/v2/bitboard.go:134.44,136.2 1 1
github.com/corentings/chess/v2/board.go:78.42,80.31 2 1
github.com/corentings/chess/v2/board.go:80.31,82.39 2 1
github.com/corentings/chess/v2/board.go:82.39,84.55 2 1
github.com/corentings/chess/v2/board.go:84.55,86.5 1 1
github.com/corentings/chess/v2/board.go:88.3,88.36 1 1
github.com/corentings/chess/v2/board.go:90.2,91.10 2 1
github.com/corentings/chess/v2/board.go:96.46,98.38 2 1
github.com/corentings/chess/v2/board.go:98.38,100.19 2 1
github.com/corentings/chess/v2/board.go:100.19,102.4 1 1
github.com/corentings/chess/v2/board.go:104.2,104.10 1 1
github.com/corentings/chess/v2/board.go:108.33,110.2 1 1
github.com/corentings/chess/v2/board.go:125.47,127.38 2 1
github.com/corentings/chess/v2/board.go:127.38,129.13 2 1
github.com/corentings/chess/v2/board.go:130.15,133.30 3 1
github.com/corentings/chess/v2/board.go:134.18,137.30 3 1
github.com/corentings/chess/v2/board.go:139.3,139.30 1 1
github.com/corentings/chess/v2/board.go:141.2,141.20 1 1
github.com/corentings/chess/v2/board.go:145.36,147.38 2 1
github.com/corentings/chess/v2/board.go:147.38,152.3 4 1
github.com/corentings/chess/v2/board.go:153.2,153.20 1 1
github.com/corentings/chess/v2/board.go:171.31,173.2 1 0
github.com/corentings/chess/v2/board.go:178.64,179.26 1 0
github.com/corentings/chess/v2/board.go:179.26,181.3 1 0
github.com/corentings/chess/v2/board.go:183.2,183.33 1 0
github.com/corentings/chess/v2/board.go:187.52,189.26 2 0
github.com/corentings/chess/v2/board.go:189.26,191.36 2 0
github.com/corentings/chess/v2/board.go:191.36,193.20 2 0
github.com/corentings/chess/v2/board.go:193.20,195.5 1 0
github.com/corentings/chess/v2/board.go:195.10,196.17 1 0
github.com/corentings/chess/v2/board.go:196.17,198.6 1 0
github.com/corentings/chess/v2/board.go:198.11,200.6 1 0
github.com/corentings/chess/v2/board.go:202.4,202.12 1 0
github.com/corentings/chess/v2/board.go:204.3,204.12 1 0
github.com/corentings/chess/v2/board.go:206.2,206.10 1 0
github.com/corentings/chess/v2/board.go:210.52,212.26 2 0
github.com/corentings/chess/v2/board.go:212.26,214.47 2 0
github.com/corentings/chess/v2/board.go:214.47,216.20 2 0
github.com/corentings/chess/v2/board.go:216.20,218.5 1 0
github.com/corentings/chess/v2/board.go:218.10,219.17 1 0
github.com/corentings/chess/v2/board.go:219.17,221.6 1 0
github.com/corentings/chess/v2/board.go:221.11,223.6 1 0
github.com/corentings/chess/v2/board.go:225.4,225.12 1 0
github.com/corentings/chess/v2/board.go:227.3,227.12 1 0
github.com/corentings/chess/v2/board.go:229.2,229.10 1 0
github.com/corentings/chess/v2/board.go:234.33,245.37 5 1
github.com/corentings/chess/v2/board.go:245.37,247.23 1 1
github.com/corentings/chess/v2/board.go:247.23,249.4 1 1
github.com/corentings/chess/v2/board.go:252.3,252.29 1 1
github.com/corentings/chess/v2/board.go:252.29,256.20 3 1
github.com/corentings/chess/v2/board.go:256.20,258.13 2 1
github.com/corentings/chess/v2/board.go:262.4,262.22 1 1
github.com/corentings/chess/v2/board.go:262.22,265.5 2 1
github.com/corentings/chess/v2/board.go:268.4,268.37 1 1
github.com/corentings/chess/v2/board.go:272.3,272.21 1 1
github.com/corentings/chess/v2/board.go:272.21,275.4 2 1
github.com/corentings/chess/v2/board.go:279.2,279.20 1 1
github.com/corentings/chess/v2/board.go:284.40,285.30 1 1
github.com/corentings/chess/v2/board.go:285.30,287.22 2 1
github.com/corentings/chess/v2/board.go:287.22,289.4 1 1
github.com/corentings/chess/v2/board.go:291.2,291.16 1 1
github.com/corentings/chess/v2/board.go:296.47,298.2 1 1
github.com/corentings/chess/v2/board.go:302.50,304.16 2 1
github.com/corentings/chess/v2/board.go:304.16,306.3 1 0
github.com/corentings/chess/v2/board.go:307.2,308.12 2 1
github.com/corentings/chess/v2/board.go:315.49,323.2 4 1
github.com/corentings/chess/v2/board.go:329.52,332.31 2 1
github.com/corentings/chess/v2/board.go:332.31,334.3 1 0
github.com/corentings/chess/v2/board.go:335.2,348.12 14 1
github.com/corentings/chess/v2/board.go:352.33,358.30 4 1
github.com/corentings/chess/v2/board.go:358.30,363.24 3 1
github.com/corentings/chess/v2/board.go:363.24,366.4 2 1
github.com/corentings/chess/v2/board.go:369.2,369.45 1 1
github.com/corentings/chess/v2/board.go:369.45,377.3 5 1
github.com/corentings/chess/v2/board.go:379.2,379.25 1 1
github.com/corentings/chess/v2/board.go:379.25,380.26 1 1
github.com/corentings/chess/v2/board.go:380.26,382.4 1 1
github.com/corentings/chess/v2/board.go:382.9,384.4 1 1
github.com/corentings/chess/v2/board.go:387.2,387.9 1 1
github.com/corentings/chess/v2/board.go:388.55,389.69 1 1
github.com/corentings/chess/v2/board.go:390.56,391.71 1 1
github.com/corentings/chess/v2/board.go:392.55,393.69 1 1
github.com/corentings/chess/v2/board.go:394.56,395.71 1 1
github.com/corentings/chess/v2/board.go:398.2,398.23 1 1
github.com/corentings/chess/v2/board.go:401.43,408.9 7 1
github.com/corentings/chess/v2/board.go:409.16,413.39 3 1
github.com/corentings/chess/v2/board.go:413.39,415.35 2 1
github.com/corentings/chess/v2/board.go:415.35,417.5 1 1
github.com/corentings/chess/v2/board.go:417.10,417.42 1 1
github.com/corentings/chess/v2/board.go:417.42,419.5 1 1
github.com/corentings/chess/v2/board.go:421.29,422.23 1 1
github.com/corentings/chess/v2/board.go:423.29,424.23 1 1
github.com/corentings/chess/v2/board.go:428.31,448.2 1 1
github.com/corentings/chess/v2/board.go:450.44,452.2 1 1
github.com/corentings/chess/v2/board.go:454.46,457.55 1 1
github.com/corentings/chess/v2/board.go:457.55,459.3 1 1
github.com/corentings/chess/v2/board.go:461.2,461.46 1 1
github.com/corentings/chess/v2/board.go:461.46,463.3 1 0
github.com/corentings/chess/v2/board.go:464.2,466.29 3 1
github.com/corentings/chess/v2/board.go:466.29,468.3 1 1
github.com/corentings/chess/v2/board.go:470.2,470.46 1 1
github.com/corentings/chess/v2/board.go:470.46,472.3 1 1
github.com/corentings/chess/v2/board.go:474.2,474.46 1 1
github.com/corentings/chess/v2/board.go:474.46,476.3 1 1
github.com/corentings/chess/v2/board.go:478.2,478.46 1 1
github.com/corentings/chess/v2/board.go:478.46,480.3 1 1
github.com/corentings/chess/v2/board.go:482.2,482.24 1 1
github.com/corentings/chess/v2/board.go:482.24,485.31 3 1
github.com/corentings/chess/v2/board.go:485.31,486.26 1 1
github.com/corentings/chess/v2/board.go:486.26,487.23 1 1
github.com/corentings/chess/v2/board.go:488.16,489.18 1 1
github.com/corentings/chess/v2/board.go:490.16,491.18 1 1
github.com/corentings/chess/v2/board.go:495.3,495.41 1 1
github.com/corentings/chess/v2/board.go:495.41,497.4 1 1
github.com/corentings/chess/v2/board.go:499.2,499.13 1 1
github.com/corentings/chess/v2/board.go:502.46,503.11 1 1
github.com/corentings/chess/v2/board.go:504.17,505.23 1 1
github.com/corentings/chess/v2/board.go:506.18,507.24 1 1
github.com/corentings/chess/v2/board.go:508.17,509.23 1 1
github.com/corentings/chess/v2/board.go:510.19,511.25 1 1
github.com/corentings/chess/v2/board.go:512.19,513.25 1 1
github.com/corentings/chess/v2/board.go:514.17,515.23 1 1
github.com/corentings/chess/v2/board.go:516.17,517.23 1 1
github.com/corentings/chess/v2/board.go:518.18,519.24 1 1
github.com/corentings/chess/v2/board.go:520.17,521.23 1 1
github.com/corentings/chess/v2/board.go:522.19,523.25 1 1
github.com/corentings/chess/v2/board.go:524.19,525.25 1 1
github.com/corentings/chess/v2/board.go:526.17,527.23 1 1
github.com/corentings/chess/v2/board.go:529.2,529.20 1 0
github.com/corentings/chess/v2/board.go:532.53,533.11 1 1
github.com/corentings/chess/v2/board.go:534.17,535.21 1 1
github.com/corentings/chess/v2/board.go:536.18,537.22 1 1
github.com/corentings/chess/v2/board.go:538.17,539.21 1 1
github.com/corentings/chess/v2/board.go:540.19,541.23 1 1
github.com/corentings/chess/v2/board.go:542.19,543.23 1 1
github.com/corentings/chess/v2/board.go:544.17,545.21 1 1
github.com/corentings/chess/v2/board.go:546.17,547.21 1 1
github.com/corentings/chess/v2/board.go:548.18,549.22 1 1
github.com/corentings/chess/v2/board.go:550.17,551.21 1 1
github.com/corentings/chess/v2/board.go:552.19,553.23 1 1
github.com/corentings/chess/v2/board.go:554.19,555.23 1 1
github.com/corentings/chess/v2/board.go:556.17,557.21 1 1
github.com/corentings/chess/v2/board.go:558.10,559.36 1 0
github.com/corentings/chess/v2/engine.go:38.59,43.2 2 1
github.com/corentings/chess/v2/engine.go:47.49,49.2 1 1
github.com/corentings/chess/v2/engine.go:60.44,62.27 2 1
github.com/corentings/chess/v2/engine.go:62.27,64.3 1 0
github.com/corentings/chess/v2/engine.go:64.8,66.3 1 1
github.com/corentings/chess/v2/engine.go:67.2,67.30 1 1
github.com/corentings/chess/v2/engine.go:67.30,69.3 1 1
github.com/corentings/chess/v2/engine.go:69.8,69.36 1 1
github.com/corentings/chess/v2/engine.go:69.36,71.3 1 1
github.com/corentings/chess/v2/engine.go:72.2,72.17 1 1
github.com/corentings/chess/v2/engine.go:87.26,89.3 1 1
github.com/corentings/chess/v2/engine.go:98.71,107.25 6 1
github.com/corentings/chess/v2/engine.go:107.25,109.3 1 1
github.com/corentings/chess/v2/engine.go:111.2,111.30 1 1
github.com/corentings/chess/v2/engine.go:111.30,112.30 1 1
github.com/corentings/chess/v2/engine.go:112.30,113.12 1 1
github.com/corentings/chess/v2/engine.go:115.3,116.16 2 1
github.com/corentings/chess/v2/engine.go:116.16,117.12 1 1
github.com/corentings/chess/v2/engine.go:119.3,119.39 1 1
github.com/corentings/chess/v2/engine.go:119.39,120.41 1 1
github.com/corentings/chess/v2/engine.go:120.41,121.13 1 1
github.com/corentings/chess/v2/engine.go:123.4,124.17 2 1
github.com/corentings/chess/v2/engine.go:124.17,125.13 1 1
github.com/corentings/chess/v2/engine.go:127.4,127.40 1 1
github.com/corentings/chess/v2/engine.go:127.40,128.42 1 1
github.com/corentings/chess/v2/engine.go:128.42,129.14 1 1
github.com/corentings/chess/v2/engine.go:133.5,136.105 3 1
github.com/corentings/chess/v2/engine.go:136.105,137.41 1 1
github.com/corentings/chess/v2/engine.go:137.41,140.42 3 1
github.com/corentings/chess/v2/engine.go:140.42,144.17 3 1
github.com/corentings/chess/v2/engine.go:144.17,149.9 3 1
github.com/corentings/chess/v2/engine.go:152.11,155.42 3 1
github.com/corentings/chess/v2/engine.go:155.42,158.16 3 1
github.com/corentings/chess/v2/engine.go:158.16,162.8 3 1
github.com/corentings/chess/v2/engine.go:170.2,172.15 3 1
github.com/corentings/chess/v2/engine.go:183.46,186.32 3 1
github.com/corentings/chess/v2/engine.go:186.32,188.3 1 1
github.com/corentings/chess/v2/engine.go:188.8,188.60 1 1
github.com/corentings/chess/v2/engine.go:188.60,190.3 1 1
github.com/corentings/chess/v2/engine.go:192.2,192.70 1 1
github.com/corentings/chess/v2/engine.go:192.70,193.15 1 1
github.com/corentings/chess/v2/engine.go:194.15,195.27 1 1
github.com/corentings/chess/v2/engine.go:196.15,197.26 1 1
github.com/corentings/chess/v2/engine.go:201.2,206.19 5 1
github.com/corentings/chess/v2/engine.go:206.19,208.3 1 1
github.com/corentings/chess/v2/engine.go:210.2,211.19 2 1
github.com/corentings/chess/v2/engine.go:211.19,213.3 1 1
github.com/corentings/chess/v2/engine.go:214.2,214.13 1 1
github.com/corentings/chess/v2/engine.go:218.36,220.25 2 1
github.com/corentings/chess/v2/engine.go:220.25,222.3 1 1
github.com/corentings/chess/v2/engine.go:224.2,224.24 1 1
github.com/corentings/chess/v2/engine.go:224.24,226.3 1 1
github.com/corentings/chess/v2/engine.go:227.2,227.40 1 1
github.com/corentings/chess/v2/engine.go:240.60,243.25 3 1
github.com/corentings/chess/v2/engine.go:243.25,246.26 2 1
github.com/corentings/chess/v2/engine.go:246.26,248.4 1 1
github.com/corentings/chess/v2/engine.go:249.3,249.82 1 1
github.com/corentings/chess/v2/engine.go:249.82,250.12 1 1
github.com/corentings/chess/v2/engine.go:253.3,255.14 3 1
github.com/corentings/chess/v2/engine.go:255.14,257.4 1 1
github.com/corentings/chess/v2/engine.go:259.3,261.14 3 1
github.com/corentings/chess/v2/engine.go:261.14,263.4 1 1
github.com/corentings/chess/v2/engine.go:265.3,267.14 3 1
github.com/corentings/chess/v2/engine.go:267.14,269.4 1 1
github.com/corentings/chess/v2/engine.go:271.3,273.14 3 1
github.com/corentings/chess/v2/engine.go:273.14,275.4 1 1
github.com/corentings/chess/v2/engine.go:277.3,277.26 1 1
github.com/corentings/chess/v2/engine.go:277.26,281.15 4 1
github.com/corentings/chess/v2/engine.go:281.15,283.5 1 1
github.com/corentings/chess/v2/engine.go:284.9,288.15 4 1
github.com/corentings/chess/v2/engine.go:288.15,290.5 1 1
github.com/corentings/chess/v2/engine.go:293.3,295.14 3 1
github.com/corentings/chess/v2/engine.go:295.14,297.4 1 1
github.com/corentings/chess/v2/engine.go:299.2,299.14 1 1
github.com/corentings/chess/v2/engine.go:313.74,314.12 1 1
github.com/corentings/chess/v2/engine.go:315.12,316.25 1 1
github.com/corentings/chess/v2/engine.go:317.13,318.80 1 1
github.com/corentings/chess/v2/engine.go:319.12,320.43 1 1
github.com/corentings/chess/v2/engine.go:321.14,322.44 1 1
github.com/corentings/chess/v2/engine.go:323.14,324.27 1 1
github.com/corentings/chess/v2/engine.go:325.12,326.28 1 1
github.com/corentings/chess/v2/engine.go:328.2,328.20 1 0
github.com/corentings/chess/v2/engine.go:338.40,349.16 5 1
github.com/corentings/chess/v2/engine.go:349.16,354.3 4 1
github.com/corentings/chess/v2/engine.go:357.2,360.16 1 1
github.com/corentings/chess/v2/engine.go:360.16,365.3 4 1
github.com/corentings/chess/v2/engine.go:368.2,371.16 1 1
github.com/corentings/chess/v2/engine.go:371.16,376.3 4 1
github.com/corentings/chess/v2/engine.go:379.2,382.16 1 1
github.com/corentings/chess/v2/engine.go:382.16,387.3 4 1
github.com/corentings/chess/v2/engine.go:389.2,389.22 1 1
github.com/corentings/chess/v2/engine.go:401.51,404.37 3 1
github.com/corentings/chess/v2/engine.go:404.37,406.3 1 1
github.com/corentings/chess/v2/engine.go:407.2,407.25 1 1
github.com/corentings/chess/v2/engine.go:407.25,413.3 5 1
github.com/corentings/chess/v2/engine.go:414.2,418.43 5 1
github.com/corentings/chess/v2/engine.go:423.55,428.2 4 1
github.com/corentings/chess/v2/engine.go:431.54,436.2 4 1
github.com/corentings/chess/v2/engine.go:441.58,444.2 2 1
github.com/corentings/chess/v2/engine.go:467.38,469.2 1 1
github.com/corentings/chess/v2/engine.go:498.13,500.38 2 1
github.com/corentings/chess/v2/engine.go:500.38,502.3 1 1
github.com/corentings/chess/v2/errors.go:14.35,16.2 1 1
github.com/corentings/chess/v2/errors.go:18.42,21.9 3 1
github.com/corentings/chess/v2/errors.go:21.9,23.3 1 0
github.com/corentings/chess/v2/errors.go:25.2,25.23 1 1
github.com/corentings/chess/v2/errors.go:32.47,32.96 1 0
github.com/corentings/chess/v2/errors.go:33.47,33.94 1 1
github.com/corentings/chess/v2/errors.go:34.47,34.102 1 0
github.com/corentings/chess/v2/errors.go:35.47,35.89 1 0
github.com/corentings/chess/v2/errors.go:36.47,36.90 1 1
github.com/corentings/chess/v2/errors.go:37.47,37.88 1 0
github.com/corentings/chess/v2/errors.go:49.38,52.2 1 0
github.com/corentings/chess/v2/fen.go:14.47,19.31 4 1
github.com/corentings/chess/v2/fen.go:19.31,21.3 1 0
github.com/corentings/chess/v2/fen.go:22.2,23.16 2 1
github.com/corentings/chess/v2/fen.go:23.16,25.3 1 1
github.com/corentings/chess/v2/fen.go:26.2,27.9 2 1
github.com/corentings/chess/v2/fen.go:27.9,29.3 1 1
github.com/corentings/chess/v2/fen.go:30.2,31.16 2 1
github.com/corentings/chess/v2/fen.go:31.16,33.3 1 1
github.com/corentings/chess/v2/fen.go:34.2,35.16 2 1
github.com/corentings/chess/v2/fen.go:35.16,37.3 1 1
github.com/corentings/chess/v2/fen.go:38.2,39.37 2 1
github.com/corentings/chess/v2/fen.go:39.37,41.3 1 1
github.com/corentings/chess/v2/fen.go:42.2,43.33 2 1
github.com/corentings/chess/v2/fen.go:43.33,45.3 1 1
github.com/corentings/chess/v2/fen.go:46.2,53.8 1 1
github.com/corentings/chess/v2/fen.go:67.27,69.4 1 1
github.com/corentings/chess/v2/fen.go:76.27,78.4 1 1
github.com/corentings/chess/v2/fen.go:83.47,84.19 1 1
github.com/corentings/chess/v2/fen.go:84.19,86.3 1 1
github.com/corentings/chess/v2/fen.go:90.48,106.15 7 1
github.com/corentings/chess/v2/fen.go:106.15,109.3 2 1
github.com/corentings/chess/v2/fen.go:112.2,114.31 3 1
github.com/corentings/chess/v2/fen.go:114.31,115.25 1 1
github.com/corentings/chess/v2/fen.go:115.25,116.31 1 1
github.com/corentings/chess/v2/fen.go:116.31,118.5 1 0
github.com/corentings/chess/v2/fen.go:119.4,121.17 3 1
github.com/corentings/chess/v2/fen.go:126.2,126.27 1 1
github.com/corentings/chess/v2/fen.go:126.27,127.30 1 1
github.com/corentings/chess/v2/fen.go:127.30,129.4 1 0
github.com/corentings/chess/v2/fen.go:130.3,131.14 2 1
github.com/corentings/chess/v2/fen.go:134.2,134.29 1 1
github.com/corentings/chess/v2/fen.go:134.29,136.3 1 0
github.com/corentings/chess/v2/fen.go:138.2,138.28 1 1
github.com/corentings/chess/v2/fen.go:138.28,145.61 3 1
github.com/corentings/chess/v2/fen.go:145.61,147.4 1 1
github.com/corentings/chess/v2/fen.go:150.3,150.36 1 1
github.com/corentings/chess/v2/fen.go:150.36,152.4 1 1
github.com/corentings/chess/v2/fen.go:157.2,157.25 1 1
github.com/corentings/chess/v2/fen.go:161.58,165.30 3 1
github.com/corentings/chess/v2/fen.go:165.30,169.27 2 1
github.com/corentings/chess/v2/fen.go:169.27,171.12 2 1
github.com/corentings/chess/v2/fen.go:175.3,176.23 2 1
github.com/corentings/chess/v2/fen.go:176.23,178.4 1 0
github.com/corentings/chess/v2/fen.go:180.3,181.10 2 1
github.com/corentings/chess/v2/fen.go:184.2,184.25 1 1
github.com/corentings/chess/v2/fen.go:184.25,186.3 1 1
github.com/corentings/chess/v2/fen.go:188.2,188.12 1 1
github.com/corentings/chess/v2/fen.go:191.63,193.54 1 1
github.com/corentings/chess/v2/fen.go:193.54,194.38 1 1
github.com/corentings/chess/v2/fen.go:194.38,196.4 1 1
github.com/corentings/chess/v2/fen.go:198.2,198.30 1 1
github.com/corentings/chess/v2/fen.go:198.30,200.12 2 1
github.com/corentings/chess/v2/fen.go:201.32,201.32 0 1
github.com/corentings/chess/v2/fen.go:202.11,203.76 1 1
github.com/corentings/chess/v2/fen.go:206.2,206.37 1 1
github.com/corentings/chess/v2/fen.go:209.54,210.22 1 1
github.com/corentings/chess/v2/fen.go:210.22,212.3 1 1
github.com/corentings/chess/v2/fen.go:213.2,214.67 2 1
github.com/corentings/chess/v2/fen.go:214.67,216.3 1 1
github.com/corentings/chess/v2/fen.go:217.2,217.16 1 1
github.com/corentings/chess/v2/game.go:49.34,51.2 1 1
github.com/corentings/chess/v2/game.go:106.44,109.24 2 1
github.com/corentings/chess/v2/game.go:109.24,111.3 1 1
github.com/corentings/chess/v2/game.go:113.2,114.16 2 1
github.com/corentings/chess/v2/game.go:114.16,116.3 1 0
github.com/corentings/chess/v2/game.go:118.2,119.16 2 1
github.com/corentings/chess/v2/game.go:119.16,121.3 1 0
github.com/corentings/chess/v2/game.go:123.2,125.16 3 1
github.com/corentings/chess/v2/game.go:125.16,127.3 1 0
github.com/corentings/chess/v2/game.go:130.2,130.23 1 1
github.com/corentings/chess/v2/game.go:130.23,132.3 1 1
github.com/corentings/chess/v2/game.go:140.43,142.16 2 1
github.com/corentings/chess/v2/game.go:142.16,144.3 1 0
github.com/corentings/chess/v2/game.go:145.2,145.16 1 1
github.com/corentings/chess/v2/game.go:145.16,147.3 1 0
github.com/corentings/chess/v2/game.go:148.2,148.23 1 1
github.com/corentings/chess/v2/game.go:148.23,153.3 4 1
github.com/corentings/chess/v2/game.go:166.44,180.28 4 1
github.com/corentings/chess/v2/game.go:180.28,181.15 1 1
github.com/corentings/chess/v2/game.go:181.15,183.4 1 1
github.com/corentings/chess/v2/game.go:185.2,185.13 1 1
github.com/corentings/chess/v2/game.go:190.58,193.2 2 1
github.com/corentings/chess/v2/game.go:197.37,201.52 2 1
github.com/corentings/chess/v2/game.go:201.52,203.3 1 0
github.com/corentings/chess/v2/game.go:206.2,206.35 1 1
github.com/corentings/chess/v2/game.go:206.35,209.3 2 1
github.com/corentings/chess/v2/game.go:212.2,212.40 1 1
github.com/corentings/chess/v2/game.go:215.34,216.24 1 1
github.com/corentings/chess/v2/game.go:216.24,218.3 1 1
github.com/corentings/chess/v2/game.go:219.2,219.67 1 1
github.com/corentings/chess/v2/game.go:225.30,226.57 1 1
github.com/corentings/chess/v2/game.go:226.57,230.3 3 1
github.com/corentings/chess/v2/game.go:231.2,231.14 1 1
github.com/corentings/chess/v2/game.go:237.33,239.61 1 1
github.com/corentings/chess/v2/game.go:239.61,243.3 3 1
github.com/corentings/chess/v2/game.go:244.2,244.14 1 1
github.com/corentings/chess/v2/game.go:248.33,250.2 1 1
github.com/corentings/chess/v2/game.go:253.31,255.2 1 1
github.com/corentings/chess/v2/game.go:258.36,260.2 1 1
github.com/corentings/chess/v2/game.go:264.37,266.2 1 1
github.com/corentings/chess/v2/game.go:269.32,270.23 1 1
github.com/corentings/chess/v2/game.go:270.23,272.3 1 0
github.com/corentings/chess/v2/game.go:274.2,278.21 3 1
github.com/corentings/chess/v2/game.go:278.21,280.33 2 1
github.com/corentings/chess/v2/game.go:280.33,281.9 1 1
github.com/corentings/chess/v2/game.go:284.3,284.32 1 1
github.com/corentings/chess/v2/game.go:287.2,287.18 1 1
github.com/corentings/chess/v2/game.go:302.45,303.56 1 1
github.com/corentings/chess/v2/game.go:303.56,305.3 1 1
github.com/corentings/chess/v2/game.go:307.2,310.50 3 1
github.com/corentings/chess/v2/game.go:310.50,312.18 2 1
github.com/corentings/chess/v2/game.go:312.18,313.9 1 0
github.com/corentings/chess/v2/game.go:315.3,316.28 2 1
github.com/corentings/chess/v2/game.go:316.28,318.4 1 1
github.com/corentings/chess/v2/game.go:320.3,326.17 2 1
github.com/corentings/chess/v2/game.go:329.2,329.16 1 1
github.com/corentings/chess/v2/game.go:333.36,335.2 1 1
github.com/corentings/chess/v2/game.go:338.47,339.44 1 1
github.com/corentings/chess/v2/game.go:339.44,341.3 1 1
github.com/corentings/chess/v2/game.go:343.2,343.26 1 1
github.com/corentings/chess/v2/game.go:348.38,349.23 1 1
github.com/corentings/chess/v2/game.go:349.23,351.3 1 1
github.com/corentings/chess/v2/game.go:352.2,352.47 1 1
github.com/corentings/chess/v2/game.go:356.37,358.2 1 1
github.com/corentings/chess/v2/game.go:363.44,364.26 1 1
github.com/corentings/chess/v2/game.go:364.26,366.3 1 0
github.com/corentings/chess/v2/game.go:368.2,368.31 1 1
github.com/corentings/chess/v2/game.go:372.34,374.2 1 1
github.com/corentings/chess/v2/game.go:377.32,379.2 1 1
github.com/corentings/chess/v2/game.go:382.29,384.2 1 0
github.com/corentings/chess/v2/game.go:388.38,390.30 2 1
github.com/corentings/chess/v2/game.go:390.30,392.28 2 1
github.com/corentings/chess/v2/game.go:392.28,394.4 1 1
github.com/corentings/chess/v2/game.go:395.3,395.18 1 1
github.com/corentings/chess/v2/game.go:397.2,397.20 1 1
github.com/corentings/chess/v2/game.go:402.32,408.37 4 1
github.com/corentings/chess/v2/game.go:408.37,414.3 2 1
github.com/corentings/chess/v2/game.go:416.2,419.38 2 1
github.com/corentings/chess/v2/game.go:419.38,421.3 1 1
github.com/corentings/chess/v2/game.go:424.2,424.25 1 1
github.com/corentings/chess/v2/game.go:424.25,426.3 1 1
github.com/corentings/chess/v2/game.go:430.2,431.23 2 1
github.com/corentings/chess/v2/game.go:431.23,432.35 1 1
github.com/corentings/chess/v2/game.go:432.35,436.4 1 1
github.com/corentings/chess/v2/game.go:436.9,436.41 1 1
github.com/corentings/chess/v2/game.go:436.41,438.4 1 1
github.com/corentings/chess/v2/game.go:442.2,442.23 1 1
github.com/corentings/chess/v2/game.go:442.23,444.3 1 1
github.com/corentings/chess/v2/game.go:445.2,446.20 2 1
github.com/corentings/chess/v2/game.go:456.40,458.20 1 1
github.com/corentings/chess/v2/game.go:458.20,460.3 1 0
github.com/corentings/chess/v2/game.go:463.2,471.4 1 1
github.com/corentings/chess/v2/game.go:471.4,472.19 1 1
github.com/corentings/chess/v2/game.go:472.19,474.4 1 1
github.com/corentings/chess/v2/game.go:475.3,475.19 1 1
github.com/corentings/chess/v2/game.go:475.19,477.4 1 1
github.com/corentings/chess/v2/game.go:481.2,481.19 1 1
github.com/corentings/chess/v2/game.go:481.19,483.3 1 1
github.com/corentings/chess/v2/game.go:483.8,483.26 1 1
github.com/corentings/chess/v2/game.go:483.26,485.3 1 1
github.com/corentings/chess/v2/game.go:486.2,486.10 1 0
github.com/corentings/chess/v2/game.go:509.8,513.17 2 1
github.com/corentings/chess/v2/game.go:513.17,515.3 1 0
github.com/corentings/chess/v2/game.go:518.2,518.37 1 1
github.com/corentings/chess/v2/game.go:518.37,520.3 1 1
github.com/corentings/chess/v2/game.go:522.2,525.18 2 1
github.com/corentings/chess/v2/game.go:525.18,527.3 1 1
github.com/corentings/chess/v2/game.go:527.8,528.30 1 1
github.com/corentings/chess/v2/game.go:528.30,530.4 1 0
github.com/corentings/chess/v2/game.go:531.3,531.33 1 1
github.com/corentings/chess/v2/game.go:534.2,543.61 4 1
github.com/corentings/chess/v2/game.go:543.61,545.3 1 1
github.com/corentings/chess/v2/game.go:548.2,550.35 2 1
github.com/corentings/chess/v2/game.go:550.35,553.14 3 1
github.com/corentings/chess/v2/game.go:553.14,557.4 2 1
github.com/corentings/chess/v2/game.go:557.9,561.4 2 1
github.com/corentings/chess/v2/game.go:562.3,563.10 1 1
github.com/corentings/chess/v2/game.go:566.2,566.22 1 1
github.com/corentings/chess/v2/game.go:571.3,572.21 1 1
github.com/corentings/chess/v2/game.go:572.21,574.3 1 1
github.com/corentings/chess/v2/game.go:575.2,575.13 1 1
github.com/corentings/chess/v2/game.go:575.13,577.3 1 1
github.com/corentings/chess/v2/game.go:577.8,577.54 1 1
github.com/corentings/chess/v2/game.go:577.54,579.3 1 1
github.com/corentings/chess/v2/game.go:582.95,583.42 1 1
github.com/corentings/chess/v2/game.go:583.42,586.3 2 1
github.com/corentings/chess/v2/game.go:586.8,588.3 1 1
github.com/corentings/chess/v2/game.go:591.61,593.28 2 1
github.com/corentings/chess/v2/game.go:593.28,595.3 1 1
github.com/corentings/chess/v2/game.go:596.2,597.13 2 1
github.com/corentings/chess/v2/game.go:600.56,601.17 1 1
github.com/corentings/chess/v2/game.go:601.17,603.3 1 1
github.com/corentings/chess/v2/game.go:605.2,606.33 2 1
github.com/corentings/chess/v2/game.go:606.33,609.3 2 1
github.com/corentings/chess/v2/game.go:612.69,613.31 1 1
github.com/corentings/chess/v2/game.go:613.31,614.28 1 1
github.com/corentings/chess/v2/game.go:614.28,615.12 1 1
github.com/corentings/chess/v2/game.go:618.3,619.36 2 1
github.com/corentings/chess/v2/game.go:619.36,620.21 1 1
github.com/corentings/chess/v2/game.go:621.21,622.30 1 1
github.com/corentings/chess/v2/game.go:623.24,624.34 1 1
github.com/corentings/chess/v2/game.go:624.34,626.6 1 1
github.com/corentings/chess/v2/game.go:627.5,631.24 5 1
github.com/corentings/chess/v2/game.go:634.3,634.22 1 1
github.com/corentings/chess/v2/game.go:638.54,641.2 2 1
github.com/corentings/chess/v2/game.go:643.87,646.28 2 1
github.com/corentings/chess/v2/game.go:646.28,647.43 1 1
github.com/corentings/chess/v2/game.go:647.43,648.26 1 1
github.com/corentings/chess/v2/game.go:648.26,650.5 1 1
github.com/corentings/chess/v2/game.go:651.4,656.23 5 1
github.com/corentings/chess/v2/game.go:660.2,660.27 1 1
github.com/corentings/chess/v2/game.go:665.46,667.2 1 0
github.com/corentings/chess/v2/game.go:671.49,675.16 3 0
github.com/corentings/chess/v2/game.go:675.16,677.3 1 0
github.com/corentings/chess/v2/game.go:678.2,680.12 2 0
github.com/corentings/chess/v2/game.go:686.42,690.16 3 1
github.com/corentings/chess/v2/game.go:691.27,692.68 1 1
github.com/corentings/chess/v2/game.go:692.68,694.4 1 1
github.com/corentings/chess/v2/game.go:695.21,696.58 1 1
github.com/corentings/chess/v2/game.go:696.58,698.4 1 1
github.com/corentings/chess/v2/game.go:699.17,699.17 0 0
github.com/corentings/chess/v2/game.go:700.10,701.50 1 0
github.com/corentings/chess/v2/game.go:703.2,705.12 3 1
github.com/corentings/chess/v2/game.go:710.36,711.48 1 1
github.com/corentings/chess/v2/game.go:711.48,713.3 1 1
github.com/corentings/chess/v2/game.go:714.2,714.20 1 1
github.com/corentings/chess/v2/game.go:714.20,716.3 1 1
github.com/corentings/chess/v2/game.go:716.8,718.3 1 1
github.com/corentings/chess/v2/game.go:719.2,719.24 1 1
github.com/corentings/chess/v2/game.go:723.41,728.68 4 1
github.com/corentings/chess/v2/game.go:728.68,730.3 1 1
github.com/corentings/chess/v2/game.go:731.2,731.58 1 1
github.com/corentings/chess/v2/game.go:731.58,733.3 1 1
github.com/corentings/chess/v2/game.go:734.2,734.14 1 1
github.com/corentings/chess/v2/game.go:739.45,740.23 1 1
github.com/corentings/chess/v2/game.go:740.23,742.3 1 1
github.com/corentings/chess/v2/game.go:743.2,743.44 1 1
github.com/corentings/chess/v2/game.go:743.44,746.3 2 1
github.com/corentings/chess/v2/game.go:747.2,748.14 2 1
github.com/corentings/chess/v2/game.go:753.44,755.2 1 1
github.com/corentings/chess/v2/game.go:759.45,760.44 1 1
github.com/corentings/chess/v2/game.go:760.44,763.3 2 1
github.com/corentings/chess/v2/game.go:765.2,765.14 1 1
github.com/corentings/chess/v2/game.go:769.41,771.16 2 1
github.com/corentings/chess/v2/game.go:772.17,774.19 2 1
github.com/corentings/chess/v2/game.go:775.17,778.28 3 1
github.com/corentings/chess/v2/game.go:778.28,780.4 1 1
github.com/corentings/chess/v2/game.go:782.2,782.28 1 1
github.com/corentings/chess/v2/game.go:782.28,784.3 1 1
github.com/corentings/chess/v2/game.go:787.2,787.66 1 1
github.com/corentings/chess/v2/game.go:787.66,790.3 2 1
github.com/corentings/chess/v2/game.go:793.2,793.93 1 1
github.com/corentings/chess/v2/game.go:793.93,796.3 2 1
github.com/corentings/chess/v2/game.go:799.2,799.79 1 1
github.com/corentings/chess/v2/game.go:799.79,802.3 2 1
github.com/corentings/chess/v2/game.go:806.33,808.34 2 1
github.com/corentings/chess/v2/game.go:808.34,810.3 1 1
github.com/corentings/chess/v2/game.go:811.2,819.72 9 1
github.com/corentings/chess/v2/game.go:823.30,831.26 5 1
github.com/corentings/chess/v2/game.go:831.26,833.3 1 0
github.com/corentings/chess/v2/game.go:833.8,835.29 2 1
github.com/corentings/chess/v2/game.go:835.29,837.4 1 0
github.com/corentings/chess/v2/game.go:839.2,841.12 2 1
github.com/corentings/chess/v2/game.go:844.58,845.54 1 1
github.com/corentings/chess/v2/game.go:845.54,847.3 1 0
github.com/corentings/chess/v2/game.go:848.2,848.24 1 1
github.com/corentings/chess/v2/game.go:848.24,850.3 1 1
github.com/corentings/chess/v2/game.go:851.2,851.42 1 1
github.com/corentings/chess/v2/game.go:851.42,852.31 1 1
github.com/corentings/chess/v2/game.go:852.31,854.4 1 0
github.com/corentings/chess/v2/game.go:855.3,855.78 1 1
github.com/corentings/chess/v2/game.go:855.78,857.4 1 1
github.com/corentings/chess/v2/game.go:859.2,859.12 1 0
github.com/corentings/chess/v2/game.go:864.40,868.21 3 1
github.com/corentings/chess/v2/game.go:868.21,869.30 1 1
github.com/corentings/chess/v2/game.go:869.30,871.4 1 1
github.com/corentings/chess/v2/game.go:872.3,872.33 1 1
github.com/corentings/chess/v2/game.go:872.33,873.9 1 1
github.com/corentings/chess/v2/game.go:875.3,875.32 1 1
github.com/corentings/chess/v2/game.go:878.2,878.18 1 1
github.com/corentings/chess/v2/game.go:881.39,883.36 2 1
github.com/corentings/chess/v2/game.go:883.36,884.17 1 1
github.com/corentings/chess/v2/game.go:884.17,885.12 1 0
github.com/corentings/chess/v2/game.go:887.3,887.30 1 1
github.com/corentings/chess/v2/game.go:887.30,889.4 1 1
github.com/corentings/chess/v2/game.go:891.2,891.14 1 1
github.com/corentings/chess/v2/game.go:909.79,911.2 1 1
github.com/corentings/chess/v2/game.go:926.100,928.16 2 1
github.com/corentings/chess/v2/game.go:928.16,930.3 1 1
github.com/corentings/chess/v2/game.go:932.2,932.30 1 1
github.com/corentings/chess/v2/game.go:947.106,949.16 2 1
github.com/corentings/chess/v2/game.go:949.16,951.3 1 1
github.com/corentings/chess/v2/game.go:953.2,953.36 1 1
github.com/corentings/chess/v2/game.go:969.65,970.20 1 1
github.com/corentings/chess/v2/game.go:970.20,972.3 1 1
github.com/corentings/chess/v2/game.go:975.2,975.45 1 1
github.com/corentings/chess/v2/game.go:975.45,977.3 1 1
github.com/corentings/chess/v2/game.go:979.2,979.39 1 1
github.com/corentings/chess/v2/game.go:996.71,997.20 1 1
github.com/corentings/chess/v2/game.go:997.20,999.3 1 1
github.com/corentings/chess/v2/game.go:1001.2,1001.39 1 1
github.com/corentings/chess/v2/game.go:1006.74,1007.17 1 1
github.com/corentings/chess/v2/game.go:1007.17,1009.3 1 1
github.com/corentings/chess/v2/game.go:1011.2,1019.12 6 1
github.com/corentings/chess/v2/game.go:1024.47,1025.17 1 1
github.com/corentings/chess/v2/game.go:1025.17,1027.3 1 1
github.com/corentings/chess/v2/game.go:1029.2,1029.18 1 1
github.com/corentings/chess/v2/game.go:1029.18,1031.3 1 0
github.com/corentings/chess/v2/game.go:1034.2,1035.39 2 1
github.com/corentings/chess/v2/game.go:1035.39,1036.90 1 1
github.com/corentings/chess/v2/game.go:1036.90,1038.4 1 1
github.com/corentings/chess/v2/game.go:1041.2,1041.83 1 1
github.com/corentings/chess/v2/game.go:1044.51,1045.26 1 1
github.com/corentings/chess/v2/game.go:1045.26,1047.3 1 0
github.com/corentings/chess/v2/game.go:1048.2,1048.47 1 1
github.com/corentings/chess/v2/game.go:1048.47,1049.78 1 1
github.com/corentings/chess/v2/game.go:1049.78,1051.4 1 1
github.com/corentings/chess/v2/game.go:1053.2,1053.12 1 1
github.com/corentings/chess/v2/game.go:1056.79,1059.25 2 1
github.com/corentings/chess/v2/game.go:1059.25,1060.65 1 1
github.com/corentings/chess/v2/game.go:1060.65,1062.4 1 0
github.com/corentings/chess/v2/game.go:1063.8,1065.3 1 1
github.com/corentings/chess/v2/game.go:1068.47,1070.33 2 0
github.com/corentings/chess/v2/game.go:1070.33,1071.20 1 0
github.com/corentings/chess/v2/game.go:1071.20,1074.9 3 0
github.com/corentings/chess/v2/game.go:1079.59,1080.19 1 1
github.com/corentings/chess/v2/game.go:1080.19,1082.3 1 1
github.com/corentings/chess/v2/game.go:1082.8,1084.3 1 1
github.com/corentings/chess/v2/game.go:1087.43,1088.49 1 1
github.com/corentings/chess/v2/game.go:1088.49,1091.3 2 1
github.com/corentings/chess/v2/game.go:1097.32,1100.40 2 1
github.com/corentings/chess/v2/game.go:1100.40,1102.3 1 1
github.com/corentings/chess/v2/game.go:1105.2,1106.29 2 1
github.com/corentings/chess/v2/game.go:1106.29,1109.3 2 1
github.com/corentings/chess/v2/game.go:1111.2,1111.14 1 1
github.com/corentings/chess/v2/game.go:1117.41,1118.17 1 1
github.com/corentings/chess/v2/game.go:1118.17,1120.3 1 0
github.com/corentings/chess/v2/game.go:1122.2,1122.29 1 1
github.com/corentings/chess/v2/game.go:1122.29,1124.3 1 1
github.com/corentings/chess/v2/game.go:1126.2,1127.34 2 1
github.com/corentings/chess/v2/game.go:1127.34,1129.32 2 1
github.com/corentings/chess/v2/game.go:1129.32,1132.4 2 1
github.com/corentings/chess/v2/game.go:1134.2,1134.14 1 1
github.com/corentings/chess/v2/game.go:1137.57,1141.25 3 1
github.com/corentings/chess/v2/game.go:1141.25,1147.3 4 1
github.com/corentings/chess/v2/game.go:1149.2,1155.13 6 1
github.com/corentings/chess/v2/game.go:1161.34,1164.2 2 1
github.com/corentings/chess/v2/game.go:1169.49,1170.23 1 1
github.com/corentings/chess/v2/game.go:1170.23,1172.3 1 1
github.com/corentings/chess/v2/game.go:1178.50,1179.23 1 1
github.com/corentings/chess/v2/game.go:1179.23,1181.3 1 1
github.com/corentings/chess/v2/game.go:1187.51,1188.23 1 1
github.com/corentings/chess/v2/game.go:1188.23,1190.3 1 1
github.com/corentings/chess/v2/hashes.go:8.63,10.40 2 1
github.com/corentings/chess/v2/hashes.go:10.40,12.17 2 1
github.com/corentings/chess/v2/hashes.go:12.17,13.70 1 0
github.com/corentings/chess/v2/hashes.go:15.3,15.24 1 1
github.com/corentings/chess/v2/hashes.go:17.2,17.15 1 1
github.com/corentings/chess/v2/hashes.go:21.45,22.52 1 1
github.com/corentings/chess/v2/hashes.go:22.52,24.3 1 0
github.com/corentings/chess/v2/hashes.go:25.2,25.38 1 1
github.com/corentings/chess/v2/hashes.go:29.35,31.2 1 0
github.com/corentings/chess/v2/lexer.go:66.36,101.35 2 1
github.com/corentings/chess/v2/lexer.go:101.35,103.3 1 1
github.com/corentings/chess/v2/lexer.go:105.2,105.17 1 1
github.com/corentings/chess/v2/lexer.go:134.36,138.2 3 1
github.com/corentings/chess/v2/lexer.go:140.33,141.36 1 1
github.com/corentings/chess/v2/lexer.go:141.36,143.3 1 0
github.com/corentings/chess/v2/lexer.go:144.2,144.32 1 1
github.com/corentings/chess/v2/lexer.go:147.34,148.66 1 1
github.com/corentings/chess/v2/lexer.go:148.66,150.3 1 1
github.com/corentings/chess/v2/lexer.go:153.36,155.20 2 1
github.com/corentings/chess/v2/lexer.go:155.20,157.3 1 1
github.com/corentings/chess/v2/lexer.go:158.2,158.69 1 1
github.com/corentings/chess/v2/lexer.go:161.41,164.27 2 1
github.com/corentings/chess/v2/lexer.go:164.27,166.3 1 1
github.com/corentings/chess/v2/lexer.go:167.2,168.70 2 1
github.com/corentings/chess/v2/lexer.go:171.42,175.15 2 1
github.com/corentings/chess/v2/lexer.go:175.15,177.3 1 1
github.com/corentings/chess/v2/lexer.go:179.2,180.17 2 1
github.com/corentings/chess/v2/lexer.go:180.17,184.32 3 1
github.com/corentings/chess/v2/lexer.go:184.32,186.4 1 1
github.com/corentings/chess/v2/lexer.go:187.3,187.16 1 1
github.com/corentings/chess/v2/lexer.go:187.16,189.4 1 1
github.com/corentings/chess/v2/lexer.go:190.3,192.49 3 1
github.com/corentings/chess/v2/lexer.go:197.2,197.61 1 1
github.com/corentings/chess/v2/lexer.go:197.61,199.3 1 1
github.com/corentings/chess/v2/lexer.go:201.2,201.32 1 1
github.com/corentings/chess/v2/lexer.go:201.32,203.3 1 0
github.com/corentings/chess/v2/lexer.go:205.2,206.90 2 1
github.com/corentings/chess/v2/lexer.go:209.33,213.32 1 1
github.com/corentings/chess/v2/lexer.go:213.32,218.33 3 1
github.com/corentings/chess/v2/lexer.go:218.33,221.4 2 1
github.com/corentings/chess/v2/lexer.go:223.3,223.40 1 1
github.com/corentings/chess/v2/lexer.go:225.2,229.20 3 1
github.com/corentings/chess/v2/lexer.go:229.20,231.3 1 1
github.com/corentings/chess/v2/lexer.go:234.2,237.3 1 1
github.com/corentings/chess/v2/lexer.go:240.36,242.39 2 1
github.com/corentings/chess/v2/lexer.go:242.39,244.3 1 1
github.com/corentings/chess/v2/lexer.go:245.2,246.22 2 1
github.com/corentings/chess/v2/lexer.go:246.22,248.3 1 1
github.com/corentings/chess/v2/lexer.go:249.2,249.47 1 1
github.com/corentings/chess/v2/lexer.go:252.34,254.19 2 1
github.com/corentings/chess/v2/lexer.go:254.19,257.3 2 0
github.com/corentings/chess/v2/lexer.go:258.2,259.39 2 1
github.com/corentings/chess/v2/lexer.go:262.37,266.31 2 1
github.com/corentings/chess/v2/lexer.go:266.31,267.41 1 1
github.com/corentings/chess/v2/lexer.go:267.41,268.30 1 1
github.com/corentings/chess/v2/lexer.go:268.30,271.5 1 1
github.com/corentings/chess/v2/lexer.go:273.4,277.17 4 1
github.com/corentings/chess/v2/lexer.go:277.17,282.5 1 0
github.com/corentings/chess/v2/lexer.go:283.4,283.49 1 1
github.com/corentings/chess/v2/lexer.go:285.3,285.15 1 1
github.com/corentings/chess/v2/lexer.go:289.2,289.15 1 1
github.com/corentings/chess/v2/lexer.go:289.15,295.3 2 0
github.com/corentings/chess/v2/lexer.go:298.2,298.28 1 1
github.com/corentings/chess/v2/lexer.go:298.28,300.3 1 1
github.com/corentings/chess/v2/lexer.go:302.2,302.44 1 0
github.com/corentings/chess/v2/lexer.go:306.39,309.20 2 1
github.com/corentings/chess/v2/lexer.go:309.20,312.3 2 0
github.com/corentings/chess/v2/lexer.go:313.2,316.41 2 1
github.com/corentings/chess/v2/lexer.go:319.34,326.15 4 1
github.com/corentings/chess/v2/lexer.go:326.15,328.3 1 0
github.com/corentings/chess/v2/lexer.go:331.2,331.18 1 1
github.com/corentings/chess/v2/lexer.go:331.18,336.18 3 1
github.com/corentings/chess/v2/lexer.go:336.18,338.4 1 1
github.com/corentings/chess/v2/lexer.go:341.2,341.36 1 1
github.com/corentings/chess/v2/lexer.go:341.36,345.16 2 1
github.com/corentings/chess/v2/lexer.go:345.16,346.9 1 1
github.com/corentings/chess/v2/lexer.go:351.2,356.63 2 1
github.com/corentings/chess/v2/lexer.go:356.63,362.3 4 1
github.com/corentings/chess/v2/lexer.go:366.2,369.73 1 1
github.com/corentings/chess/v2/lexer.go:369.73,371.3 1 1
github.com/corentings/chess/v2/lexer.go:374.2,374.36 1 1
github.com/corentings/chess/v2/lexer.go:374.36,379.3 3 1
github.com/corentings/chess/v2/lexer.go:382.2,382.109 1 1
github.com/corentings/chess/v2/lexer.go:382.109,385.3 2 1
github.com/corentings/chess/v2/lexer.go:387.2,387.65 1 1
github.com/corentings/chess/v2/lexer.go:390.44,392.20 2 1
github.com/corentings/chess/v2/lexer.go:392.20,395.3 2 0
github.com/corentings/chess/v2/lexer.go:396.2,397.50 2 1
github.com/corentings/chess/v2/lexer.go:400.28,401.36 1 1
github.com/corentings/chess/v2/lexer.go:401.36,403.3 1 1
github.com/corentings/chess/v2/lexer.go:403.8,405.3 1 1
github.com/corentings/chess/v2/lexer.go:406.2,407.18 2 1
github.com/corentings/chess/v2/lexer.go:410.38,413.31 3 1
github.com/corentings/chess/v2/lexer.go:413.31,414.19 1 1
github.com/corentings/chess/v2/lexer.go:414.19,416.35 2 1
github.com/corentings/chess/v2/lexer.go:416.35,420.13 4 1
github.com/corentings/chess/v2/lexer.go:423.3,424.15 2 1
github.com/corentings/chess/v2/lexer.go:426.2,427.53 2 1
github.com/corentings/chess/v2/lexer.go:430.36,432.38 2 1
github.com/corentings/chess/v2/lexer.go:432.38,434.3 1 1
github.com/corentings/chess/v2/lexer.go:435.2,435.65 1 1
github.com/corentings/chess/v2/lexer.go:438.46,442.17 2 1
github.com/corentings/chess/v2/lexer.go:442.17,444.3 1 0
github.com/corentings/chess/v2/lexer.go:447.2,447.34 1 1
github.com/corentings/chess/v2/lexer.go:447.34,449.3 1 0
github.com/corentings/chess/v2/lexer.go:452.2,452.25 1 1
github.com/corentings/chess/v2/lexer.go:452.25,454.3 1 0
github.com/corentings/chess/v2/lexer.go:455.2,458.17 3 1
github.com/corentings/chess/v2/lexer.go:458.17,464.3 4 0
github.com/corentings/chess/v2/lexer.go:465.2,468.40 2 1
github.com/corentings/chess/v2/lexer.go:468.40,472.3 3 1
github.com/corentings/chess/v2/lexer.go:474.2,474.56 1 1
github.com/corentings/chess/v2/lexer.go:496.35,499.17 2 1
github.com/corentings/chess/v2/lexer.go:499.17,500.15 1 1
github.com/corentings/chess/v2/lexer.go:501.12,504.46 3 1
github.com/corentings/chess/v2/lexer.go:505.12,507.31 2 1
github.com/corentings/chess/v2/lexer.go:508.11,510.24 1 1
github.com/corentings/chess/v2/lexer.go:510.24,512.5 1 1
github.com/corentings/chess/v2/lexer.go:513.4,513.30 1 1
github.com/corentings/chess/v2/lexer.go:517.2,517.17 1 1
github.com/corentings/chess/v2/lexer.go:517.17,518.18 1 1
github.com/corentings/chess/v2/lexer.go:518.18,522.4 3 1
github.com/corentings/chess/v2/lexer.go:523.3,523.25 1 1
github.com/corentings/chess/v2/lexer.go:526.2,526.31 1 1
github.com/corentings/chess/v2/lexer.go:526.31,528.3 1 1
github.com/corentings/chess/v2/lexer.go:530.2,530.14 1 1
github.com/corentings/chess/v2/lexer.go:531.11,533.49 2 1
github.com/corentings/chess/v2/lexer.go:535.11,537.47 2 1
github.com/corentings/chess/v2/lexer.go:538.11,541.43 3 1
github.com/corentings/chess/v2/lexer.go:542.11,545.41 3 1
github.com/corentings/chess/v2/lexer.go:546.11,547.26 1 1
github.com/corentings/chess/v2/lexer.go:548.11,551.47 3 1
github.com/corentings/chess/v2/lexer.go:552.11,554.45 2 0
github.com/corentings/chess/v2/lexer.go:555.11,556.97 1 1
github.com/corentings/chess/v2/lexer.go:556.97,561.4 4 1
github.com/corentings/chess/v2/lexer.go:562.3,563.38 2 1
github.com/corentings/chess/v2/lexer.go:564.11,566.42 2 1
github.com/corentings/chess/v2/lexer.go:567.11,568.14 1 1
github.com/corentings/chess/v2/lexer.go:569.11,570.24 1 1
github.com/corentings/chess/v2/lexer.go:571.21,572.21 1 1
github.com/corentings/chess/v2/lexer.go:573.11,575.56 1 1
github.com/corentings/chess/v2/lexer.go:575.56,577.4 1 1
github.com/corentings/chess/v2/lexer.go:579.3,579.27 1 0
github.com/corentings/chess/v2/lexer.go:580.11,582.44 2 1
github.com/corentings/chess/v2/lexer.go:583.11,585.40 2 1
github.com/corentings/chess/v2/lexer.go:586.11,588.44 2 1
github.com/corentings/chess/v2/lexer.go:589.56,590.14 1 1
github.com/corentings/chess/v2/lexer.go:590.14,592.4 1 0
github.com/corentings/chess/v2/lexer.go:595.3,595.69 1 1
github.com/corentings/chess/v2/lexer.go:595.69,598.4 1 1
github.com/corentings/chess/v2/lexer.go:601.3,602.34 2 1
github.com/corentings/chess/v2/lexer.go:602.34,604.4 1 1
github.com/corentings/chess/v2/lexer.go:605.3,605.15 1 1
github.com/corentings/chess/v2/lexer.go:606.12,607.71 1 1
github.com/corentings/chess/v2/lexer.go:608.12,612.25 4 1
github.com/corentings/chess/v2/lexer.go:613.11,618.25 4 1
github.com/corentings/chess/v2/lexer.go:620.9,621.37 1 1
github.com/corentings/chess/v2/lexer.go:622.10,623.21 1 1
github.com/corentings/chess/v2/lexer.go:623.21,624.35 1 1
github.com/corentings/chess/v2/lexer.go:624.35,626.55 1 1
github.com/corentings/chess/v2/lexer.go:626.55,628.6 1 1
github.com/corentings/chess/v2/lexer.go:629.5,629.29 1 1
github.com/corentings/chess/v2/lexer.go:631.4,631.23 1 1
github.com/corentings/chess/v2/lexer.go:635.2,637.12 3 1
github.com/corentings/chess/v2/move.go:66.32,68.2 1 1
github.com/corentings/chess/v2/move.go:71.28,73.2 1 1
github.com/corentings/chess/v2/move.go:76.28,78.2 1 1
github.com/corentings/chess/v2/move.go:81.34,83.2 1 1
github.com/corentings/chess/v2/move.go:86.41,88.2 1 1
github.com/corentings/chess/v2/move.go:92.36,94.2 1 1
github.com/corentings/chess/v2/move.go:96.54,97.49 1 1
github.com/corentings/chess/v2/move.go:97.49,99.46 2 1
github.com/corentings/chess/v2/move.go:99.46,101.54 2 1
github.com/corentings/chess/v2/move.go:101.54,103.5 1 1
github.com/corentings/chess/v2/move.go:107.2,107.22 1 1
github.com/corentings/chess/v2/move.go:107.22,110.3 2 1
github.com/corentings/chess/v2/move.go:111.2,112.18 2 1
github.com/corentings/chess/v2/move.go:115.46,116.22 1 1
github.com/corentings/chess/v2/move.go:116.22,118.3 1 1
github.com/corentings/chess/v2/move.go:119.2,121.27 2 1
github.com/corentings/chess/v2/move.go:121.27,124.3 2 1
github.com/corentings/chess/v2/move.go:126.2,127.70 2 1
github.com/corentings/chess/v2/move.go:127.70,128.84 1 1
github.com/corentings/chess/v2/move.go:128.84,130.54 2 1
github.com/corentings/chess/v2/move.go:130.54,133.5 2 1
github.com/corentings/chess/v2/move.go:137.2,137.31 1 1
github.com/corentings/chess/v2/move.go:137.31,139.3 1 0
github.com/corentings/chess/v2/move.go:140.2,145.4 2 1
github.com/corentings/chess/v2/move.go:148.43,153.40 5 1
github.com/corentings/chess/v2/move.go:153.40,155.3 1 1
github.com/corentings/chess/v2/move.go:158.43,159.27 1 1
github.com/corentings/chess/v2/move.go:159.27,163.3 3 1
github.com/corentings/chess/v2/move.go:165.2,166.31 2 1
github.com/corentings/chess/v2/move.go:166.31,170.3 3 1
github.com/corentings/chess/v2/move.go:172.2,173.66 2 1
github.com/corentings/chess/v2/move.go:173.66,175.31 2 1
github.com/corentings/chess/v2/move.go:175.31,179.4 3 1
github.com/corentings/chess/v2/move.go:181.2,182.37 2 1
github.com/corentings/chess/v2/move.go:185.34,186.30 1 1
github.com/corentings/chess/v2/move.go:186.30,188.3 1 1
github.com/corentings/chess/v2/move.go:189.2,189.19 1 1
github.com/corentings/chess/v2/move.go:193.47,196.40 3 1
github.com/corentings/chess/v2/move.go:196.40,198.3 1 1
github.com/corentings/chess/v2/move.go:199.2,199.15 1 1
github.com/corentings/chess/v2/move.go:202.29,204.2 1 1
github.com/corentings/chess/v2/move.go:206.35,208.2 1 1
github.com/corentings/chess/v2/move.go:210.31,212.2 1 1
github.com/corentings/chess/v2/move.go:214.37,216.2 1 1
github.com/corentings/chess/v2/move.go:218.35,220.2 1 1
github.com/corentings/chess/v2/move.go:222.29,224.14 2 1
github.com/corentings/chess/v2/move.go:224.14,226.3 1 1
github.com/corentings/chess/v2/move.go:228.2,228.12 1 1
github.com/corentings/chess/v2/move.go:232.37,234.2 1 1
github.com/corentings/chess/v2/move.go:237.26,238.14 1 1
github.com/corentings/chess/v2/move.go:238.14,240.3 1 1
github.com/corentings/chess/v2/move.go:241.2,241.23 1 1
github.com/corentings/chess/v2/move.go:241.23,243.3 1 1
github.com/corentings/chess/v2/move.go:244.2,246.30 2 1
github.com/corentings/chess/v2/move.go:246.30,249.3 1 1
github.com/corentings/chess/v2/move.go:251.2,251.27 1 1
github.com/corentings/chess/v2/move.go:260.30,276.30 15 1
github.com/corentings/chess/v2/move.go:276.30,278.3 1 1
github.com/corentings/chess/v2/move.go:280.2,280.12 1 1
github.com/corentings/chess/v2/move.go:283.52,284.27 1 1
github.com/corentings/chess/v2/move.go:284.27,286.3 1 1
github.com/corentings/chess/v2/move.go:287.2,289.37 3 1
github.com/corentings/chess/v2/move.go:292.38,294.2 1 1
github.com/corentings/chess/v2/move.go:296.50,299.40 3 1
github.com/corentings/chess/v2/move.go:299.40,300.36 1 1
github.com/corentings/chess/v2/move.go:300.36,301.35 1 1
github.com/corentings/chess/v2/move.go:301.35,303.5 1 1
github.com/corentings/chess/v2/move.go:306.2,306.25 1 1
github.com/corentings/chess/v2/move.go:306.25,308.3 1 1
github.com/corentings/chess/v2/move.go:311.48,312.75 1 1
github.com/corentings/chess/v2/move.go:312.75,314.3 1 1
github.com/corentings/chess/v2/move.go:316.2,317.22 2 1
github.com/corentings/chess/v2/move.go:317.22,319.3 1 1
github.com/corentings/chess/v2/move.go:320.2,320.51 1 1
github.com/corentings/chess/v2/move.go:320.51,322.3 1 1
github.com/corentings/chess/v2/move.go:323.2,323.41 1 1
github.com/corentings/chess/v2/move.go:326.44,328.2 1 1
github.com/corentings/chess/v2/move.go:330.82,332.22 2 1
github.com/corentings/chess/v2/move.go:332.22,334.3 1 1
github.com/corentings/chess/v2/move.go:335.2,335.50 1 1
github.com/corentings/chess/v2/move.go:335.50,337.3 1 1
github.com/corentings/chess/v2/move.go:338.2,338.27 1 1
github.com/corentings/chess/v2/move.go:338.27,341.3 2 1
github.com/corentings/chess/v2/move.go:342.2,342.41 1 1
[...]
github.com/corentings/chess/v2/position.go:51.59,53.23 2 1
github.com/corentings/chess/v2/position.go:53.23,55.3 1 1
github.com/corentings/chess/v2/position.go:56.2,56.16 1 1
github.com/corentings/chess/v2/position.go:56.16,58.3 1 1
github.com/corentings/chess/v2/position.go:59.2,59.43 1 1
github.com/corentings/chess/v2/position.go:64.40,66.2 1 1
github.com/corentings/chess/v2/position.go:88.35,91.2 2 1
github.com/corentings/chess/v2/position.go:101.48,103.23 2 1
github.com/corentings/chess/v2/position.go:103.23,105.3 1 1
github.com/corentings/chess/v2/position.go:107.2,107.14 1 1
github.com/corentings/chess/v2/position.go:107.14,117.3 1 1
github.com/corentings/chess/v2/position.go:119.2,122.43 4 1
github.com/corentings/chess/v2/position.go:122.43,124.3 1 1
github.com/corentings/chess/v2/position.go:124.8,126.3 1 1
github.com/corentings/chess/v2/position.go:127.2,137.3 3 1
github.com/corentings/chess/v2/position.go:143.42,144.27 1 1
github.com/corentings/chess/v2/position.go:144.27,146.3 1 1
github.com/corentings/chess/v2/position.go:147.2,148.47 2 1
github.com/corentings/chess/v2/position.go:153.43,155.2 1 1
github.com/corentings/chess/v2/position.go:159.38,161.2 1 1
github.com/corentings/chess/v2/position.go:164.37,166.2 1 1
github.com/corentings/chess/v2/position.go:169.35,171.2 1 1
github.com/corentings/chess/v2/position.go:174.45,177.2 2 0
github.com/corentings/chess/v2/position.go:180.42,182.2 1 0
github.com/corentings/chess/v2/position.go:185.47,187.2 1 0
github.com/corentings/chess/v2/position.go:190.50,192.2 1 0
github.com/corentings/chess/v2/position.go:195.32,196.16 1 1
github.com/corentings/chess/v2/position.go:196.16,198.3 1 0
github.com/corentings/chess/v2/position.go:199.2,199.24 1 1
github.com/corentings/chess/v2/position.go:199.24,201.3 1 1
github.com/corentings/chess/v2/position.go:203.2,203.23 1 1
github.com/corentings/chess/v2/position.go:203.23,205.3 1 1
github.com/corentings/chess/v2/position.go:205.8,207.3 1 1
github.com/corentings/chess/v2/position.go:212.38,217.37 5 1
github.com/corentings/chess/v2/position.go:217.37,219.3 1 1
github.com/corentings/chess/v2/position.go:220.2,220.88 1 1
github.com/corentings/chess/v2/position.go:225.42,230.37 5 1
github.com/corentings/chess/v2/position.go:230.37,233.24 2 1
github.com/corentings/chess/v2/position.go:233.24,235.4 1 1
github.com/corentings/chess/v2/position.go:235.9,237.4 1 1
github.com/corentings/chess/v2/position.go:239.3,242.40 3 1
github.com/corentings/chess/v2/position.go:242.40,243.30 1 1
github.com/corentings/chess/v2/position.go:243.30,244.13 1 1
github.com/corentings/chess/v2/position.go:247.4,249.32 3 1
github.com/corentings/chess/v2/position.go:249.32,250.13 1 1
github.com/corentings/chess/v2/position.go:252.4,252.36 1 1
github.com/corentings/chess/v2/position.go:252.36,253.13 1 0
github.com/corentings/chess/v2/position.go:255.4,255.41 1 1
github.com/corentings/chess/v2/position.go:255.41,257.10 2 1
github.com/corentings/chess/v2/position.go:261.2,261.88 1 1
github.com/corentings/chess/v2/position.go:265.38,268.2 2 1
github.com/corentings/chess/v2/position.go:272.52,274.2 1 0
github.com/corentings/chess/v2/position.go:278.55,280.16 2 0
github.com/corentings/chess/v2/position.go:280.16,282.3 1 0
github.com/corentings/chess/v2/position.go:283.2,290.12 8 0
github.com/corentings/chess/v2/position.go:303.54,305.16 2 1
github.com/corentings/chess/v2/position.go:305.16,307.3 1 0
github.com/corentings/chess/v2/position.go:308.2,309.85 2 1
github.com/corentings/chess/v2/position.go:309.85,311.3 1 0
github.com/corentings/chess/v2/position.go:312.2,312.82 1 1
github.com/corentings/chess/v2/position.go:312.82,314.3 1 0
github.com/corentings/chess/v2/position.go:315.2,315.80 1 1
github.com/corentings/chess/v2/position.go:315.80,317.3 1 0
github.com/corentings/chess/v2/position.go:318.2,319.49 2 1
github.com/corentings/chess/v2/position.go:319.49,321.3 1 1
github.com/corentings/chess/v2/position.go:322.2,322.50 1 1
github.com/corentings/chess/v2/position.go:322.50,324.3 1 1
github.com/corentings/chess/v2/position.go:325.2,325.49 1 1
github.com/corentings/chess/v2/position.go:325.49,327.3 1 1
github.com/corentings/chess/v2/position.go:328.2,328.50 1 1
github.com/corentings/chess/v2/position.go:328.50,330.3 1 1
github.com/corentings/chess/v2/position.go:331.2,331.23 1 1
github.com/corentings/chess/v2/position.go:331.23,333.3 1 1
github.com/corentings/chess/v2/position.go:334.2,334.37 1 1
github.com/corentings/chess/v2/position.go:334.37,336.3 1 1
github.com/corentings/chess/v2/position.go:337.2,337.62 1 1
github.com/corentings/chess/v2/position.go:337.62,339.3 1 0
github.com/corentings/chess/v2/position.go:340.2,340.25 1 1
github.com/corentings/chess/v2/position.go:344.57,346.23 2 1
github.com/corentings/chess/v2/position.go:346.23,348.3 1 0
github.com/corentings/chess/v2/position.go:349.2,350.57 2 1
github.com/corentings/chess/v2/position.go:350.57,352.3 1 0
github.com/corentings/chess/v2/position.go:353.2,356.70 4 1
github.com/corentings/chess/v2/position.go:356.70,358.3 1 0
github.com/corentings/chess/v2/position.go:359.2,361.71 3 1
github.com/corentings/chess/v2/position.go:361.71,363.3 1 0
github.com/corentings/chess/v2/position.go:364.2,365.81 2 1
github.com/corentings/chess/v2/position.go:365.81,367.3 1 0
github.com/corentings/chess/v2/position.go:368.2,369.63 2 1
github.com/corentings/chess/v2/position.go:369.63,371.3 1 0
github.com/corentings/chess/v2/position.go:372.2,374.32 3 1
github.com/corentings/chess/v2/position.go:374.32,376.3 1 1
github.com/corentings/chess/v2/position.go:377.2,377.33 1 1
github.com/corentings/chess/v2/position.go:377.33,379.3 1 1
github.com/corentings/chess/v2/position.go:380.2,380.32 1 1
github.com/corentings/chess/v2/position.go:380.32,382.3 1 1
github.com/corentings/chess/v2/position.go:383.2,383.33 1 1
github.com/corentings/chess/v2/position.go:383.33,385.3 1 1
github.com/corentings/chess/v2/position.go:386.2,386.28 1 1
github.com/corentings/chess/v2/position.go:386.28,388.3 1 1
github.com/corentings/chess/v2/position.go:389.2,389.21 1 1
github.com/corentings/chess/v2/position.go:389.21,391.3 1 1
github.com/corentings/chess/v2/position.go:392.2,392.29 1 1
github.com/corentings/chess/v2/position.go:392.29,394.3 1 1
github.com/corentings/chess/v2/position.go:395.2,396.12 2 1
github.com/corentings/chess/v2/position.go:399.39,409.2 1 1
github.com/corentings/chess/v2/position.go:411.63,414.48 3 1
github.com/corentings/chess/v2/position.go:414.48,416.3 1 1
github.com/corentings/chess/v2/position.go:417.2,417.48 1 1
github.com/corentings/chess/v2/position.go:417.48,419.3 1 1
github.com/corentings/chess/v2/position.go:420.2,420.48 1 1
github.com/corentings/chess/v2/position.go:420.48,422.3 1 1
github.com/corentings/chess/v2/position.go:423.2,423.48 1 1
github.com/corentings/chess/v2/position.go:423.48,425.3 1 1
github.com/corentings/chess/v2/position.go:426.2,426.14 1 1
github.com/corentings/chess/v2/position.go:426.14,428.3 1 1
github.com/corentings/chess/v2/position.go:429.2,429.25 1 1
github.com/corentings/chess/v2/position.go:432.60,435.22 3 1
github.com/corentings/chess/v2/position.go:435.22,437.3 1 1
github.com/corentings/chess/v2/position.go:438.2,440.36 1 1
github.com/corentings/chess/v2/position.go:440.36,442.3 1 1
github.com/corentings/chess/v2/position.go:442.8,444.36 1 1
github.com/corentings/chess/v2/position.go:444.36,446.3 1 1
github.com/corentings/chess/v2/position.go:447.2,447.17 1 1
github.com/corentings/chess/v2/position.go:455.56,460.2 1 1
github.com/corentings/chess/v2/position.go:466.55,467.37 1 1
github.com/corentings/chess/v2/position.go:467.37,469.3 1 1
github.com/corentings/chess/v2/position.go:477.2,482.21 5 1
github.com/corentings/chess/v2/position.go:482.21,485.3 2 1
github.com/corentings/chess/v2/position.go:485.8,488.3 2 1
github.com/corentings/chess/v2/position.go:491.2,491.20 1 1
github.com/corentings/chess/v2/position.go:491.20,493.43 2 1
github.com/corentings/chess/v2/position.go:493.43,495.4 1 1
github.com/corentings/chess/v2/position.go:497.2,497.20 1 1
github.com/corentings/chess/v2/position.go:497.20,499.43 2 1
github.com/corentings/chess/v2/position.go:499.43,501.4 1 1
github.com/corentings/chess/v2/position.go:504.2,504.17 1 1
github.com/corentings/chess/v2/scanner.go:48.55,49.17 1 1
github.com/corentings/chess/v2/scanner.go:49.17,51.3 1 0
github.com/corentings/chess/v2/scanner.go:53.2,56.6 3 1
github.com/corentings/chess/v2/scanner.go:56.6,58.24 2 1
github.com/corentings/chess/v2/scanner.go:58.24,59.9 1 1
github.com/corentings/chess/v2/scanner.go:61.3,61.33 1 1
github.com/corentings/chess/v2/scanner.go:64.2,64.20 1 1
github.com/corentings/chess/v2/scanner.go:83.43,84.26 1 1
github.com/corentings/chess/v2/scanner.go:84.26,86.3 1 1
github.com/corentings/chess/v2/scanner.go:100.62,109.27 4 1
github.com/corentings/chess/v2/scanner.go:109.27,111.3 1 1
github.com/corentings/chess/v2/scanner.go:113.2,113.12 1 1
github.com/corentings/chess/v2/scanner.go:126.52,128.23 1 1
github.com/corentings/chess/v2/scanner.go:128.23,132.3 3 1
github.com/corentings/chess/v2/scanner.go:135.2,135.22 1 1
github.com/corentings/chess/v2/scanner.go:135.22,137.3 1 1
github.com/corentings/chess/v2/scanner.go:140.2,140.40 1 1
github.com/corentings/chess/v2/scanner.go:140.40,142.3 1 0
github.com/corentings/chess/v2/scanner.go:143.2,143.20 1 1
github.com/corentings/chess/v2/scanner.go:155.34,157.53 1 1
github.com/corentings/chess/v2/scanner.go:157.53,159.3 1 1
github.com/corentings/chess/v2/scanner.go:162.2,162.22 1 1
github.com/corentings/chess/v2/scanner.go:162.22,166.3 2 1
github.com/corentings/chess/v2/scanner.go:169.2,170.14 2 1
github.com/corentings/chess/v2/scanner.go:183.46,184.32 1 1
github.com/corentings/chess/v2/scanner.go:184.32,188.3 3 1
github.com/corentings/chess/v2/scanner.go:190.2,191.16 2 1
github.com/corentings/chess/v2/scanner.go:191.16,193.3 1 0
github.com/corentings/chess/v2/scanner.go:194.2,195.16 2 1
github.com/corentings/chess/v2/scanner.go:195.16,197.3 1 0
github.com/corentings/chess/v2/scanner.go:198.2,200.16 3 1
github.com/corentings/chess/v2/scanner.go:200.16,202.3 1 0
github.com/corentings/chess/v2/scanner.go:203.2,203.30 1 1
github.com/corentings/chess/v2/scanner.go:203.30,205.3 1 1
github.com/corentings/chess/v2/scanner.go:207.2,209.28 3 1
github.com/corentings/chess/v2/scanner.go:213.66,216.24 2 1
github.com/corentings/chess/v2/scanner.go:216.24,218.3 1 1
github.com/corentings/chess/v2/scanner.go:221.2,222.17 2 1
github.com/corentings/chess/v2/scanner.go:222.17,224.3 1 1
github.com/corentings/chess/v2/scanner.go:227.2,227.47 1 1
github.com/corentings/chess/v2/scanner.go:231.45,233.35 2 1
github.com/corentings/chess/v2/scanner.go:233.35,234.33 1 1
github.com/corentings/chess/v2/scanner.go:234.33,235.9 1 1
github.com/corentings/chess/v2/scanner.go:238.2,238.14 1 1
github.com/corentings/chess/v2/scanner.go:242.62,243.11 1 1
github.com/corentings/chess/v2/scanner.go:243.11,245.3 1 1
github.com/corentings/chess/v2/scanner.go:246.2,246.20 1 0
github.com/corentings/chess/v2/scanner.go:250.60,252.45 1 1
github.com/corentings/chess/v2/scanner.go:252.45,254.16 2 1
github.com/corentings/chess/v2/scanner.go:254.16,256.4 1 1
github.com/corentings/chess/v2/scanner.go:257.3,257.15 1 0
github.com/corentings/chess/v2/scanner.go:259.2,259.14 1 1
github.com/corentings/chess/v2/scanner.go:263.67,265.45 1 1
github.com/corentings/chess/v2/scanner.go:265.45,268.44 2 1
github.com/corentings/chess/v2/scanner.go:268.44,269.13 1 1
github.com/corentings/chess/v2/scanner.go:269.13,271.5 1 1
github.com/corentings/chess/v2/scanner.go:272.4,272.13 1 1
github.com/corentings/chess/v2/scanner.go:274.3,274.15 1 0
github.com/corentings/chess/v2/scanner.go:277.2,277.14 1 1
github.com/corentings/chess/v2/scanner.go:281.82,287.36 4 1
github.com/corentings/chess/v2/scanner.go:287.36,293.66 3 1
github.com/corentings/chess/v2/scanner.go:293.66,295.22 2 1
github.com/corentings/chess/v2/scanner.go:295.22,298.5 1 1
github.com/corentings/chess/v2/scanner.go:302.3,302.48 1 1
github.com/corentings/chess/v2/scanner.go:302.48,304.4 1 1
github.com/corentings/chess/v2/scanner.go:308.2,308.45 1 1
github.com/corentings/chess/v2/scanner.go:308.45,310.3 1 1
github.com/corentings/chess/v2/scanner.go:312.2,312.26 1 1
github.com/corentings/chess/v2/scanner.go:312.26,314.3 1 1
github.com/corentings/chess/v2/scanner.go:317.2,317.54 1 1
github.com/corentings/chess/v2/scanner.go:321.72,322.29 1 1
github.com/corentings/chess/v2/scanner.go:322.29,324.3 1 1
github.com/corentings/chess/v2/scanner.go:324.8,324.36 1 1
github.com/corentings/chess/v2/scanner.go:324.36,326.3 1 1
github.com/corentings/chess/v2/scanner.go:327.2,327.19 1 1
github.com/corentings/chess/v2/scanner.go:331.55,332.15 1 1
github.com/corentings/chess/v2/scanner.go:332.15,334.3 1 1
github.com/corentings/chess/v2/scanner.go:334.8,334.35 1 1
github.com/corentings/chess/v2/scanner.go:334.35,336.3 1 1
github.com/corentings/chess/v2/scanner.go:337.2,337.18 1 1
github.com/corentings/chess/v2/scanner.go:341.41,343.20 2 1
github.com/corentings/chess/v2/scanner.go:343.20,345.3 1 1
github.com/corentings/chess/v2/scanner.go:346.2,346.11 1 1
github.com/corentings/chess/v2/scanner.go:350.53,354.30 3 1
github.com/corentings/chess/v2/scanner.go:354.30,355.10 1 1
github.com/corentings/chess/v2/scanner.go:356.49,357.18 1 1
github.com/corentings/chess/v2/scanner.go:358.49,359.18 1 1
github.com/corentings/chess/v2/scanner.go:360.88,361.18 1 1
github.com/corentings/chess/v2/scanner.go:362.23,363.18 1 1
github.com/corentings/chess/v2/scanner.go:364.11,365.9 1 1
github.com/corentings/chess/v2/scanner.go:368.2,368.18 1 1
github.com/corentings/chess/v2/square.go:12.30,14.2 1 1
github.com/corentings/chess/v2/square.go:17.30,19.2 1 1
github.com/corentings/chess/v2/square.go:21.34,23.2 1 1
github.com/corentings/chess/v2/square.go:25.33,27.2 1 1
github.com/corentings/chess/v2/square.go:30.39,32.2 1 1
github.com/corentings/chess/v2/square.go:34.32,35.32 1 1
github.com/corentings/chess/v2/square.go:35.32,37.3 1 1
github.com/corentings/chess/v2/square.go:38.2,38.14 1 1
github.com/corentings/chess/v2/square.go:128.31,130.2 1 1
github.com/corentings/chess/v2/square.go:132.27,134.2 1 1
github.com/corentings/chess/v2/square.go:150.31,152.2 1 1
github.com/corentings/chess/v2/square.go:154.27,156.2 1 1
github.com/corentings/chess/v2/stringer.go:11.33,12.39 1 0
github.com/corentings/chess/v2/stringer.go:12.39,14.3 1 0
github.com/corentings/chess/v2/stringer.go:15.2,15.58 1 0
github.com/corentings/chess/v2/utils.go:3.29,5.2 1 1
github.com/corentings/chess/v2/utils.go:7.28,9.2 1 1
github.com/corentings/chess/v2/utils.go:11.33,13.2 1 1
github.com/corentings/chess/v2/utils.go:15.30,17.2 1 1
github.com/corentings/chess/v2/utils.go:20.27,22.2 1 1
github.com/corentings/chess/v2/utils.go:24.35,26.2 1 1
github.com/corentings/chess/v2/utils.go:29.27,31.2 1 1
github.com/corentings/chess/v2/utils.go:33.27,35.2 1 1
github.com/corentings/chess/v2/zobrist.go:26.38,33.2 1 0
github.com/corentings/chess/v2/zobrist.go:36.40,43.2 1 1
github.com/corentings/chess/v2/zobrist.go:46.36,48.19 1 1
github.com/corentings/chess/v2/zobrist.go:48.19,50.3 1 0
github.com/corentings/chess/v2/zobrist.go:53.2,55.16 3 1
github.com/corentings/chess/v2/zobrist.go:55.16,57.3 1 0
github.com/corentings/chess/v2/zobrist.go:59.2,59.15 1 1
github.com/corentings/chess/v2/zobrist.go:63.37,65.2 1 1
github.com/corentings/chess/v2/zobrist.go:67.27,69.21 2 1
github.com/corentings/chess/v2/zobrist.go:69.21,71.3 1 0
github.com/corentings/chess/v2/zobrist.go:72.2,72.30 1 1
github.com/corentings/chess/v2/zobrist.go:72.30,74.3 1 1
github.com/corentings/chess/v2/zobrist.go:77.36,79.21 2 0
github.com/corentings/chess/v2/zobrist.go:79.21,81.3 1 0
github.com/corentings/chess/v2/zobrist.go:82.2,82.23 1 0
github.com/corentings/chess/v2/zobrist.go:82.23,83.35 1 0
github.com/corentings/chess/v2/zobrist.go:85.2,85.30 1 0
github.com/corentings/chess/v2/zobrist.go:85.30,87.3 1 0
github.com/corentings/chess/v2/zobrist.go:91.53,97.2 2 1
github.com/corentings/chess/v2/zobrist.go:100.51,101.14 1 1
github.com/corentings/chess/v2/zobrist.go:101.14,103.3 1 1
github.com/corentings/chess/v2/zobrist.go:105.2,105.17 1 1
github.com/corentings/chess/v2/zobrist.go:105.17,108.3 2 1
github.com/corentings/chess/v2/zobrist.go:110.2,113.50 3 1
github.com/corentings/chess/v2/zobrist.go:113.50,116.3 2 0
github.com/corentings/chess/v2/zobrist.go:118.2,119.25 2 1
github.com/corentings/chess/v2/zobrist.go:123.63,124.20 1 1
github.com/corentings/chess/v2/zobrist.go:124.20,126.3 1 1
github.com/corentings/chess/v2/zobrist.go:127.2,127.12 1 1
github.com/corentings/chess/v2/zobrist.go:131.64,132.14 1 1
github.com/corentings/chess/v2/zobrist.go:132.14,134.3 1 1
github.com/corentings/chess/v2/zobrist.go:136.2,136.30 1 1
github.com/corentings/chess/v2/zobrist.go:136.30,138.3 1 1
github.com/corentings/chess/v2/zobrist.go:139.2,139.30 1 1
github.com/corentings/chess/v2/zobrist.go:139.30,141.3 1 1
github.com/corentings/chess/v2/zobrist.go:142.2,142.30 1 1
github.com/corentings/chess/v2/zobrist.go:142.30,144.3 1 1
github.com/corentings/chess/v2/zobrist.go:145.2,145.30 1 1
github.com/corentings/chess/v2/zobrist.go:145.30,147.3 1 1
github.com/corentings/chess/v2/zobrist.go:149.2,149.12 1 1
github.com/corentings/chess/v2/zobrist.go:153.62,155.21 2 1
github.com/corentings/chess/v2/zobrist.go:155.21,158.3 2 1
github.com/corentings/chess/v2/zobrist.go:160.2,160.25 1 1
github.com/corentings/chess/v2/zobrist.go:160.25,163.38 3 1
github.com/corentings/chess/v2/zobrist.go:163.38,165.17 2 1
github.com/corentings/chess/v2/zobrist.go:166.13,168.97 2 1
github.com/corentings/chess/v2/zobrist.go:168.97,170.6 1 0
github.com/corentings/chess/v2/zobrist.go:171.5,171.97 1 1
github.com/corentings/chess/v2/zobrist.go:171.97,173.6 1 0
github.com/corentings/chess/v2/zobrist.go:174.5,174.11 1 1
github.com/corentings/chess/v2/zobrist.go:175.13,177.97 2 1
github.com/corentings/chess/v2/zobrist.go:177.97,179.6 1 0
github.com/corentings/chess/v2/zobrist.go:180.5,180.97 1 1
github.com/corentings/chess/v2/zobrist.go:180.97,182.6 1 0
github.com/corentings/chess/v2/zobrist.go:183.5,183.11 1 1
github.com/corentings/chess/v2/zobrist.go:184.13,186.11 2 1
github.com/corentings/chess/v2/zobrist.go:187.13,189.11 2 1
github.com/corentings/chess/v2/zobrist.go:190.13,192.11 2 1
github.com/corentings/chess/v2/zobrist.go:193.13,195.11 2 1
github.com/corentings/chess/v2/zobrist.go:196.13,198.11 2 1
github.com/corentings/chess/v2/zobrist.go:199.13,201.11 2 1
github.com/corentings/chess/v2/zobrist.go:202.13,204.11 2 1
github.com/corentings/chess/v2/zobrist.go:205.13,207.11 2 1
github.com/corentings/chess/v2/zobrist.go:208.13,210.11 2 1
github.com/corentings/chess/v2/zobrist.go:211.13,213.11 2 1
github.com/corentings/chess/v2/zobrist.go:214.48,215.29 1 1
github.com/corentings/chess/v2/zobrist.go:216.12,218.15 2 0
github.com/corentings/chess/v2/zobrist.go:221.3,221.16 1 1
github.com/corentings/chess/v2/zobrist.go:221.16,223.4 1 1
github.com/corentings/chess/v2/zobrist.go:225.2,225.12 1 1
github.com/corentings/chess/v2/zobrist.go:229.67,237.20 6 1
github.com/corentings/chess/v2/zobrist.go:237.20,239.3 1 1
github.com/corentings/chess/v2/zobrist.go:241.2,244.61 2 1
github.com/corentings/chess/v2/zobrist.go:244.61,246.3 1 0
github.com/corentings/chess/v2/zobrist.go:248.2,248.23 1 1
github.com/corentings/chess/v2/zobrist.go:248.23,250.3 1 0
github.com/corentings/chess/v2/zobrist.go:252.2,258.19 5 1
github.com/corentings/chess/v2/zobrist.go:258.19,260.3 1 0
github.com/corentings/chess/v2/zobrist.go:262.2,265.17 3 1
github.com/corentings/chess/v2/zobrist.go:265.17,267.3 1 1
github.com/corentings/chess/v2/zobrist.go:269.2,269.35 1 1
github.com/corentings/chess/v2/zobrist.go:272.46,274.21 1 1
github.com/corentings/chess/v2/zobrist.go:274.21,276.3 1 1
github.com/corentings/chess/v2/zobrist.go:279.2,280.16 2 1
github.com/corentings/chess/v2/zobrist.go:280.16,282.3 1 0
github.com/corentings/chess/v2/zobrist.go:284.2,284.15 1 1
